[1.508s] Invoking command in '/home/sreeja/dev_ws/build/gazebo_ros2_control': CMAKE_PREFIX_PATH=/opt/ros/foxy /usr/bin/cmake --build /home/sreeja/dev_ws/build/gazebo_ros2_control -- -j4 -l4
[1.716s] [ 50%] Built target gazebo_hardware_plugins
[1.733s] [100%] Built target gazebo_ros2_control
[1.782s] Invoked command in '/home/sreeja/dev_ws/build/gazebo_ros2_control' returned '0': CMAKE_PREFIX_PATH=/opt/ros/foxy /usr/bin/cmake --build /home/sreeja/dev_ws/build/gazebo_ros2_control -- -j4 -l4
[2.286s] Invoking command in '/home/sreeja/dev_ws/build/gazebo_ros2_control': CMAKE_PREFIX_PATH=/opt/ros/foxy /usr/bin/cmake --install /home/sreeja/dev_ws/build/gazebo_ros2_control
[2.299s] -- Install configuration: ""
[2.300s] -- Execute custom install script
[2.301s] -- Up-to-date symlink: /home/sreeja/dev_ws/install/gazebo_ros2_control/lib/libgazebo_ros2_control.so
[2.301s] -- Up-to-date symlink: /home/sreeja/dev_ws/install/gazebo_ros2_control/lib/libgazebo_hardware_plugins.so
[2.303s] -- Up-to-date symlink: /home/sreeja/dev_ws/install/gazebo_ros2_control/share/gazebo_ros2_control/environment/library_path.sh
[2.304s] -- Up-to-date symlink: /home/sreeja/dev_ws/install/gazebo_ros2_control/share/gazebo_ros2_control/environment/library_path.dsv
[2.304s] -- Up-to-date symlink: /home/sreeja/dev_ws/install/gazebo_ros2_control/include/gazebo_ros2_control/gazebo_ros2_control_plugin.hpp
[2.304s] -- Up-to-date symlink: /home/sreeja/dev_ws/install/gazebo_ros2_control/include/gazebo_ros2_control/gazebo_system.hpp
[2.304s] -- Up-to-date symlink: /home/sreeja/dev_ws/install/gazebo_ros2_control/include/gazebo_ros2_control/gazebo_system_interface.hpp
[2.305s] -- Up-to-date symlink: /home/sreeja/dev_ws/install/gazebo_ros2_control/share/gazebo_ros2_control//gazebo_hardware_plugins.xml
[2.305s] -- Up-to-date symlink: /home/sreeja/dev_ws/install/gazebo_ros2_control/share/ament_index/resource_index/package_run_dependencies/gazebo_ros2_control
[2.306s] -- Up-to-date symlink: /home/sreeja/dev_ws/install/gazebo_ros2_control/share/ament_index/resource_index/parent_prefix_path/gazebo_ros2_control
[2.309s] -- Up-to-date symlink: /home/sreeja/dev_ws/install/gazebo_ros2_control/share/gazebo_ros2_control/environment/ament_prefix_path.sh
[2.309s] -- Up-to-date symlink: /home/sreeja/dev_ws/install/gazebo_ros2_control/share/gazebo_ros2_control/environment/ament_prefix_path.dsv
[2.312s] -- Up-to-date symlink: /home/sreeja/dev_ws/install/gazebo_ros2_control/share/gazebo_ros2_control/environment/path.sh
[2.312s] -- Up-to-date symlink: /home/sreeja/dev_ws/install/gazebo_ros2_control/share/gazebo_ros2_control/environment/path.dsv
[2.313s] -- Up-to-date symlink: /home/sreeja/dev_ws/install/gazebo_ros2_control/share/gazebo_ros2_control/local_setup.bash
[2.314s] -- Up-to-date symlink: /home/sreeja/dev_ws/install/gazebo_ros2_control/share/gazebo_ros2_control/local_setup.sh
[2.314s] -- Up-to-date symlink: /home/sreeja/dev_ws/install/gazebo_ros2_control/share/gazebo_ros2_control/local_setup.zsh
[2.316s] -- Up-to-date symlink: /home/sreeja/dev_ws/install/gazebo_ros2_control/share/gazebo_ros2_control/local_setup.dsv
[2.316s] -- Symlinking: /home/sreeja/dev_ws/install/gazebo_ros2_control/share/gazebo_ros2_control/package.dsv
[2.327s] -- Up-to-date symlink: /home/sreeja/dev_ws/install/gazebo_ros2_control/share/ament_index/resource_index/packages/gazebo_ros2_control
[2.343s] -- Up-to-date symlink: /home/sreeja/dev_ws/install/gazebo_ros2_control/share/ament_index/resource_index/gazebo_ros2_control__pluginlib__plugin/gazebo_ros2_control
[2.343s] -- Up-to-date symlink: /home/sreeja/dev_ws/install/gazebo_ros2_control/share/gazebo_ros2_control/cmake/ament_cmake_export_include_directories-extras.cmake
[2.344s] -- Up-to-date symlink: /home/sreeja/dev_ws/install/gazebo_ros2_control/share/gazebo_ros2_control/cmake/ament_cmake_export_dependencies-extras.cmake
[2.345s] -- Up-to-date symlink: /home/sreeja/dev_ws/install/gazebo_ros2_control/share/gazebo_ros2_control/cmake/ament_cmake_export_libraries-extras.cmake
[2.348s] -- Up-to-date symlink: /home/sreeja/dev_ws/install/gazebo_ros2_control/share/gazebo_ros2_control/cmake/gazebo_ros2_controlConfig.cmake
[2.348s] -- Up-to-date symlink: /home/sreeja/dev_ws/install/gazebo_ros2_control/share/gazebo_ros2_control/cmake/gazebo_ros2_controlConfig-version.cmake
[2.348s] -- Up-to-date symlink: /home/sreeja/dev_ws/install/gazebo_ros2_control/share/gazebo_ros2_control/package.xml
[2.834s] Invoked command in '/home/sreeja/dev_ws/build/gazebo_ros2_control' returned '0': CMAKE_PREFIX_PATH=/opt/ros/foxy /usr/bin/cmake --install /home/sreeja/dev_ws/build/gazebo_ros2_control
