[0.743s] Invoking command in '/home/sreeja/dev_ws/build/serial_motor_demo_msgs': CMAKE_PREFIX_PATH=/opt/ros/foxy /usr/bin/cmake --build /home/sreeja/dev_ws/build/serial_motor_demo_msgs -- -j4 -l4
[0.814s] [  2%] Built target serial_motor_demo_msgs__cpp
[0.841s] [ 12%] Built target serial_motor_demo_msgs__rosidl_typesupport_fastrtps_cpp
[0.851s] [ 23%] Built target serial_motor_demo_msgs__rosidl_typesupport_cpp
[0.854s] [ 34%] Built target serial_motor_demo_msgs__rosidl_generator_c
[0.866s] [ 44%] Built target serial_motor_demo_msgs__rosidl_typesupport_introspection_cpp
[0.879s] [ 55%] Built target serial_motor_demo_msgs__rosidl_typesupport_introspection_c
[0.885s] [ 65%] Built target serial_motor_demo_msgs__rosidl_typesupport_c
[0.899s] [ 76%] Built target serial_motor_demo_msgs__rosidl_typesupport_fastrtps_c
[0.946s] [ 76%] Built target serial_motor_demo_msgs
[0.966s] [ 78%] Built target serial_motor_demo_msgs__py
[0.991s] [ 87%] Built target serial_motor_demo_msgs__python
[1.016s] [ 91%] Built target serial_motor_demo_msgs__rosidl_typesupport_introspection_c__pyext
[1.018s] [ 95%] Built target serial_motor_demo_msgs__rosidl_typesupport_fastrtps_c__pyext
[1.023s] [100%] Built target serial_motor_demo_msgs__rosidl_typesupport_c__pyext
[1.517s] Invoked command in '/home/sreeja/dev_ws/build/serial_motor_demo_msgs' returned '0': CMAKE_PREFIX_PATH=/opt/ros/foxy /usr/bin/cmake --build /home/sreeja/dev_ws/build/serial_motor_demo_msgs -- -j4 -l4
[2.255s] Invoking command in '/home/sreeja/dev_ws/build/serial_motor_demo_msgs': CMAKE_PREFIX_PATH=/opt/ros/foxy /usr/bin/cmake --install /home/sreeja/dev_ws/build/serial_motor_demo_msgs
[2.505s] -- Install configuration: ""
[2.505s] -- Execute custom install script
[2.505s] -- Up-to-date symlink: /home/sreeja/dev_ws/install/serial_motor_demo_msgs/share/ament_index/resource_index/rosidl_interfaces/serial_motor_demo_msgs
[2.505s] -- Up-to-date symlink: /home/sreeja/dev_ws/install/serial_motor_demo_msgs/include/serial_motor_demo_msgs/msg/detail/encoder_vals__functions.h
[2.505s] -- Up-to-date symlink: /home/sreeja/dev_ws/install/serial_motor_demo_msgs/include/serial_motor_demo_msgs/msg/detail/encoder_vals__struct.h
[2.505s] -- Up-to-date symlink: /home/sreeja/dev_ws/install/serial_motor_demo_msgs/include/serial_motor_demo_msgs/msg/detail/encoder_vals__type_support.h
[2.505s] -- Up-to-date symlink: /home/sreeja/dev_ws/install/serial_motor_demo_msgs/include/serial_motor_demo_msgs/msg/detail/motor_command__functions.h
[2.505s] -- Up-to-date symlink: /home/sreeja/dev_ws/install/serial_motor_demo_msgs/include/serial_motor_demo_msgs/msg/detail/motor_command__struct.h
[2.505s] -- Up-to-date symlink: /home/sreeja/dev_ws/install/serial_motor_demo_msgs/include/serial_motor_demo_msgs/msg/detail/motor_command__type_support.h
[2.505s] -- Up-to-date symlink: /home/sreeja/dev_ws/install/serial_motor_demo_msgs/include/serial_motor_demo_msgs/msg/detail/motor_vels__functions.h
[2.505s] -- Up-to-date symlink: /home/sreeja/dev_ws/install/serial_motor_demo_msgs/include/serial_motor_demo_msgs/msg/detail/motor_vels__struct.h
[2.505s] -- Up-to-date symlink: /home/sreeja/dev_ws/install/serial_motor_demo_msgs/include/serial_motor_demo_msgs/msg/detail/motor_vels__type_support.h
[2.505s] -- Up-to-date symlink: /home/sreeja/dev_ws/install/serial_motor_demo_msgs/include/serial_motor_demo_msgs/msg/encoder_vals.h
[2.506s] -- Up-to-date symlink: /home/sreeja/dev_ws/install/serial_motor_demo_msgs/include/serial_motor_demo_msgs/msg/motor_command.h
[2.506s] -- Up-to-date symlink: /home/sreeja/dev_ws/install/serial_motor_demo_msgs/include/serial_motor_demo_msgs/msg/motor_vels.h
[2.506s] -- Up-to-date symlink: /home/sreeja/dev_ws/install/serial_motor_demo_msgs/include/serial_motor_demo_msgs/msg/rosidl_generator_c__visibility_control.h
[2.506s] -- Up-to-date symlink: /home/sreeja/dev_ws/install/serial_motor_demo_msgs/share/serial_motor_demo_msgs/environment/library_path.sh
[2.506s] -- Up-to-date symlink: /home/sreeja/dev_ws/install/serial_motor_demo_msgs/share/serial_motor_demo_msgs/environment/library_path.dsv
[2.506s] -- Up-to-date symlink: /home/sreeja/dev_ws/install/serial_motor_demo_msgs/include/serial_motor_demo_msgs/msg/detail/encoder_vals__rosidl_typesupport_fastrtps_c.h
[2.506s] -- Up-to-date symlink: /home/sreeja/dev_ws/install/serial_motor_demo_msgs/include/serial_motor_demo_msgs/msg/detail/motor_command__rosidl_typesupport_fastrtps_c.h
[2.506s] -- Up-to-date symlink: /home/sreeja/dev_ws/install/serial_motor_demo_msgs/include/serial_motor_demo_msgs/msg/detail/motor_vels__rosidl_typesupport_fastrtps_c.h
[2.506s] -- Up-to-date symlink: /home/sreeja/dev_ws/install/serial_motor_demo_msgs/include/serial_motor_demo_msgs/msg/rosidl_typesupport_fastrtps_c__visibility_control.h
[2.506s] -- Up-to-date symlink: /home/sreeja/dev_ws/install/serial_motor_demo_msgs/lib/libserial_motor_demo_msgs__rosidl_typesupport_fastrtps_c.so
[2.506s] -- Up-to-date symlink: /home/sreeja/dev_ws/install/serial_motor_demo_msgs/include/serial_motor_demo_msgs/msg/detail/encoder_vals__rosidl_typesupport_fastrtps_cpp.hpp
[2.506s] -- Up-to-date symlink: /home/sreeja/dev_ws/install/serial_motor_demo_msgs/include/serial_motor_demo_msgs/msg/detail/motor_command__rosidl_typesupport_fastrtps_cpp.hpp
[2.506s] -- Up-to-date symlink: /home/sreeja/dev_ws/install/serial_motor_demo_msgs/include/serial_motor_demo_msgs/msg/detail/motor_vels__rosidl_typesupport_fastrtps_cpp.hpp
[2.507s] -- Up-to-date symlink: /home/sreeja/dev_ws/install/serial_motor_demo_msgs/include/serial_motor_demo_msgs/msg/rosidl_typesupport_fastrtps_cpp__visibility_control.h
[2.507s] -- Up-to-date symlink: /home/sreeja/dev_ws/install/serial_motor_demo_msgs/lib/libserial_motor_demo_msgs__rosidl_typesupport_fastrtps_cpp.so
[2.507s] -- Up-to-date symlink: /home/sreeja/dev_ws/install/serial_motor_demo_msgs/include/serial_motor_demo_msgs/msg/detail/encoder_vals__rosidl_typesupport_introspection_c.h
[2.507s] -- Up-to-date symlink: /home/sreeja/dev_ws/install/serial_motor_demo_msgs/include/serial_motor_demo_msgs/msg/detail/motor_command__rosidl_typesupport_introspection_c.h
[2.507s] -- Up-to-date symlink: /home/sreeja/dev_ws/install/serial_motor_demo_msgs/include/serial_motor_demo_msgs/msg/detail/motor_vels__rosidl_typesupport_introspection_c.h
[2.507s] -- Up-to-date symlink: /home/sreeja/dev_ws/install/serial_motor_demo_msgs/include/serial_motor_demo_msgs/msg/rosidl_typesupport_introspection_c__visibility_control.h
[2.507s] -- Up-to-date symlink: /home/sreeja/dev_ws/install/serial_motor_demo_msgs/include/serial_motor_demo_msgs/msg/detail/encoder_vals__builder.hpp
[2.507s] -- Up-to-date symlink: /home/sreeja/dev_ws/install/serial_motor_demo_msgs/include/serial_motor_demo_msgs/msg/detail/encoder_vals__struct.hpp
[2.507s] -- Up-to-date symlink: /home/sreeja/dev_ws/install/serial_motor_demo_msgs/include/serial_motor_demo_msgs/msg/detail/encoder_vals__traits.hpp
[2.507s] -- Up-to-date symlink: /home/sreeja/dev_ws/install/serial_motor_demo_msgs/include/serial_motor_demo_msgs/msg/detail/encoder_vals__type_support.hpp
[2.507s] -- Up-to-date symlink: /home/sreeja/dev_ws/install/serial_motor_demo_msgs/include/serial_motor_demo_msgs/msg/detail/motor_command__builder.hpp
[2.507s] -- Up-to-date symlink: /home/sreeja/dev_ws/install/serial_motor_demo_msgs/include/serial_motor_demo_msgs/msg/detail/motor_command__struct.hpp
[2.507s] -- Up-to-date symlink: /home/sreeja/dev_ws/install/serial_motor_demo_msgs/include/serial_motor_demo_msgs/msg/detail/motor_command__traits.hpp
[2.507s] -- Up-to-date symlink: /home/sreeja/dev_ws/install/serial_motor_demo_msgs/include/serial_motor_demo_msgs/msg/detail/motor_command__type_support.hpp
[2.507s] -- Up-to-date symlink: /home/sreeja/dev_ws/install/serial_motor_demo_msgs/include/serial_motor_demo_msgs/msg/detail/motor_vels__builder.hpp
[2.507s] -- Up-to-date symlink: /home/sreeja/dev_ws/install/serial_motor_demo_msgs/include/serial_motor_demo_msgs/msg/detail/motor_vels__struct.hpp
[2.507s] -- Up-to-date symlink: /home/sreeja/dev_ws/install/serial_motor_demo_msgs/include/serial_motor_demo_msgs/msg/detail/motor_vels__traits.hpp
[2.508s] -- Up-to-date symlink: /home/sreeja/dev_ws/install/serial_motor_demo_msgs/include/serial_motor_demo_msgs/msg/detail/motor_vels__type_support.hpp
[2.508s] -- Up-to-date symlink: /home/sreeja/dev_ws/install/serial_motor_demo_msgs/include/serial_motor_demo_msgs/msg/encoder_vals.hpp
[2.508s] -- Up-to-date symlink: /home/sreeja/dev_ws/install/serial_motor_demo_msgs/include/serial_motor_demo_msgs/msg/motor_command.hpp
[2.508s] -- Up-to-date symlink: /home/sreeja/dev_ws/install/serial_motor_demo_msgs/include/serial_motor_demo_msgs/msg/motor_vels.hpp
[2.508s] -- Up-to-date symlink: /home/sreeja/dev_ws/install/serial_motor_demo_msgs/include/serial_motor_demo_msgs/msg/rosidl_generator_cpp__visibility_control.hpp
[2.508s] -- Up-to-date symlink: /home/sreeja/dev_ws/install/serial_motor_demo_msgs/include/serial_motor_demo_msgs/msg/detail/encoder_vals__rosidl_typesupport_introspection_cpp.hpp
[2.508s] -- Up-to-date symlink: /home/sreeja/dev_ws/install/serial_motor_demo_msgs/include/serial_motor_demo_msgs/msg/detail/motor_command__rosidl_typesupport_introspection_cpp.hpp
[2.508s] -- Up-to-date symlink: /home/sreeja/dev_ws/install/serial_motor_demo_msgs/include/serial_motor_demo_msgs/msg/detail/motor_vels__rosidl_typesupport_introspection_cpp.hpp
[2.508s] -- Up-to-date symlink: /home/sreeja/dev_ws/install/serial_motor_demo_msgs/share/serial_motor_demo_msgs/environment/pythonpath.sh
[2.508s] -- Up-to-date symlink: /home/sreeja/dev_ws/install/serial_motor_demo_msgs/share/serial_motor_demo_msgs/environment/pythonpath.dsv
[2.508s] -- Up-to-date symlink: /home/sreeja/dev_ws/install/serial_motor_demo_msgs/lib/python3.8/site-packages/serial_motor_demo_msgs/__init__.py
[2.508s] -- Up-to-date symlink: /home/sreeja/dev_ws/install/serial_motor_demo_msgs/lib/python3.8/site-packages/serial_motor_demo_msgs/msg/__init__.py
[2.508s] -- Up-to-date symlink: /home/sreeja/dev_ws/install/serial_motor_demo_msgs/lib/python3.8/site-packages/serial_motor_demo_msgs/msg/_encoder_vals.py
[2.508s] -- Up-to-date symlink: /home/sreeja/dev_ws/install/serial_motor_demo_msgs/lib/python3.8/site-packages/serial_motor_demo_msgs/msg/_motor_command.py
[2.508s] -- Up-to-date symlink: /home/sreeja/dev_ws/install/serial_motor_demo_msgs/lib/python3.8/site-packages/serial_motor_demo_msgs/msg/_motor_vels.py
[2.508s] -- Up-to-date symlink: /home/sreeja/dev_ws/install/serial_motor_demo_msgs/lib/python3.8/site-packages/serial_motor_demo_msgs/serial_motor_demo_msgs_s__rosidl_typesupport_fastrtps_c.cpython-38-x86_64-linux-gnu.so
[2.508s] -- Up-to-date symlink: /home/sreeja/dev_ws/install/serial_motor_demo_msgs/lib/python3.8/site-packages/serial_motor_demo_msgs/serial_motor_demo_msgs_s__rosidl_typesupport_introspection_c.cpython-38-x86_64-linux-gnu.so
[2.508s] -- Up-to-date symlink: /home/sreeja/dev_ws/install/serial_motor_demo_msgs/lib/python3.8/site-packages/serial_motor_demo_msgs/serial_motor_demo_msgs_s__rosidl_typesupport_c.cpython-38-x86_64-linux-gnu.so
[2.509s] -- Up-to-date symlink: /home/sreeja/dev_ws/install/serial_motor_demo_msgs/lib/libserial_motor_demo_msgs__python.so
[2.509s] -- Up-to-date symlink: /home/sreeja/dev_ws/install/serial_motor_demo_msgs/share/serial_motor_demo_msgs/msg/MotorCommand.idl
[2.509s] -- Up-to-date symlink: /home/sreeja/dev_ws/install/serial_motor_demo_msgs/share/serial_motor_demo_msgs/msg/MotorVels.idl
[2.509s] -- Up-to-date symlink: /home/sreeja/dev_ws/install/serial_motor_demo_msgs/share/serial_motor_demo_msgs/msg/EncoderVals.idl
[2.509s] -- Up-to-date symlink: /home/sreeja/dev_ws/install/serial_motor_demo_msgs/share/serial_motor_demo_msgs/msg/MotorCommand.msg
[2.509s] -- Up-to-date symlink: /home/sreeja/dev_ws/install/serial_motor_demo_msgs/share/serial_motor_demo_msgs/msg/MotorVels.msg
[2.509s] -- Up-to-date symlink: /home/sreeja/dev_ws/install/serial_motor_demo_msgs/share/serial_motor_demo_msgs/msg/EncoderVals.msg
[2.509s] -- Up-to-date symlink: /home/sreeja/dev_ws/install/serial_motor_demo_msgs/share/ament_index/resource_index/package_run_dependencies/serial_motor_demo_msgs
[2.509s] -- Up-to-date symlink: /home/sreeja/dev_ws/install/serial_motor_demo_msgs/share/ament_index/resource_index/parent_prefix_path/serial_motor_demo_msgs
[2.509s] -- Up-to-date symlink: /home/sreeja/dev_ws/install/serial_motor_demo_msgs/share/serial_motor_demo_msgs/environment/ament_prefix_path.sh
[2.509s] -- Up-to-date symlink: /home/sreeja/dev_ws/install/serial_motor_demo_msgs/share/serial_motor_demo_msgs/environment/ament_prefix_path.dsv
[2.509s] -- Up-to-date symlink: /home/sreeja/dev_ws/install/serial_motor_demo_msgs/share/serial_motor_demo_msgs/environment/path.sh
[2.509s] -- Up-to-date symlink: /home/sreeja/dev_ws/install/serial_motor_demo_msgs/share/serial_motor_demo_msgs/environment/path.dsv
[2.509s] -- Up-to-date symlink: /home/sreeja/dev_ws/install/serial_motor_demo_msgs/share/serial_motor_demo_msgs/local_setup.bash
[2.509s] -- Up-to-date symlink: /home/sreeja/dev_ws/install/serial_motor_demo_msgs/share/serial_motor_demo_msgs/local_setup.sh
[2.509s] -- Up-to-date symlink: /home/sreeja/dev_ws/install/serial_motor_demo_msgs/share/serial_motor_demo_msgs/local_setup.zsh
[2.509s] -- Up-to-date symlink: /home/sreeja/dev_ws/install/serial_motor_demo_msgs/share/serial_motor_demo_msgs/local_setup.dsv
[2.509s] -- Symlinking: /home/sreeja/dev_ws/install/serial_motor_demo_msgs/share/serial_motor_demo_msgs/package.dsv
[2.509s] -- Up-to-date symlink: /home/sreeja/dev_ws/install/serial_motor_demo_msgs/share/ament_index/resource_index/packages/serial_motor_demo_msgs
[2.510s] -- Up-to-date symlink: /home/sreeja/dev_ws/install/serial_motor_demo_msgs/share/serial_motor_demo_msgs/cmake/rosidl_cmake-extras.cmake
[2.510s] -- Up-to-date symlink: /home/sreeja/dev_ws/install/serial_motor_demo_msgs/share/serial_motor_demo_msgs/cmake/ament_cmake_export_dependencies-extras.cmake
[2.510s] -- Up-to-date symlink: /home/sreeja/dev_ws/install/serial_motor_demo_msgs/share/serial_motor_demo_msgs/cmake/ament_cmake_export_libraries-extras.cmake
[2.510s] -- Up-to-date symlink: /home/sreeja/dev_ws/install/serial_motor_demo_msgs/share/serial_motor_demo_msgs/cmake/ament_cmake_export_targets-extras.cmake
[2.510s] -- Up-to-date symlink: /home/sreeja/dev_ws/install/serial_motor_demo_msgs/share/serial_motor_demo_msgs/cmake/ament_cmake_export_include_directories-extras.cmake
[2.510s] -- Up-to-date symlink: /home/sreeja/dev_ws/install/serial_motor_demo_msgs/share/serial_motor_demo_msgs/cmake/rosidl_cmake_export_typesupport_libraries-extras.cmake
[2.510s] -- Up-to-date symlink: /home/sreeja/dev_ws/install/serial_motor_demo_msgs/share/serial_motor_demo_msgs/cmake/rosidl_cmake_export_typesupport_targets-extras.cmake
[2.510s] -- Up-to-date symlink: /home/sreeja/dev_ws/install/serial_motor_demo_msgs/share/serial_motor_demo_msgs/cmake/serial_motor_demo_msgsConfig.cmake
[2.510s] -- Up-to-date symlink: /home/sreeja/dev_ws/install/serial_motor_demo_msgs/share/serial_motor_demo_msgs/cmake/serial_motor_demo_msgsConfig-version.cmake
[2.510s] -- Up-to-date symlink: /home/sreeja/dev_ws/install/serial_motor_demo_msgs/share/serial_motor_demo_msgs/package.xml
[2.510s] -- Up-to-date: /home/sreeja/dev_ws/install/serial_motor_demo_msgs/lib/libserial_motor_demo_msgs__rosidl_generator_c.so
[2.510s] -- Up-to-date: /home/sreeja/dev_ws/install/serial_motor_demo_msgs/lib/libserial_motor_demo_msgs__rosidl_typesupport_introspection_c.so
[2.510s] -- Up-to-date: /home/sreeja/dev_ws/install/serial_motor_demo_msgs/lib/libserial_motor_demo_msgs__rosidl_typesupport_c.so
[2.510s] -- Up-to-date: /home/sreeja/dev_ws/install/serial_motor_demo_msgs/lib/libserial_motor_demo_msgs__rosidl_typesupport_introspection_cpp.so
[2.510s] -- Up-to-date: /home/sreeja/dev_ws/install/serial_motor_demo_msgs/lib/libserial_motor_demo_msgs__rosidl_typesupport_cpp.so
[2.510s] -- Up-to-date: /home/sreeja/dev_ws/install/serial_motor_demo_msgs/share/serial_motor_demo_msgs/cmake/serial_motor_demo_msgs__rosidl_generator_cExport.cmake
[2.510s] -- Up-to-date: /home/sreeja/dev_ws/install/serial_motor_demo_msgs/share/serial_motor_demo_msgs/cmake/serial_motor_demo_msgs__rosidl_generator_cExport-noconfig.cmake
[2.510s] -- Up-to-date: /home/sreeja/dev_ws/install/serial_motor_demo_msgs/share/serial_motor_demo_msgs/cmake/serial_motor_demo_msgs__rosidl_typesupport_introspection_cExport.cmake
[2.511s] -- Up-to-date: /home/sreeja/dev_ws/install/serial_motor_demo_msgs/share/serial_motor_demo_msgs/cmake/serial_motor_demo_msgs__rosidl_typesupport_introspection_cExport-noconfig.cmake
[2.511s] -- Up-to-date: /home/sreeja/dev_ws/install/serial_motor_demo_msgs/share/serial_motor_demo_msgs/cmake/serial_motor_demo_msgs__rosidl_typesupport_cExport.cmake
[2.511s] -- Up-to-date: /home/sreeja/dev_ws/install/serial_motor_demo_msgs/share/serial_motor_demo_msgs/cmake/serial_motor_demo_msgs__rosidl_typesupport_cExport-noconfig.cmake
[2.511s] -- Up-to-date: /home/sreeja/dev_ws/install/serial_motor_demo_msgs/share/serial_motor_demo_msgs/cmake/serial_motor_demo_msgs__rosidl_generator_cppExport.cmake
[2.511s] -- Up-to-date: /home/sreeja/dev_ws/install/serial_motor_demo_msgs/share/serial_motor_demo_msgs/cmake/serial_motor_demo_msgs__rosidl_typesupport_introspection_cppExport.cmake
[2.511s] -- Up-to-date: /home/sreeja/dev_ws/install/serial_motor_demo_msgs/share/serial_motor_demo_msgs/cmake/serial_motor_demo_msgs__rosidl_typesupport_introspection_cppExport-noconfig.cmake
[2.511s] -- Up-to-date: /home/sreeja/dev_ws/install/serial_motor_demo_msgs/share/serial_motor_demo_msgs/cmake/serial_motor_demo_msgs__rosidl_typesupport_cppExport.cmake
[2.511s] -- Up-to-date: /home/sreeja/dev_ws/install/serial_motor_demo_msgs/share/serial_motor_demo_msgs/cmake/serial_motor_demo_msgs__rosidl_typesupport_cppExport-noconfig.cmake
[2.755s] Invoked command in '/home/sreeja/dev_ws/build/serial_motor_demo_msgs' returned '0': CMAKE_PREFIX_PATH=/opt/ros/foxy /usr/bin/cmake --install /home/sreeja/dev_ws/build/serial_motor_demo_msgs
