[4.055s] DEBUG:colcon:Command line arguments: ['/home/sreeja/.local/bin/colcon', 'build', '--symlink-install']
[4.056s] DEBUG:colcon:Parsed command line arguments: Namespace(ament_cmake_args=None, base_paths=['.'], build_base='build', catkin_cmake_args=None, catkin_skip_building_tests=False, cmake_args=None, cmake_clean_cache=False, cmake_clean_first=False, cmake_force_configure=False, cmake_target=None, cmake_target_skip_unavailable=False, continue_on_error=False, event_handlers=None, executor='parallel', ignore_user_meta=False, install_base='install', log_base=None, log_level=None, main=<bound method BuildVerb.main of <colcon_core.verb.build.BuildVerb object at 0x7f6d2c187d60>>, merge_install=False, metas=['./colcon.meta'], packages_above=None, packages_above_and_dependencies=None, packages_above_depth=None, packages_end=None, packages_ignore=None, packages_ignore_regex=None, packages_select=None, packages_select_build_failed=False, packages_select_by_dep=None, packages_select_regex=None, packages_select_test_failures=False, packages_skip=None, packages_skip_build_finished=False, packages_skip_by_dep=None, packages_skip_regex=None, packages_skip_test_passed=False, packages_skip_up_to=None, packages_start=None, packages_up_to=None, packages_up_to_regex=None, parallel_workers=4, paths=None, symlink_install=True, test_result_base=None, verb_extension=<colcon_core.verb.build.BuildVerb object at 0x7f6d2c187d60>, verb_name='build', verb_parser=<colcon_defaults.argument_parser.defaults.DefaultArgumentsDecorator object at 0x7f6d2c187b80>)
[4.229s] Level 1:colcon.colcon_core.package_discovery:discover_packages(colcon_meta) check parameters
[4.229s] Level 1:colcon.colcon_core.package_discovery:discover_packages(recursive) check parameters
[4.229s] Level 1:colcon.colcon_core.package_discovery:discover_packages(ignore) check parameters
[4.229s] Level 1:colcon.colcon_core.package_discovery:discover_packages(path) check parameters
[4.229s] Level 1:colcon.colcon_core.package_discovery:discover_packages(colcon_meta) discover
[4.229s] Level 1:colcon.colcon_core.package_discovery:discover_packages(recursive) discover
[4.229s] INFO:colcon.colcon_core.package_discovery:Crawling recursively for packages in '/home/sreeja/dev_ws'
[4.230s] Level 1:colcon.colcon_core.package_identification:_identify(.) by extensions ['ignore', 'ignore_ament_install']
[4.230s] Level 1:colcon.colcon_core.package_identification:_identify(.) by extension 'ignore'
[4.230s] Level 1:colcon.colcon_core.package_identification:_identify(.) by extension 'ignore_ament_install'
[4.230s] Level 1:colcon.colcon_core.package_identification:_identify(.) by extensions ['colcon_pkg']
[4.230s] Level 1:colcon.colcon_core.package_identification:_identify(.) by extension 'colcon_pkg'
[4.230s] Level 1:colcon.colcon_core.package_identification:_identify(.) by extensions ['colcon_meta']
[4.230s] Level 1:colcon.colcon_core.package_identification:_identify(.) by extension 'colcon_meta'
[4.230s] Level 1:colcon.colcon_core.package_identification:_identify(.) by extensions ['ros']
[4.230s] Level 1:colcon.colcon_core.package_identification:_identify(.) by extension 'ros'
[4.239s] Level 1:colcon.colcon_core.package_identification:_identify(.) by extensions ['cmake', 'python']
[4.239s] Level 1:colcon.colcon_core.package_identification:_identify(.) by extension 'cmake'
[4.239s] Level 1:colcon.colcon_core.package_identification:_identify(.) by extension 'python'
[4.240s] Level 1:colcon.colcon_core.package_identification:_identify(.) by extensions ['python_setup_py']
[4.240s] Level 1:colcon.colcon_core.package_identification:_identify(.) by extension 'python_setup_py'
[4.240s] Level 1:colcon.colcon_core.package_identification:_identify(build) by extensions ['ignore', 'ignore_ament_install']
[4.240s] Level 1:colcon.colcon_core.package_identification:_identify(build) by extension 'ignore'
[4.240s] Level 1:colcon.colcon_core.package_identification:_identify(build) ignored
[4.240s] Level 1:colcon.colcon_core.package_identification:_identify(install) by extensions ['ignore', 'ignore_ament_install']
[4.240s] Level 1:colcon.colcon_core.package_identification:_identify(install) by extension 'ignore'
[4.240s] Level 1:colcon.colcon_core.package_identification:_identify(install) ignored
[4.241s] Level 1:colcon.colcon_core.package_identification:_identify(log) by extensions ['ignore', 'ignore_ament_install']
[4.241s] Level 1:colcon.colcon_core.package_identification:_identify(log) by extension 'ignore'
[4.241s] Level 1:colcon.colcon_core.package_identification:_identify(log) ignored
[4.241s] Level 1:colcon.colcon_core.package_identification:_identify(src) by extensions ['ignore', 'ignore_ament_install']
[4.241s] Level 1:colcon.colcon_core.package_identification:_identify(src) by extension 'ignore'
[4.241s] Level 1:colcon.colcon_core.package_identification:_identify(src) by extension 'ignore_ament_install'
[4.241s] Level 1:colcon.colcon_core.package_identification:_identify(src) by extensions ['colcon_pkg']
[4.241s] Level 1:colcon.colcon_core.package_identification:_identify(src) by extension 'colcon_pkg'
[4.242s] Level 1:colcon.colcon_core.package_identification:_identify(src) by extensions ['colcon_meta']
[4.242s] Level 1:colcon.colcon_core.package_identification:_identify(src) by extension 'colcon_meta'
[4.242s] Level 1:colcon.colcon_core.package_identification:_identify(src) by extensions ['ros']
[4.242s] Level 1:colcon.colcon_core.package_identification:_identify(src) by extension 'ros'
[4.242s] Level 1:colcon.colcon_core.package_identification:_identify(src) by extensions ['cmake', 'python']
[4.242s] Level 1:colcon.colcon_core.package_identification:_identify(src) by extension 'cmake'
[4.242s] Level 1:colcon.colcon_core.package_identification:_identify(src) by extension 'python'
[4.242s] Level 1:colcon.colcon_core.package_identification:_identify(src) by extensions ['python_setup_py']
[4.242s] Level 1:colcon.colcon_core.package_identification:_identify(src) by extension 'python_setup_py'
[4.242s] Level 1:colcon.colcon_core.package_identification:_identify(src/gazebo_ros2_control) by extensions ['ignore', 'ignore_ament_install']
[4.243s] Level 1:colcon.colcon_core.package_identification:_identify(src/gazebo_ros2_control) by extension 'ignore'
[4.243s] Level 1:colcon.colcon_core.package_identification:_identify(src/gazebo_ros2_control) by extension 'ignore_ament_install'
[4.243s] Level 1:colcon.colcon_core.package_identification:_identify(src/gazebo_ros2_control) by extensions ['colcon_pkg']
[4.243s] Level 1:colcon.colcon_core.package_identification:_identify(src/gazebo_ros2_control) by extension 'colcon_pkg'
[4.243s] Level 1:colcon.colcon_core.package_identification:_identify(src/gazebo_ros2_control) by extensions ['colcon_meta']
[4.243s] Level 1:colcon.colcon_core.package_identification:_identify(src/gazebo_ros2_control) by extension 'colcon_meta'
[4.243s] Level 1:colcon.colcon_core.package_identification:_identify(src/gazebo_ros2_control) by extensions ['ros']
[4.243s] Level 1:colcon.colcon_core.package_identification:_identify(src/gazebo_ros2_control) by extension 'ros'
[4.243s] Level 1:colcon.colcon_core.package_identification:_identify(src/gazebo_ros2_control) by extensions ['cmake', 'python']
[4.243s] Level 1:colcon.colcon_core.package_identification:_identify(src/gazebo_ros2_control) by extension 'cmake'
[4.244s] Level 1:colcon.colcon_core.package_identification:_identify(src/gazebo_ros2_control) by extension 'python'
[4.244s] Level 1:colcon.colcon_core.package_identification:_identify(src/gazebo_ros2_control) by extensions ['python_setup_py']
[4.244s] Level 1:colcon.colcon_core.package_identification:_identify(src/gazebo_ros2_control) by extension 'python_setup_py'
[4.244s] Level 1:colcon.colcon_core.package_identification:_identify(src/gazebo_ros2_control/Docker) by extensions ['ignore', 'ignore_ament_install']
[4.244s] Level 1:colcon.colcon_core.package_identification:_identify(src/gazebo_ros2_control/Docker) by extension 'ignore'
[4.244s] Level 1:colcon.colcon_core.package_identification:_identify(src/gazebo_ros2_control/Docker) by extension 'ignore_ament_install'
[4.244s] Level 1:colcon.colcon_core.package_identification:_identify(src/gazebo_ros2_control/Docker) by extensions ['colcon_pkg']
[4.244s] Level 1:colcon.colcon_core.package_identification:_identify(src/gazebo_ros2_control/Docker) by extension 'colcon_pkg'
[4.244s] Level 1:colcon.colcon_core.package_identification:_identify(src/gazebo_ros2_control/Docker) by extensions ['colcon_meta']
[4.245s] Level 1:colcon.colcon_core.package_identification:_identify(src/gazebo_ros2_control/Docker) by extension 'colcon_meta'
[4.245s] Level 1:colcon.colcon_core.package_identification:_identify(src/gazebo_ros2_control/Docker) by extensions ['ros']
[4.245s] Level 1:colcon.colcon_core.package_identification:_identify(src/gazebo_ros2_control/Docker) by extension 'ros'
[4.245s] Level 1:colcon.colcon_core.package_identification:_identify(src/gazebo_ros2_control/Docker) by extensions ['cmake', 'python']
[4.245s] Level 1:colcon.colcon_core.package_identification:_identify(src/gazebo_ros2_control/Docker) by extension 'cmake'
[4.245s] Level 1:colcon.colcon_core.package_identification:_identify(src/gazebo_ros2_control/Docker) by extension 'python'
[4.245s] Level 1:colcon.colcon_core.package_identification:_identify(src/gazebo_ros2_control/Docker) by extensions ['python_setup_py']
[4.245s] Level 1:colcon.colcon_core.package_identification:_identify(src/gazebo_ros2_control/Docker) by extension 'python_setup_py'
[4.246s] Level 1:colcon.colcon_core.package_identification:_identify(src/gazebo_ros2_control/gazebo_ros2_control) by extensions ['ignore', 'ignore_ament_install']
[4.246s] Level 1:colcon.colcon_core.package_identification:_identify(src/gazebo_ros2_control/gazebo_ros2_control) by extension 'ignore'
[4.246s] Level 1:colcon.colcon_core.package_identification:_identify(src/gazebo_ros2_control/gazebo_ros2_control) by extension 'ignore_ament_install'
[4.246s] Level 1:colcon.colcon_core.package_identification:_identify(src/gazebo_ros2_control/gazebo_ros2_control) by extensions ['colcon_pkg']
[4.246s] Level 1:colcon.colcon_core.package_identification:_identify(src/gazebo_ros2_control/gazebo_ros2_control) by extension 'colcon_pkg'
[4.246s] Level 1:colcon.colcon_core.package_identification:_identify(src/gazebo_ros2_control/gazebo_ros2_control) by extensions ['colcon_meta']
[4.246s] Level 1:colcon.colcon_core.package_identification:_identify(src/gazebo_ros2_control/gazebo_ros2_control) by extension 'colcon_meta'
[4.246s] Level 1:colcon.colcon_core.package_identification:_identify(src/gazebo_ros2_control/gazebo_ros2_control) by extensions ['ros']
[4.247s] Level 1:colcon.colcon_core.package_identification:_identify(src/gazebo_ros2_control/gazebo_ros2_control) by extension 'ros'
[4.249s] DEBUG:colcon.colcon_core.package_identification:Package 'src/gazebo_ros2_control/gazebo_ros2_control' with type 'ros.ament_cmake' and name 'gazebo_ros2_control'
[4.249s] Level 1:colcon.colcon_core.package_identification:_identify(src/gazebo_ros2_control/gazebo_ros2_control_demos) by extensions ['ignore', 'ignore_ament_install']
[4.249s] Level 1:colcon.colcon_core.package_identification:_identify(src/gazebo_ros2_control/gazebo_ros2_control_demos) by extension 'ignore'
[4.250s] Level 1:colcon.colcon_core.package_identification:_identify(src/gazebo_ros2_control/gazebo_ros2_control_demos) by extension 'ignore_ament_install'
[4.250s] Level 1:colcon.colcon_core.package_identification:_identify(src/gazebo_ros2_control/gazebo_ros2_control_demos) by extensions ['colcon_pkg']
[4.250s] Level 1:colcon.colcon_core.package_identification:_identify(src/gazebo_ros2_control/gazebo_ros2_control_demos) by extension 'colcon_pkg'
[4.250s] Level 1:colcon.colcon_core.package_identification:_identify(src/gazebo_ros2_control/gazebo_ros2_control_demos) by extensions ['colcon_meta']
[4.250s] Level 1:colcon.colcon_core.package_identification:_identify(src/gazebo_ros2_control/gazebo_ros2_control_demos) by extension 'colcon_meta'
[4.250s] Level 1:colcon.colcon_core.package_identification:_identify(src/gazebo_ros2_control/gazebo_ros2_control_demos) by extensions ['ros']
[4.250s] Level 1:colcon.colcon_core.package_identification:_identify(src/gazebo_ros2_control/gazebo_ros2_control_demos) by extension 'ros'
[4.251s] DEBUG:colcon.colcon_core.package_identification:Package 'src/gazebo_ros2_control/gazebo_ros2_control_demos' with type 'ros.ament_cmake' and name 'gazebo_ros2_control_demos'
[4.251s] Level 1:colcon.colcon_core.package_identification:_identify(src/gazebo_ros2_control/img) by extensions ['ignore', 'ignore_ament_install']
[4.251s] Level 1:colcon.colcon_core.package_identification:_identify(src/gazebo_ros2_control/img) by extension 'ignore'
[4.251s] Level 1:colcon.colcon_core.package_identification:_identify(src/gazebo_ros2_control/img) by extension 'ignore_ament_install'
[4.252s] Level 1:colcon.colcon_core.package_identification:_identify(src/gazebo_ros2_control/img) by extensions ['colcon_pkg']
[4.252s] Level 1:colcon.colcon_core.package_identification:_identify(src/gazebo_ros2_control/img) by extension 'colcon_pkg'
[4.252s] Level 1:colcon.colcon_core.package_identification:_identify(src/gazebo_ros2_control/img) by extensions ['colcon_meta']
[4.252s] Level 1:colcon.colcon_core.package_identification:_identify(src/gazebo_ros2_control/img) by extension 'colcon_meta'
[4.252s] Level 1:colcon.colcon_core.package_identification:_identify(src/gazebo_ros2_control/img) by extensions ['ros']
[4.252s] Level 1:colcon.colcon_core.package_identification:_identify(src/gazebo_ros2_control/img) by extension 'ros'
[4.252s] Level 1:colcon.colcon_core.package_identification:_identify(src/gazebo_ros2_control/img) by extensions ['cmake', 'python']
[4.252s] Level 1:colcon.colcon_core.package_identification:_identify(src/gazebo_ros2_control/img) by extension 'cmake'
[4.252s] Level 1:colcon.colcon_core.package_identification:_identify(src/gazebo_ros2_control/img) by extension 'python'
[4.252s] Level 1:colcon.colcon_core.package_identification:_identify(src/gazebo_ros2_control/img) by extensions ['python_setup_py']
[4.253s] Level 1:colcon.colcon_core.package_identification:_identify(src/gazebo_ros2_control/img) by extension 'python_setup_py'
[4.253s] Level 1:colcon.colcon_core.package_identification:_identify(src/my_bot) by extensions ['ignore', 'ignore_ament_install']
[4.253s] Level 1:colcon.colcon_core.package_identification:_identify(src/my_bot) by extension 'ignore'
[4.253s] Level 1:colcon.colcon_core.package_identification:_identify(src/my_bot) by extension 'ignore_ament_install'
[4.253s] Level 1:colcon.colcon_core.package_identification:_identify(src/my_bot) by extensions ['colcon_pkg']
[4.253s] Level 1:colcon.colcon_core.package_identification:_identify(src/my_bot) by extension 'colcon_pkg'
[4.253s] Level 1:colcon.colcon_core.package_identification:_identify(src/my_bot) by extensions ['colcon_meta']
[4.253s] Level 1:colcon.colcon_core.package_identification:_identify(src/my_bot) by extension 'colcon_meta'
[4.253s] Level 1:colcon.colcon_core.package_identification:_identify(src/my_bot) by extensions ['ros']
[4.253s] Level 1:colcon.colcon_core.package_identification:_identify(src/my_bot) by extension 'ros'
[4.254s] DEBUG:colcon.colcon_core.package_identification:Package 'src/my_bot' with type 'ros.ament_cmake' and name 'my_bot'
[4.254s] Level 1:colcon.colcon_core.package_identification:_identify(src/serial_motor_demo) by extensions ['ignore', 'ignore_ament_install']
[4.254s] Level 1:colcon.colcon_core.package_identification:_identify(src/serial_motor_demo) by extension 'ignore'
[4.254s] Level 1:colcon.colcon_core.package_identification:_identify(src/serial_motor_demo) by extension 'ignore_ament_install'
[4.255s] Level 1:colcon.colcon_core.package_identification:_identify(src/serial_motor_demo) by extensions ['colcon_pkg']
[4.255s] Level 1:colcon.colcon_core.package_identification:_identify(src/serial_motor_demo) by extension 'colcon_pkg'
[4.255s] Level 1:colcon.colcon_core.package_identification:_identify(src/serial_motor_demo) by extensions ['colcon_meta']
[4.255s] Level 1:colcon.colcon_core.package_identification:_identify(src/serial_motor_demo) by extension 'colcon_meta'
[4.255s] Level 1:colcon.colcon_core.package_identification:_identify(src/serial_motor_demo) by extensions ['ros']
[4.255s] Level 1:colcon.colcon_core.package_identification:_identify(src/serial_motor_demo) by extension 'ros'
[4.255s] Level 1:colcon.colcon_core.package_identification:_identify(src/serial_motor_demo) by extensions ['cmake', 'python']
[4.255s] Level 1:colcon.colcon_core.package_identification:_identify(src/serial_motor_demo) by extension 'cmake'
[4.255s] Level 1:colcon.colcon_core.package_identification:_identify(src/serial_motor_demo) by extension 'python'
[4.255s] Level 1:colcon.colcon_core.package_identification:_identify(src/serial_motor_demo) by extensions ['python_setup_py']
[4.256s] Level 1:colcon.colcon_core.package_identification:_identify(src/serial_motor_demo) by extension 'python_setup_py'
[4.256s] Level 1:colcon.colcon_core.package_identification:_identify(src/serial_motor_demo/serial_motor_demo) by extensions ['ignore', 'ignore_ament_install']
[4.256s] Level 1:colcon.colcon_core.package_identification:_identify(src/serial_motor_demo/serial_motor_demo) by extension 'ignore'
[4.256s] Level 1:colcon.colcon_core.package_identification:_identify(src/serial_motor_demo/serial_motor_demo) by extension 'ignore_ament_install'
[4.256s] Level 1:colcon.colcon_core.package_identification:_identify(src/serial_motor_demo/serial_motor_demo) by extensions ['colcon_pkg']
[4.256s] Level 1:colcon.colcon_core.package_identification:_identify(src/serial_motor_demo/serial_motor_demo) by extension 'colcon_pkg'
[4.256s] Level 1:colcon.colcon_core.package_identification:_identify(src/serial_motor_demo/serial_motor_demo) by extensions ['colcon_meta']
[4.256s] Level 1:colcon.colcon_core.package_identification:_identify(src/serial_motor_demo/serial_motor_demo) by extension 'colcon_meta'
[4.256s] Level 1:colcon.colcon_core.package_identification:_identify(src/serial_motor_demo/serial_motor_demo) by extensions ['ros']
[4.256s] Level 1:colcon.colcon_core.package_identification:_identify(src/serial_motor_demo/serial_motor_demo) by extension 'ros'
[4.257s] DEBUG:colcon.colcon_core.package_identification:Package 'src/serial_motor_demo/serial_motor_demo' with type 'ros.ament_python' and name 'serial_motor_demo'
[4.257s] Level 1:colcon.colcon_core.package_identification:_identify(src/serial_motor_demo/serial_motor_demo_msgs) by extensions ['ignore', 'ignore_ament_install']
[4.257s] Level 1:colcon.colcon_core.package_identification:_identify(src/serial_motor_demo/serial_motor_demo_msgs) by extension 'ignore'
[4.257s] Level 1:colcon.colcon_core.package_identification:_identify(src/serial_motor_demo/serial_motor_demo_msgs) by extension 'ignore_ament_install'
[4.258s] Level 1:colcon.colcon_core.package_identification:_identify(src/serial_motor_demo/serial_motor_demo_msgs) by extensions ['colcon_pkg']
[4.258s] Level 1:colcon.colcon_core.package_identification:_identify(src/serial_motor_demo/serial_motor_demo_msgs) by extension 'colcon_pkg'
[4.258s] Level 1:colcon.colcon_core.package_identification:_identify(src/serial_motor_demo/serial_motor_demo_msgs) by extensions ['colcon_meta']
[4.258s] Level 1:colcon.colcon_core.package_identification:_identify(src/serial_motor_demo/serial_motor_demo_msgs) by extension 'colcon_meta'
[4.258s] Level 1:colcon.colcon_core.package_identification:_identify(src/serial_motor_demo/serial_motor_demo_msgs) by extensions ['ros']
[4.258s] Level 1:colcon.colcon_core.package_identification:_identify(src/serial_motor_demo/serial_motor_demo_msgs) by extension 'ros'
[4.258s] DEBUG:colcon.colcon_core.package_identification:Package 'src/serial_motor_demo/serial_motor_demo_msgs' with type 'ros.ament_cmake' and name 'serial_motor_demo_msgs'
[4.259s] Level 1:colcon.colcon_core.package_identification:_identify(src/web_video_server) by extensions ['ignore', 'ignore_ament_install']
[4.259s] Level 1:colcon.colcon_core.package_identification:_identify(src/web_video_server) by extension 'ignore'
[4.259s] Level 1:colcon.colcon_core.package_identification:_identify(src/web_video_server) by extension 'ignore_ament_install'
[4.259s] Level 1:colcon.colcon_core.package_identification:_identify(src/web_video_server) by extensions ['colcon_pkg']
[4.259s] Level 1:colcon.colcon_core.package_identification:_identify(src/web_video_server) by extension 'colcon_pkg'
[4.259s] Level 1:colcon.colcon_core.package_identification:_identify(src/web_video_server) by extensions ['colcon_meta']
[4.259s] Level 1:colcon.colcon_core.package_identification:_identify(src/web_video_server) by extension 'colcon_meta'
[4.260s] Level 1:colcon.colcon_core.package_identification:_identify(src/web_video_server) by extensions ['ros']
[4.260s] Level 1:colcon.colcon_core.package_identification:_identify(src/web_video_server) by extension 'ros'
[4.260s] DEBUG:colcon.colcon_core.package_identification:Package 'src/web_video_server' with type 'ros.ament_cmake' and name 'web_video_server'
[4.260s] Level 1:colcon.colcon_core.package_discovery:discover_packages(recursive) using defaults
[4.261s] Level 1:colcon.colcon_core.package_discovery:discover_packages(ignore) discover
[4.261s] Level 1:colcon.colcon_core.package_discovery:discover_packages(ignore) using defaults
[4.261s] Level 1:colcon.colcon_core.package_discovery:discover_packages(path) discover
[4.261s] Level 1:colcon.colcon_core.package_discovery:discover_packages(path) using defaults
[4.573s] Level 5:colcon.colcon_core.verb:set package 'gazebo_ros2_control' build argument 'cmake_args' from command line to 'None'
[4.573s] Level 5:colcon.colcon_core.verb:set package 'gazebo_ros2_control' build argument 'cmake_target' from command line to 'None'
[4.574s] Level 5:colcon.colcon_core.verb:set package 'gazebo_ros2_control' build argument 'cmake_target_skip_unavailable' from command line to 'False'
[4.574s] Level 5:colcon.colcon_core.verb:set package 'gazebo_ros2_control' build argument 'cmake_clean_cache' from command line to 'False'
[4.574s] Level 5:colcon.colcon_core.verb:set package 'gazebo_ros2_control' build argument 'cmake_clean_first' from command line to 'False'
[4.574s] Level 5:colcon.colcon_core.verb:set package 'gazebo_ros2_control' build argument 'cmake_force_configure' from command line to 'False'
[4.574s] Level 5:colcon.colcon_core.verb:set package 'gazebo_ros2_control' build argument 'ament_cmake_args' from command line to 'None'
[4.574s] Level 5:colcon.colcon_core.verb:set package 'gazebo_ros2_control' build argument 'catkin_cmake_args' from command line to 'None'
[4.575s] Level 5:colcon.colcon_core.verb:set package 'gazebo_ros2_control' build argument 'catkin_skip_building_tests' from command line to 'False'
[4.575s] DEBUG:colcon.colcon_core.verb:Building package 'gazebo_ros2_control' with the following arguments: {'ament_cmake_args': None, 'build_base': '/home/sreeja/dev_ws/build/gazebo_ros2_control', 'catkin_cmake_args': None, 'catkin_skip_building_tests': False, 'cmake_args': None, 'cmake_clean_cache': False, 'cmake_clean_first': False, 'cmake_force_configure': False, 'cmake_target': None, 'cmake_target_skip_unavailable': False, 'install_base': '/home/sreeja/dev_ws/install/gazebo_ros2_control', 'merge_install': False, 'path': '/home/sreeja/dev_ws/src/gazebo_ros2_control/gazebo_ros2_control', 'symlink_install': True, 'test_result_base': None}
[4.654s] Level 5:colcon.colcon_core.verb:set package 'my_bot' build argument 'cmake_args' from command line to 'None'
[4.654s] Level 5:colcon.colcon_core.verb:set package 'my_bot' build argument 'cmake_target' from command line to 'None'
[4.654s] Level 5:colcon.colcon_core.verb:set package 'my_bot' build argument 'cmake_target_skip_unavailable' from command line to 'False'
[4.654s] Level 5:colcon.colcon_core.verb:set package 'my_bot' build argument 'cmake_clean_cache' from command line to 'False'
[4.655s] Level 5:colcon.colcon_core.verb:set package 'my_bot' build argument 'cmake_clean_first' from command line to 'False'
[4.655s] Level 5:colcon.colcon_core.verb:set package 'my_bot' build argument 'cmake_force_configure' from command line to 'False'
[4.655s] Level 5:colcon.colcon_core.verb:set package 'my_bot' build argument 'ament_cmake_args' from command line to 'None'
[4.655s] Level 5:colcon.colcon_core.verb:set package 'my_bot' build argument 'catkin_cmake_args' from command line to 'None'
[4.655s] Level 5:colcon.colcon_core.verb:set package 'my_bot' build argument 'catkin_skip_building_tests' from command line to 'False'
[4.655s] DEBUG:colcon.colcon_core.verb:Building package 'my_bot' with the following arguments: {'ament_cmake_args': None, 'build_base': '/home/sreeja/dev_ws/build/my_bot', 'catkin_cmake_args': None, 'catkin_skip_building_tests': False, 'cmake_args': None, 'cmake_clean_cache': False, 'cmake_clean_first': False, 'cmake_force_configure': False, 'cmake_target': None, 'cmake_target_skip_unavailable': False, 'install_base': '/home/sreeja/dev_ws/install/my_bot', 'merge_install': False, 'path': '/home/sreeja/dev_ws/src/my_bot', 'symlink_install': True, 'test_result_base': None}
[4.734s] Level 5:colcon.colcon_core.verb:set package 'serial_motor_demo_msgs' build argument 'cmake_args' from command line to 'None'
[4.735s] Level 5:colcon.colcon_core.verb:set package 'serial_motor_demo_msgs' build argument 'cmake_target' from command line to 'None'
[4.735s] Level 5:colcon.colcon_core.verb:set package 'serial_motor_demo_msgs' build argument 'cmake_target_skip_unavailable' from command line to 'False'
[4.735s] Level 5:colcon.colcon_core.verb:set package 'serial_motor_demo_msgs' build argument 'cmake_clean_cache' from command line to 'False'
[4.735s] Level 5:colcon.colcon_core.verb:set package 'serial_motor_demo_msgs' build argument 'cmake_clean_first' from command line to 'False'
[4.735s] Level 5:colcon.colcon_core.verb:set package 'serial_motor_demo_msgs' build argument 'cmake_force_configure' from command line to 'False'
[4.735s] Level 5:colcon.colcon_core.verb:set package 'serial_motor_demo_msgs' build argument 'ament_cmake_args' from command line to 'None'
[4.735s] Level 5:colcon.colcon_core.verb:set package 'serial_motor_demo_msgs' build argument 'catkin_cmake_args' from command line to 'None'
[4.735s] Level 5:colcon.colcon_core.verb:set package 'serial_motor_demo_msgs' build argument 'catkin_skip_building_tests' from command line to 'False'
[4.735s] DEBUG:colcon.colcon_core.verb:Building package 'serial_motor_demo_msgs' with the following arguments: {'ament_cmake_args': None, 'build_base': '/home/sreeja/dev_ws/build/serial_motor_demo_msgs', 'catkin_cmake_args': None, 'catkin_skip_building_tests': False, 'cmake_args': None, 'cmake_clean_cache': False, 'cmake_clean_first': False, 'cmake_force_configure': False, 'cmake_target': None, 'cmake_target_skip_unavailable': False, 'install_base': '/home/sreeja/dev_ws/install/serial_motor_demo_msgs', 'merge_install': False, 'path': '/home/sreeja/dev_ws/src/serial_motor_demo/serial_motor_demo_msgs', 'symlink_install': True, 'test_result_base': None}
[4.812s] Level 5:colcon.colcon_core.verb:set package 'web_video_server' build argument 'cmake_args' from command line to 'None'
[4.812s] Level 5:colcon.colcon_core.verb:set package 'web_video_server' build argument 'cmake_target' from command line to 'None'
[4.812s] Level 5:colcon.colcon_core.verb:set package 'web_video_server' build argument 'cmake_target_skip_unavailable' from command line to 'False'
[4.812s] Level 5:colcon.colcon_core.verb:set package 'web_video_server' build argument 'cmake_clean_cache' from command line to 'False'
[4.812s] Level 5:colcon.colcon_core.verb:set package 'web_video_server' build argument 'cmake_clean_first' from command line to 'False'
[4.812s] Level 5:colcon.colcon_core.verb:set package 'web_video_server' build argument 'cmake_force_configure' from command line to 'False'
[4.812s] Level 5:colcon.colcon_core.verb:set package 'web_video_server' build argument 'ament_cmake_args' from command line to 'None'
[4.812s] Level 5:colcon.colcon_core.verb:set package 'web_video_server' build argument 'catkin_cmake_args' from command line to 'None'
[4.812s] Level 5:colcon.colcon_core.verb:set package 'web_video_server' build argument 'catkin_skip_building_tests' from command line to 'False'
[4.813s] DEBUG:colcon.colcon_core.verb:Building package 'web_video_server' with the following arguments: {'ament_cmake_args': None, 'build_base': '/home/sreeja/dev_ws/build/web_video_server', 'catkin_cmake_args': None, 'catkin_skip_building_tests': False, 'cmake_args': None, 'cmake_clean_cache': False, 'cmake_clean_first': False, 'cmake_force_configure': False, 'cmake_target': None, 'cmake_target_skip_unavailable': False, 'install_base': '/home/sreeja/dev_ws/install/web_video_server', 'merge_install': False, 'path': '/home/sreeja/dev_ws/src/web_video_server', 'symlink_install': True, 'test_result_base': None}
[4.887s] Level 5:colcon.colcon_core.verb:set package 'gazebo_ros2_control_demos' build argument 'cmake_args' from command line to 'None'
[4.888s] Level 5:colcon.colcon_core.verb:set package 'gazebo_ros2_control_demos' build argument 'cmake_target' from command line to 'None'
[4.888s] Level 5:colcon.colcon_core.verb:set package 'gazebo_ros2_control_demos' build argument 'cmake_target_skip_unavailable' from command line to 'False'
[4.888s] Level 5:colcon.colcon_core.verb:set package 'gazebo_ros2_control_demos' build argument 'cmake_clean_cache' from command line to 'False'
[4.888s] Level 5:colcon.colcon_core.verb:set package 'gazebo_ros2_control_demos' build argument 'cmake_clean_first' from command line to 'False'
[4.888s] Level 5:colcon.colcon_core.verb:set package 'gazebo_ros2_control_demos' build argument 'cmake_force_configure' from command line to 'False'
[4.888s] Level 5:colcon.colcon_core.verb:set package 'gazebo_ros2_control_demos' build argument 'ament_cmake_args' from command line to 'None'
[4.888s] Level 5:colcon.colcon_core.verb:set package 'gazebo_ros2_control_demos' build argument 'catkin_cmake_args' from command line to 'None'
[4.888s] Level 5:colcon.colcon_core.verb:set package 'gazebo_ros2_control_demos' build argument 'catkin_skip_building_tests' from command line to 'False'
[4.888s] DEBUG:colcon.colcon_core.verb:Building package 'gazebo_ros2_control_demos' with the following arguments: {'ament_cmake_args': None, 'build_base': '/home/sreeja/dev_ws/build/gazebo_ros2_control_demos', 'catkin_cmake_args': None, 'catkin_skip_building_tests': False, 'cmake_args': None, 'cmake_clean_cache': False, 'cmake_clean_first': False, 'cmake_force_configure': False, 'cmake_target': None, 'cmake_target_skip_unavailable': False, 'install_base': '/home/sreeja/dev_ws/install/gazebo_ros2_control_demos', 'merge_install': False, 'path': '/home/sreeja/dev_ws/src/gazebo_ros2_control/gazebo_ros2_control_demos', 'symlink_install': True, 'test_result_base': None}
[4.963s] Level 5:colcon.colcon_core.verb:set package 'serial_motor_demo' build argument 'cmake_args' from command line to 'None'
[4.964s] Level 5:colcon.colcon_core.verb:set package 'serial_motor_demo' build argument 'cmake_target' from command line to 'None'
[4.964s] Level 5:colcon.colcon_core.verb:set package 'serial_motor_demo' build argument 'cmake_target_skip_unavailable' from command line to 'False'
[4.964s] Level 5:colcon.colcon_core.verb:set package 'serial_motor_demo' build argument 'cmake_clean_cache' from command line to 'False'
[4.964s] Level 5:colcon.colcon_core.verb:set package 'serial_motor_demo' build argument 'cmake_clean_first' from command line to 'False'
[4.964s] Level 5:colcon.colcon_core.verb:set package 'serial_motor_demo' build argument 'cmake_force_configure' from command line to 'False'
[4.964s] Level 5:colcon.colcon_core.verb:set package 'serial_motor_demo' build argument 'ament_cmake_args' from command line to 'None'
[4.964s] Level 5:colcon.colcon_core.verb:set package 'serial_motor_demo' build argument 'catkin_cmake_args' from command line to 'None'
[4.964s] Level 5:colcon.colcon_core.verb:set package 'serial_motor_demo' build argument 'catkin_skip_building_tests' from command line to 'False'
[4.964s] DEBUG:colcon.colcon_core.verb:Building package 'serial_motor_demo' with the following arguments: {'ament_cmake_args': None, 'build_base': '/home/sreeja/dev_ws/build/serial_motor_demo', 'catkin_cmake_args': None, 'catkin_skip_building_tests': False, 'cmake_args': None, 'cmake_clean_cache': False, 'cmake_clean_first': False, 'cmake_force_configure': False, 'cmake_target': None, 'cmake_target_skip_unavailable': False, 'install_base': '/home/sreeja/dev_ws/install/serial_motor_demo', 'merge_install': False, 'path': '/home/sreeja/dev_ws/src/serial_motor_demo/serial_motor_demo', 'symlink_install': True, 'test_result_base': None}
[5.037s] INFO:colcon.colcon_core.executor:Executing jobs using 'parallel' executor
[5.118s] DEBUG:colcon.colcon_parallel_executor.executor.parallel:run_until_complete
[5.119s] INFO:colcon.colcon_ros.task.ament_cmake.build:Building ROS package in '/home/sreeja/dev_ws/src/gazebo_ros2_control/gazebo_ros2_control' with build type 'ament_cmake'
[5.119s] INFO:colcon.colcon_cmake.task.cmake.build:Building CMake package in '/home/sreeja/dev_ws/src/gazebo_ros2_control/gazebo_ros2_control'
[5.199s] INFO:colcon.colcon_core.plugin_system:Skipping extension 'colcon_core.shell.bat': Not used on non-Windows systems
[5.199s] INFO:colcon.colcon_core.shell:Skip shell extension 'powershell' for command environment: Not usable outside of PowerShell
[5.199s] DEBUG:colcon.colcon_core.shell:Skip shell extension 'dsv' for command environment
[5.372s] INFO:colcon.colcon_ros.task.ament_cmake.build:Building ROS package in '/home/sreeja/dev_ws/src/serial_motor_demo/serial_motor_demo_msgs' with build type 'ament_cmake'
[5.372s] INFO:colcon.colcon_cmake.task.cmake.build:Building CMake package in '/home/sreeja/dev_ws/src/serial_motor_demo/serial_motor_demo_msgs'
[5.453s] INFO:colcon.colcon_core.shell:Skip shell extension 'powershell' for command environment: Not usable outside of PowerShell
[5.453s] DEBUG:colcon.colcon_core.shell:Skip shell extension 'dsv' for command environment
[5.615s] INFO:colcon.colcon_ros.task.ament_cmake.build:Building ROS package in '/home/sreeja/dev_ws/src/my_bot' with build type 'ament_cmake'
[5.615s] INFO:colcon.colcon_cmake.task.cmake.build:Building CMake package in '/home/sreeja/dev_ws/src/my_bot'
[5.697s] INFO:colcon.colcon_core.shell:Skip shell extension 'powershell' for command environment: Not usable outside of PowerShell
[5.697s] DEBUG:colcon.colcon_core.shell:Skip shell extension 'dsv' for command environment
[5.860s] INFO:colcon.colcon_ros.task.ament_cmake.build:Building ROS package in '/home/sreeja/dev_ws/src/web_video_server' with build type 'ament_cmake'
[5.860s] INFO:colcon.colcon_cmake.task.cmake.build:Building CMake package in '/home/sreeja/dev_ws/src/web_video_server'
[5.942s] INFO:colcon.colcon_core.shell:Skip shell extension 'powershell' for command environment: Not usable outside of PowerShell
[5.942s] DEBUG:colcon.colcon_core.shell:Skip shell extension 'dsv' for command environment
[6.110s] DEBUG:colcon.colcon_core.event_handler.log_command:Invoking command in '/home/sreeja/dev_ws/build/gazebo_ros2_control': CMAKE_PREFIX_PATH=/opt/ros/foxy /usr/bin/cmake --build /home/sreeja/dev_ws/build/gazebo_ros2_control -- -j4 -l4
[6.115s] DEBUG:colcon.colcon_core.event_handler.log_command:Invoking command in '/home/sreeja/dev_ws/build/serial_motor_demo_msgs': CMAKE_PREFIX_PATH=/opt/ros/foxy /usr/bin/cmake --build /home/sreeja/dev_ws/build/serial_motor_demo_msgs -- -j4 -l4
[6.121s] DEBUG:colcon.colcon_core.event_handler.log_command:Invoking command in '/home/sreeja/dev_ws/build/my_bot': CMAKE_PREFIX_PATH=/opt/ros/foxy /usr/bin/cmake --build /home/sreeja/dev_ws/build/my_bot -- -j4 -l4
[6.128s] DEBUG:colcon.colcon_core.event_handler.log_command:Invoking command in '/home/sreeja/dev_ws/build/web_video_server': CMAKE_PREFIX_PATH=/opt/ros/foxy /usr/bin/cmake --build /home/sreeja/dev_ws/build/web_video_server -- -j4 -l4
[6.167s] DEBUG:colcon.colcon_core.event_handler.log_command:Invoked command in '/home/sreeja/dev_ws/build/my_bot' returned '0': CMAKE_PREFIX_PATH=/opt/ros/foxy /usr/bin/cmake --build /home/sreeja/dev_ws/build/my_bot -- -j4 -l4
[6.236s] DEBUG:colcon.colcon_core.event_handler.log_command:Invoking command in '/home/sreeja/dev_ws/build/my_bot': CMAKE_PREFIX_PATH=/opt/ros/foxy /usr/bin/cmake --install /home/sreeja/dev_ws/build/my_bot
[6.246s] DEBUG:colcon.colcon_core.event_handler.log_command:Invoked command in '/home/sreeja/dev_ws/build/gazebo_ros2_control' returned '0': CMAKE_PREFIX_PATH=/opt/ros/foxy /usr/bin/cmake --build /home/sreeja/dev_ws/build/gazebo_ros2_control -- -j4 -l4
[6.256s] DEBUG:colcon.colcon_core.event_handler.log_command:Invoked command in '/home/sreeja/dev_ws/build/web_video_server' returned '0': CMAKE_PREFIX_PATH=/opt/ros/foxy /usr/bin/cmake --build /home/sreeja/dev_ws/build/web_video_server -- -j4 -l4
[6.287s] DEBUG:colcon.colcon_core.event_handler.log_command:Invoking command in '/home/sreeja/dev_ws/build/gazebo_ros2_control': CMAKE_PREFIX_PATH=/opt/ros/foxy /usr/bin/cmake --install /home/sreeja/dev_ws/build/gazebo_ros2_control
[6.290s] Level 1:colcon.colcon_core.environment:create_environment_scripts_only(my_bot)
[6.295s] DEBUG:colcon.colcon_core.event_handler.log_command:Invoked command in '/home/sreeja/dev_ws/build/my_bot' returned '0': CMAKE_PREFIX_PATH=/opt/ros/foxy /usr/bin/cmake --install /home/sreeja/dev_ws/build/my_bot
[6.398s] Level 1:colcon.colcon_core.environment:checking '/home/sreeja/dev_ws/install/my_bot' for CMake module files
[6.399s] Level 1:colcon.colcon_core.environment:checking '/home/sreeja/dev_ws/install/my_bot' for CMake config files
[6.399s] Level 1:colcon.colcon_core.shell:create_environment_hook('my_bot', 'cmake_prefix_path')
[6.477s] INFO:colcon.colcon_core.shell:Creating environment hook '/home/sreeja/dev_ws/install/my_bot/share/my_bot/hook/cmake_prefix_path.ps1'
[6.477s] INFO:colcon.colcon_core.shell:Creating environment descriptor '/home/sreeja/dev_ws/install/my_bot/share/my_bot/hook/cmake_prefix_path.dsv'
[6.478s] INFO:colcon.colcon_core.shell:Creating environment hook '/home/sreeja/dev_ws/install/my_bot/share/my_bot/hook/cmake_prefix_path.sh'
[6.479s] Level 1:colcon.colcon_core.environment:checking '/home/sreeja/dev_ws/install/my_bot/lib'
[6.479s] Level 1:colcon.colcon_core.environment:checking '/home/sreeja/dev_ws/install/my_bot/bin'
[6.479s] Level 1:colcon.colcon_core.environment:checking '/home/sreeja/dev_ws/install/my_bot/lib/pkgconfig/my_bot.pc'
[6.479s] Level 1:colcon.colcon_core.environment:checking '/home/sreeja/dev_ws/install/my_bot/lib/python3.8/site-packages'
[6.480s] Level 1:colcon.colcon_core.environment:checking '/home/sreeja/dev_ws/install/my_bot/bin'
[6.555s] INFO:colcon.colcon_core.shell:Creating package script '/home/sreeja/dev_ws/install/my_bot/share/my_bot/package.ps1'
[6.556s] INFO:colcon.colcon_core.shell:Creating package descriptor '/home/sreeja/dev_ws/install/my_bot/share/my_bot/package.dsv'
[6.556s] INFO:colcon.colcon_core.shell:Creating package script '/home/sreeja/dev_ws/install/my_bot/share/my_bot/package.sh'
[6.557s] INFO:colcon.colcon_core.shell:Creating package script '/home/sreeja/dev_ws/install/my_bot/share/my_bot/package.bash'
[6.557s] INFO:colcon.colcon_core.shell:Creating package script '/home/sreeja/dev_ws/install/my_bot/share/my_bot/package.zsh'
[6.558s] Level 1:colcon.colcon_core.environment:create_file_with_runtime_dependencies(/home/sreeja/dev_ws/install/my_bot/share/colcon-core/packages/my_bot)
[6.562s] Level 1:colcon.colcon_core.environment:create_environment_scripts_only(gazebo_ros2_control)
[6.563s] DEBUG:colcon.colcon_core.event_handler.log_command:Invoked command in '/home/sreeja/dev_ws/build/gazebo_ros2_control' returned '0': CMAKE_PREFIX_PATH=/opt/ros/foxy /usr/bin/cmake --install /home/sreeja/dev_ws/build/gazebo_ros2_control
[6.644s] Level 1:colcon.colcon_core.environment:checking '/home/sreeja/dev_ws/install/gazebo_ros2_control' for CMake module files
[6.645s] Level 1:colcon.colcon_core.environment:checking '/home/sreeja/dev_ws/install/gazebo_ros2_control' for CMake config files
[6.645s] Level 1:colcon.colcon_core.shell:create_environment_hook('gazebo_ros2_control', 'cmake_prefix_path')
[6.724s] INFO:colcon.colcon_core.shell:Creating environment hook '/home/sreeja/dev_ws/install/gazebo_ros2_control/share/gazebo_ros2_control/hook/cmake_prefix_path.ps1'
[6.725s] INFO:colcon.colcon_core.shell:Creating environment descriptor '/home/sreeja/dev_ws/install/gazebo_ros2_control/share/gazebo_ros2_control/hook/cmake_prefix_path.dsv'
[6.725s] INFO:colcon.colcon_core.shell:Creating environment hook '/home/sreeja/dev_ws/install/gazebo_ros2_control/share/gazebo_ros2_control/hook/cmake_prefix_path.sh'
[6.726s] Level 1:colcon.colcon_core.environment:checking '/home/sreeja/dev_ws/install/gazebo_ros2_control/lib'
[6.726s] Level 1:colcon.colcon_core.shell:create_environment_hook('gazebo_ros2_control', 'ld_library_path_lib')
[6.804s] INFO:colcon.colcon_core.shell:Creating environment hook '/home/sreeja/dev_ws/install/gazebo_ros2_control/share/gazebo_ros2_control/hook/ld_library_path_lib.ps1'
[6.804s] INFO:colcon.colcon_core.shell:Creating environment descriptor '/home/sreeja/dev_ws/install/gazebo_ros2_control/share/gazebo_ros2_control/hook/ld_library_path_lib.dsv'
[6.805s] INFO:colcon.colcon_core.shell:Creating environment hook '/home/sreeja/dev_ws/install/gazebo_ros2_control/share/gazebo_ros2_control/hook/ld_library_path_lib.sh'
[6.805s] Level 1:colcon.colcon_core.environment:checking '/home/sreeja/dev_ws/install/gazebo_ros2_control/bin'
[6.805s] Level 1:colcon.colcon_core.environment:checking '/home/sreeja/dev_ws/install/gazebo_ros2_control/lib/pkgconfig/gazebo_ros2_control.pc'
[6.805s] Level 1:colcon.colcon_core.environment:checking '/home/sreeja/dev_ws/install/gazebo_ros2_control/lib/python3.8/site-packages'
[6.806s] Level 1:colcon.colcon_core.environment:checking '/home/sreeja/dev_ws/install/gazebo_ros2_control/bin'
[6.881s] INFO:colcon.colcon_core.shell:Creating package script '/home/sreeja/dev_ws/install/gazebo_ros2_control/share/gazebo_ros2_control/package.ps1'
[6.882s] INFO:colcon.colcon_core.shell:Creating package descriptor '/home/sreeja/dev_ws/install/gazebo_ros2_control/share/gazebo_ros2_control/package.dsv'
[6.882s] INFO:colcon.colcon_core.shell:Creating package script '/home/sreeja/dev_ws/install/gazebo_ros2_control/share/gazebo_ros2_control/package.sh'
[6.882s] INFO:colcon.colcon_core.shell:Creating package script '/home/sreeja/dev_ws/install/gazebo_ros2_control/share/gazebo_ros2_control/package.bash'
[6.883s] INFO:colcon.colcon_core.shell:Creating package script '/home/sreeja/dev_ws/install/gazebo_ros2_control/share/gazebo_ros2_control/package.zsh'
[6.883s] Level 1:colcon.colcon_core.environment:create_file_with_runtime_dependencies(/home/sreeja/dev_ws/install/gazebo_ros2_control/share/colcon-core/packages/gazebo_ros2_control)
[6.889s] DEBUG:colcon.colcon_core.event_handler.log_command:Invoked command in '/home/sreeja/dev_ws/build/serial_motor_demo_msgs' returned '0': CMAKE_PREFIX_PATH=/opt/ros/foxy /usr/bin/cmake --build /home/sreeja/dev_ws/build/serial_motor_demo_msgs -- -j4 -l4
[6.897s] DEBUG:colcon.colcon_core.event_handler.log_command:Invoking command in '/home/sreeja/dev_ws/build/web_video_server': CMAKE_PREFIX_PATH=/opt/ros/foxy /usr/bin/cmake --install /home/sreeja/dev_ws/build/web_video_server
[6.997s] Level 1:colcon.colcon_core.environment:create_environment_scripts_only(my_bot)
[7.073s] Level 1:colcon.colcon_core.environment:checking '/home/sreeja/dev_ws/install/my_bot' for CMake module files
[7.073s] Level 1:colcon.colcon_core.environment:checking '/home/sreeja/dev_ws/install/my_bot' for CMake config files
[7.074s] Level 1:colcon.colcon_core.shell:create_environment_hook('my_bot', 'cmake_prefix_path')
[7.154s] INFO:colcon.colcon_core.shell:Creating environment hook '/home/sreeja/dev_ws/install/my_bot/share/my_bot/hook/cmake_prefix_path.ps1'
[7.155s] INFO:colcon.colcon_core.shell:Creating environment descriptor '/home/sreeja/dev_ws/install/my_bot/share/my_bot/hook/cmake_prefix_path.dsv'
[7.155s] INFO:colcon.colcon_core.shell:Creating environment hook '/home/sreeja/dev_ws/install/my_bot/share/my_bot/hook/cmake_prefix_path.sh'
[7.156s] Level 1:colcon.colcon_core.environment:checking '/home/sreeja/dev_ws/install/my_bot/lib'
[7.156s] Level 1:colcon.colcon_core.environment:checking '/home/sreeja/dev_ws/install/my_bot/bin'
[7.156s] Level 1:colcon.colcon_core.environment:checking '/home/sreeja/dev_ws/install/my_bot/lib/pkgconfig/my_bot.pc'
[7.156s] Level 1:colcon.colcon_core.environment:checking '/home/sreeja/dev_ws/install/my_bot/lib/python3.8/site-packages'
[7.157s] Level 1:colcon.colcon_core.environment:checking '/home/sreeja/dev_ws/install/my_bot/bin'
[7.232s] INFO:colcon.colcon_core.shell:Creating package script '/home/sreeja/dev_ws/install/my_bot/share/my_bot/package.ps1'
[7.233s] INFO:colcon.colcon_core.shell:Creating package descriptor '/home/sreeja/dev_ws/install/my_bot/share/my_bot/package.dsv'
[7.233s] INFO:colcon.colcon_core.shell:Creating package script '/home/sreeja/dev_ws/install/my_bot/share/my_bot/package.sh'
[7.234s] INFO:colcon.colcon_core.shell:Creating package script '/home/sreeja/dev_ws/install/my_bot/share/my_bot/package.bash'
[7.235s] INFO:colcon.colcon_core.shell:Creating package script '/home/sreeja/dev_ws/install/my_bot/share/my_bot/package.zsh'
[7.235s] Level 1:colcon.colcon_core.environment:create_file_with_runtime_dependencies(/home/sreeja/dev_ws/install/my_bot/share/colcon-core/packages/my_bot)
[7.313s] Level 1:colcon.colcon_core.environment:create_environment_scripts_only(gazebo_ros2_control)
[7.388s] Level 1:colcon.colcon_core.environment:checking '/home/sreeja/dev_ws/install/gazebo_ros2_control' for CMake module files
[7.388s] Level 1:colcon.colcon_core.environment:checking '/home/sreeja/dev_ws/install/gazebo_ros2_control' for CMake config files
[7.388s] Level 1:colcon.colcon_core.shell:create_environment_hook('gazebo_ros2_control', 'cmake_prefix_path')
[7.468s] INFO:colcon.colcon_core.shell:Creating environment hook '/home/sreeja/dev_ws/install/gazebo_ros2_control/share/gazebo_ros2_control/hook/cmake_prefix_path.ps1'
[7.468s] INFO:colcon.colcon_core.shell:Creating environment descriptor '/home/sreeja/dev_ws/install/gazebo_ros2_control/share/gazebo_ros2_control/hook/cmake_prefix_path.dsv'
[7.468s] INFO:colcon.colcon_core.shell:Creating environment hook '/home/sreeja/dev_ws/install/gazebo_ros2_control/share/gazebo_ros2_control/hook/cmake_prefix_path.sh'
[7.469s] Level 1:colcon.colcon_core.environment:checking '/home/sreeja/dev_ws/install/gazebo_ros2_control/lib'
[7.469s] Level 1:colcon.colcon_core.shell:create_environment_hook('gazebo_ros2_control', 'ld_library_path_lib')
[7.544s] INFO:colcon.colcon_core.shell:Creating environment hook '/home/sreeja/dev_ws/install/gazebo_ros2_control/share/gazebo_ros2_control/hook/ld_library_path_lib.ps1'
[7.544s] INFO:colcon.colcon_core.shell:Creating environment descriptor '/home/sreeja/dev_ws/install/gazebo_ros2_control/share/gazebo_ros2_control/hook/ld_library_path_lib.dsv'
[7.545s] INFO:colcon.colcon_core.shell:Creating environment hook '/home/sreeja/dev_ws/install/gazebo_ros2_control/share/gazebo_ros2_control/hook/ld_library_path_lib.sh'
[7.545s] Level 1:colcon.colcon_core.environment:checking '/home/sreeja/dev_ws/install/gazebo_ros2_control/bin'
[7.545s] Level 1:colcon.colcon_core.environment:checking '/home/sreeja/dev_ws/install/gazebo_ros2_control/lib/pkgconfig/gazebo_ros2_control.pc'
[7.545s] Level 1:colcon.colcon_core.environment:checking '/home/sreeja/dev_ws/install/gazebo_ros2_control/lib/python3.8/site-packages'
[7.545s] Level 1:colcon.colcon_core.environment:checking '/home/sreeja/dev_ws/install/gazebo_ros2_control/bin'
[7.621s] INFO:colcon.colcon_core.shell:Creating package script '/home/sreeja/dev_ws/install/gazebo_ros2_control/share/gazebo_ros2_control/package.ps1'
[7.621s] INFO:colcon.colcon_core.shell:Creating package descriptor '/home/sreeja/dev_ws/install/gazebo_ros2_control/share/gazebo_ros2_control/package.dsv'
[7.622s] INFO:colcon.colcon_core.shell:Creating package script '/home/sreeja/dev_ws/install/gazebo_ros2_control/share/gazebo_ros2_control/package.sh'
[7.622s] INFO:colcon.colcon_core.shell:Creating package script '/home/sreeja/dev_ws/install/gazebo_ros2_control/share/gazebo_ros2_control/package.bash'
[7.623s] INFO:colcon.colcon_core.shell:Creating package script '/home/sreeja/dev_ws/install/gazebo_ros2_control/share/gazebo_ros2_control/package.zsh'
[7.623s] Level 1:colcon.colcon_core.environment:create_file_with_runtime_dependencies(/home/sreeja/dev_ws/install/gazebo_ros2_control/share/colcon-core/packages/gazebo_ros2_control)
[7.627s] DEBUG:colcon.colcon_core.event_handler.log_command:Invoking command in '/home/sreeja/dev_ws/build/serial_motor_demo_msgs': CMAKE_PREFIX_PATH=/opt/ros/foxy /usr/bin/cmake --install /home/sreeja/dev_ws/build/serial_motor_demo_msgs
[7.628s] INFO:colcon.colcon_ros.task.ament_cmake.build:Building ROS package in '/home/sreeja/dev_ws/src/gazebo_ros2_control/gazebo_ros2_control_demos' with build type 'ament_cmake'
[7.628s] INFO:colcon.colcon_cmake.task.cmake.build:Building CMake package in '/home/sreeja/dev_ws/src/gazebo_ros2_control/gazebo_ros2_control_demos'
[7.719s] INFO:colcon.colcon_core.shell:Skip shell extension 'powershell' for command environment: Not usable outside of PowerShell
[7.719s] DEBUG:colcon.colcon_core.shell:Skip shell extension 'dsv' for command environment
[7.875s] Level 1:colcon.colcon_core.environment:create_environment_scripts_only(web_video_server)
[7.876s] DEBUG:colcon.colcon_core.event_handler.log_command:Invoked command in '/home/sreeja/dev_ws/build/web_video_server' returned '0': CMAKE_PREFIX_PATH=/opt/ros/foxy /usr/bin/cmake --install /home/sreeja/dev_ws/build/web_video_server
[7.962s] Level 1:colcon.colcon_core.environment:checking '/home/sreeja/dev_ws/install/web_video_server' for CMake module files
[7.962s] Level 1:colcon.colcon_core.environment:checking '/home/sreeja/dev_ws/install/web_video_server' for CMake config files
[7.962s] Level 1:colcon.colcon_core.shell:create_environment_hook('web_video_server', 'cmake_prefix_path')
[8.037s] INFO:colcon.colcon_core.shell:Creating environment hook '/home/sreeja/dev_ws/install/web_video_server/share/web_video_server/hook/cmake_prefix_path.ps1'
[8.037s] INFO:colcon.colcon_core.shell:Creating environment descriptor '/home/sreeja/dev_ws/install/web_video_server/share/web_video_server/hook/cmake_prefix_path.dsv'
[8.038s] INFO:colcon.colcon_core.shell:Creating environment hook '/home/sreeja/dev_ws/install/web_video_server/share/web_video_server/hook/cmake_prefix_path.sh'
[8.038s] Level 1:colcon.colcon_core.environment:checking '/home/sreeja/dev_ws/install/web_video_server/lib'
[8.038s] Level 1:colcon.colcon_core.environment:checking '/home/sreeja/dev_ws/install/web_video_server/bin'
[8.038s] Level 1:colcon.colcon_core.environment:checking '/home/sreeja/dev_ws/install/web_video_server/lib/pkgconfig/web_video_server.pc'
[8.039s] Level 1:colcon.colcon_core.environment:checking '/home/sreeja/dev_ws/install/web_video_server/lib/python3.8/site-packages'
[8.039s] Level 1:colcon.colcon_core.environment:checking '/home/sreeja/dev_ws/install/web_video_server/bin'
[8.115s] INFO:colcon.colcon_core.shell:Creating package script '/home/sreeja/dev_ws/install/web_video_server/share/web_video_server/package.ps1'
[8.116s] INFO:colcon.colcon_core.shell:Creating package descriptor '/home/sreeja/dev_ws/install/web_video_server/share/web_video_server/package.dsv'
[8.116s] INFO:colcon.colcon_core.shell:Creating package script '/home/sreeja/dev_ws/install/web_video_server/share/web_video_server/package.sh'
[8.116s] INFO:colcon.colcon_core.shell:Creating package script '/home/sreeja/dev_ws/install/web_video_server/share/web_video_server/package.bash'
[8.117s] INFO:colcon.colcon_core.shell:Creating package script '/home/sreeja/dev_ws/install/web_video_server/share/web_video_server/package.zsh'
[8.117s] Level 1:colcon.colcon_core.environment:create_file_with_runtime_dependencies(/home/sreeja/dev_ws/install/web_video_server/share/colcon-core/packages/web_video_server)
[8.125s] DEBUG:colcon.colcon_core.event_handler.log_command:Invoking command in '/home/sreeja/dev_ws/build/gazebo_ros2_control_demos': AMENT_PREFIX_PATH=/home/sreeja/dev_ws/install/gazebo_ros2_control:${AMENT_PREFIX_PATH} CMAKE_PREFIX_PATH=/home/sreeja/dev_ws/install/gazebo_ros2_control:/opt/ros/foxy LD_LIBRARY_PATH=/home/sreeja/dev_ws/install/gazebo_ros2_control/lib:${LD_LIBRARY_PATH} /usr/bin/cmake --build /home/sreeja/dev_ws/build/gazebo_ros2_control_demos -- -j4 -l4
[8.126s] Level 1:colcon.colcon_core.environment:create_environment_scripts_only(serial_motor_demo_msgs)
[8.127s] DEBUG:colcon.colcon_core.event_handler.log_command:Invoked command in '/home/sreeja/dev_ws/build/serial_motor_demo_msgs' returned '0': CMAKE_PREFIX_PATH=/opt/ros/foxy /usr/bin/cmake --install /home/sreeja/dev_ws/build/serial_motor_demo_msgs
[8.208s] Level 1:colcon.colcon_core.environment:checking '/home/sreeja/dev_ws/install/serial_motor_demo_msgs' for CMake module files
[8.209s] Level 1:colcon.colcon_core.environment:checking '/home/sreeja/dev_ws/install/serial_motor_demo_msgs' for CMake config files
[8.209s] Level 1:colcon.colcon_core.shell:create_environment_hook('serial_motor_demo_msgs', 'cmake_prefix_path')
[8.286s] INFO:colcon.colcon_core.shell:Creating environment hook '/home/sreeja/dev_ws/install/serial_motor_demo_msgs/share/serial_motor_demo_msgs/hook/cmake_prefix_path.ps1'
[8.286s] INFO:colcon.colcon_core.shell:Creating environment descriptor '/home/sreeja/dev_ws/install/serial_motor_demo_msgs/share/serial_motor_demo_msgs/hook/cmake_prefix_path.dsv'
[8.287s] INFO:colcon.colcon_core.shell:Creating environment hook '/home/sreeja/dev_ws/install/serial_motor_demo_msgs/share/serial_motor_demo_msgs/hook/cmake_prefix_path.sh'
[8.287s] Level 1:colcon.colcon_core.environment:checking '/home/sreeja/dev_ws/install/serial_motor_demo_msgs/lib'
[8.287s] Level 1:colcon.colcon_core.shell:create_environment_hook('serial_motor_demo_msgs', 'ld_library_path_lib')
[8.364s] INFO:colcon.colcon_core.shell:Creating environment hook '/home/sreeja/dev_ws/install/serial_motor_demo_msgs/share/serial_motor_demo_msgs/hook/ld_library_path_lib.ps1'
[8.364s] INFO:colcon.colcon_core.shell:Creating environment descriptor '/home/sreeja/dev_ws/install/serial_motor_demo_msgs/share/serial_motor_demo_msgs/hook/ld_library_path_lib.dsv'
[8.365s] INFO:colcon.colcon_core.shell:Creating environment hook '/home/sreeja/dev_ws/install/serial_motor_demo_msgs/share/serial_motor_demo_msgs/hook/ld_library_path_lib.sh'
[8.365s] Level 1:colcon.colcon_core.environment:checking '/home/sreeja/dev_ws/install/serial_motor_demo_msgs/bin'
[8.365s] Level 1:colcon.colcon_core.environment:checking '/home/sreeja/dev_ws/install/serial_motor_demo_msgs/lib/pkgconfig/serial_motor_demo_msgs.pc'
[8.365s] Level 1:colcon.colcon_core.environment:checking '/home/sreeja/dev_ws/install/serial_motor_demo_msgs/lib/python3.8/site-packages'
[8.365s] Level 1:colcon.colcon_core.shell:create_environment_hook('serial_motor_demo_msgs', 'pythonpath')
[8.439s] INFO:colcon.colcon_core.shell:Creating environment hook '/home/sreeja/dev_ws/install/serial_motor_demo_msgs/share/serial_motor_demo_msgs/hook/pythonpath.ps1'
[8.440s] INFO:colcon.colcon_core.shell:Creating environment descriptor '/home/sreeja/dev_ws/install/serial_motor_demo_msgs/share/serial_motor_demo_msgs/hook/pythonpath.dsv'
[8.440s] INFO:colcon.colcon_core.shell:Creating environment hook '/home/sreeja/dev_ws/install/serial_motor_demo_msgs/share/serial_motor_demo_msgs/hook/pythonpath.sh'
[8.441s] Level 1:colcon.colcon_core.environment:checking '/home/sreeja/dev_ws/install/serial_motor_demo_msgs/bin'
[8.514s] INFO:colcon.colcon_core.shell:Creating package script '/home/sreeja/dev_ws/install/serial_motor_demo_msgs/share/serial_motor_demo_msgs/package.ps1'
[8.515s] INFO:colcon.colcon_core.shell:Creating package descriptor '/home/sreeja/dev_ws/install/serial_motor_demo_msgs/share/serial_motor_demo_msgs/package.dsv'
[8.515s] INFO:colcon.colcon_core.shell:Creating package script '/home/sreeja/dev_ws/install/serial_motor_demo_msgs/share/serial_motor_demo_msgs/package.sh'
[8.516s] INFO:colcon.colcon_core.shell:Creating package script '/home/sreeja/dev_ws/install/serial_motor_demo_msgs/share/serial_motor_demo_msgs/package.bash'
[8.516s] INFO:colcon.colcon_core.shell:Creating package script '/home/sreeja/dev_ws/install/serial_motor_demo_msgs/share/serial_motor_demo_msgs/package.zsh'
[8.517s] Level 1:colcon.colcon_core.environment:create_file_with_runtime_dependencies(/home/sreeja/dev_ws/install/serial_motor_demo_msgs/share/colcon-core/packages/serial_motor_demo_msgs)
[8.597s] Level 1:colcon.colcon_core.environment:create_environment_scripts_only(web_video_server)
[8.672s] Level 1:colcon.colcon_core.environment:checking '/home/sreeja/dev_ws/install/web_video_server' for CMake module files
[8.672s] Level 1:colcon.colcon_core.environment:checking '/home/sreeja/dev_ws/install/web_video_server' for CMake config files
[8.673s] Level 1:colcon.colcon_core.shell:create_environment_hook('web_video_server', 'cmake_prefix_path')
[8.747s] INFO:colcon.colcon_core.shell:Creating environment hook '/home/sreeja/dev_ws/install/web_video_server/share/web_video_server/hook/cmake_prefix_path.ps1'
[8.748s] INFO:colcon.colcon_core.shell:Creating environment descriptor '/home/sreeja/dev_ws/install/web_video_server/share/web_video_server/hook/cmake_prefix_path.dsv'
[8.748s] INFO:colcon.colcon_core.shell:Creating environment hook '/home/sreeja/dev_ws/install/web_video_server/share/web_video_server/hook/cmake_prefix_path.sh'
[8.749s] Level 1:colcon.colcon_core.environment:checking '/home/sreeja/dev_ws/install/web_video_server/lib'
[8.749s] Level 1:colcon.colcon_core.environment:checking '/home/sreeja/dev_ws/install/web_video_server/bin'
[8.749s] Level 1:colcon.colcon_core.environment:checking '/home/sreeja/dev_ws/install/web_video_server/lib/pkgconfig/web_video_server.pc'
[8.749s] Level 1:colcon.colcon_core.environment:checking '/home/sreeja/dev_ws/install/web_video_server/lib/python3.8/site-packages'
[8.749s] Level 1:colcon.colcon_core.environment:checking '/home/sreeja/dev_ws/install/web_video_server/bin'
[8.824s] INFO:colcon.colcon_core.shell:Creating package script '/home/sreeja/dev_ws/install/web_video_server/share/web_video_server/package.ps1'
[8.824s] INFO:colcon.colcon_core.shell:Creating package descriptor '/home/sreeja/dev_ws/install/web_video_server/share/web_video_server/package.dsv'
[8.825s] INFO:colcon.colcon_core.shell:Creating package script '/home/sreeja/dev_ws/install/web_video_server/share/web_video_server/package.sh'
[8.825s] INFO:colcon.colcon_core.shell:Creating package script '/home/sreeja/dev_ws/install/web_video_server/share/web_video_server/package.bash'
[8.826s] INFO:colcon.colcon_core.shell:Creating package script '/home/sreeja/dev_ws/install/web_video_server/share/web_video_server/package.zsh'
[8.826s] Level 1:colcon.colcon_core.environment:create_file_with_runtime_dependencies(/home/sreeja/dev_ws/install/web_video_server/share/colcon-core/packages/web_video_server)
[8.831s] DEBUG:colcon.colcon_core.event_handler.log_command:Invoked command in '/home/sreeja/dev_ws/build/gazebo_ros2_control_demos' returned '0': AMENT_PREFIX_PATH=/home/sreeja/dev_ws/install/gazebo_ros2_control:${AMENT_PREFIX_PATH} CMAKE_PREFIX_PATH=/home/sreeja/dev_ws/install/gazebo_ros2_control:/opt/ros/foxy LD_LIBRARY_PATH=/home/sreeja/dev_ws/install/gazebo_ros2_control/lib:${LD_LIBRARY_PATH} /usr/bin/cmake --build /home/sreeja/dev_ws/build/gazebo_ros2_control_demos -- -j4 -l4
[8.909s] Level 1:colcon.colcon_core.environment:create_environment_scripts_only(serial_motor_demo_msgs)
[8.989s] Level 1:colcon.colcon_core.environment:checking '/home/sreeja/dev_ws/install/serial_motor_demo_msgs' for CMake module files
[8.989s] Level 1:colcon.colcon_core.environment:checking '/home/sreeja/dev_ws/install/serial_motor_demo_msgs' for CMake config files
[8.990s] Level 1:colcon.colcon_core.shell:create_environment_hook('serial_motor_demo_msgs', 'cmake_prefix_path')
[9.067s] INFO:colcon.colcon_core.shell:Creating environment hook '/home/sreeja/dev_ws/install/serial_motor_demo_msgs/share/serial_motor_demo_msgs/hook/cmake_prefix_path.ps1'
[9.067s] INFO:colcon.colcon_core.shell:Creating environment descriptor '/home/sreeja/dev_ws/install/serial_motor_demo_msgs/share/serial_motor_demo_msgs/hook/cmake_prefix_path.dsv'
[9.068s] INFO:colcon.colcon_core.shell:Creating environment hook '/home/sreeja/dev_ws/install/serial_motor_demo_msgs/share/serial_motor_demo_msgs/hook/cmake_prefix_path.sh'
[9.068s] Level 1:colcon.colcon_core.environment:checking '/home/sreeja/dev_ws/install/serial_motor_demo_msgs/lib'
[9.068s] Level 1:colcon.colcon_core.shell:create_environment_hook('serial_motor_demo_msgs', 'ld_library_path_lib')
[9.145s] INFO:colcon.colcon_core.shell:Creating environment hook '/home/sreeja/dev_ws/install/serial_motor_demo_msgs/share/serial_motor_demo_msgs/hook/ld_library_path_lib.ps1'
[9.146s] INFO:colcon.colcon_core.shell:Creating environment descriptor '/home/sreeja/dev_ws/install/serial_motor_demo_msgs/share/serial_motor_demo_msgs/hook/ld_library_path_lib.dsv'
[9.146s] INFO:colcon.colcon_core.shell:Creating environment hook '/home/sreeja/dev_ws/install/serial_motor_demo_msgs/share/serial_motor_demo_msgs/hook/ld_library_path_lib.sh'
[9.146s] Level 1:colcon.colcon_core.environment:checking '/home/sreeja/dev_ws/install/serial_motor_demo_msgs/bin'
[9.147s] Level 1:colcon.colcon_core.environment:checking '/home/sreeja/dev_ws/install/serial_motor_demo_msgs/lib/pkgconfig/serial_motor_demo_msgs.pc'
[9.147s] Level 1:colcon.colcon_core.environment:checking '/home/sreeja/dev_ws/install/serial_motor_demo_msgs/lib/python3.8/site-packages'
[9.147s] Level 1:colcon.colcon_core.shell:create_environment_hook('serial_motor_demo_msgs', 'pythonpath')
[9.221s] INFO:colcon.colcon_core.shell:Creating environment hook '/home/sreeja/dev_ws/install/serial_motor_demo_msgs/share/serial_motor_demo_msgs/hook/pythonpath.ps1'
[9.222s] INFO:colcon.colcon_core.shell:Creating environment descriptor '/home/sreeja/dev_ws/install/serial_motor_demo_msgs/share/serial_motor_demo_msgs/hook/pythonpath.dsv'
[9.222s] INFO:colcon.colcon_core.shell:Creating environment hook '/home/sreeja/dev_ws/install/serial_motor_demo_msgs/share/serial_motor_demo_msgs/hook/pythonpath.sh'
[9.223s] Level 1:colcon.colcon_core.environment:checking '/home/sreeja/dev_ws/install/serial_motor_demo_msgs/bin'
[9.302s] INFO:colcon.colcon_core.shell:Creating package script '/home/sreeja/dev_ws/install/serial_motor_demo_msgs/share/serial_motor_demo_msgs/package.ps1'
[9.303s] INFO:colcon.colcon_core.shell:Creating package descriptor '/home/sreeja/dev_ws/install/serial_motor_demo_msgs/share/serial_motor_demo_msgs/package.dsv'
[9.303s] INFO:colcon.colcon_core.shell:Creating package script '/home/sreeja/dev_ws/install/serial_motor_demo_msgs/share/serial_motor_demo_msgs/package.sh'
[9.304s] INFO:colcon.colcon_core.shell:Creating package script '/home/sreeja/dev_ws/install/serial_motor_demo_msgs/share/serial_motor_demo_msgs/package.bash'
[9.304s] INFO:colcon.colcon_core.shell:Creating package script '/home/sreeja/dev_ws/install/serial_motor_demo_msgs/share/serial_motor_demo_msgs/package.zsh'
[9.304s] Level 1:colcon.colcon_core.environment:create_file_with_runtime_dependencies(/home/sreeja/dev_ws/install/serial_motor_demo_msgs/share/colcon-core/packages/serial_motor_demo_msgs)
[9.305s] INFO:colcon.colcon_ros.task.ament_python.build:Building ROS package in '/home/sreeja/dev_ws/src/serial_motor_demo/serial_motor_demo' with build type 'ament_python'
[9.305s] Level 1:colcon.colcon_core.shell:create_environment_hook('serial_motor_demo', 'ament_prefix_path')
[9.383s] INFO:colcon.colcon_core.shell:Creating environment hook '/home/sreeja/dev_ws/install/serial_motor_demo/share/serial_motor_demo/hook/ament_prefix_path.ps1'
[9.384s] INFO:colcon.colcon_core.shell:Creating environment descriptor '/home/sreeja/dev_ws/install/serial_motor_demo/share/serial_motor_demo/hook/ament_prefix_path.dsv'
[9.384s] INFO:colcon.colcon_core.shell:Creating environment hook '/home/sreeja/dev_ws/install/serial_motor_demo/share/serial_motor_demo/hook/ament_prefix_path.sh'
[9.459s] INFO:colcon.colcon_core.shell:Skip shell extension 'powershell' for command environment: Not usable outside of PowerShell
[9.459s] DEBUG:colcon.colcon_core.shell:Skip shell extension 'dsv' for command environment
[9.617s] DEBUG:colcon.colcon_core.event_handler.log_command:Invoking command in '/home/sreeja/dev_ws/build/gazebo_ros2_control_demos': AMENT_PREFIX_PATH=/home/sreeja/dev_ws/install/gazebo_ros2_control:${AMENT_PREFIX_PATH} CMAKE_PREFIX_PATH=/home/sreeja/dev_ws/install/gazebo_ros2_control:/opt/ros/foxy LD_LIBRARY_PATH=/home/sreeja/dev_ws/install/gazebo_ros2_control/lib:${LD_LIBRARY_PATH} /usr/bin/cmake --install /home/sreeja/dev_ws/build/gazebo_ros2_control_demos
[9.805s] INFO:colcon.colcon_core.task.python.build:Building Python package in '/home/sreeja/dev_ws/src/serial_motor_demo/serial_motor_demo'
[9.881s] INFO:colcon.colcon_core.shell:Skip shell extension 'powershell' for command environment: Not usable outside of PowerShell
[9.881s] DEBUG:colcon.colcon_core.shell:Skip shell extension 'dsv' for command environment
[10.037s] Level 1:colcon.colcon_core.environment:create_environment_scripts_only(gazebo_ros2_control_demos)
[10.037s] DEBUG:colcon.colcon_core.event_handler.log_command:Invoked command in '/home/sreeja/dev_ws/build/gazebo_ros2_control_demos' returned '0': AMENT_PREFIX_PATH=/home/sreeja/dev_ws/install/gazebo_ros2_control:${AMENT_PREFIX_PATH} CMAKE_PREFIX_PATH=/home/sreeja/dev_ws/install/gazebo_ros2_control:/opt/ros/foxy LD_LIBRARY_PATH=/home/sreeja/dev_ws/install/gazebo_ros2_control/lib:${LD_LIBRARY_PATH} /usr/bin/cmake --install /home/sreeja/dev_ws/build/gazebo_ros2_control_demos
[10.115s] Level 1:colcon.colcon_core.environment:checking '/home/sreeja/dev_ws/install/gazebo_ros2_control_demos' for CMake module files
[10.116s] Level 1:colcon.colcon_core.environment:checking '/home/sreeja/dev_ws/install/gazebo_ros2_control_demos' for CMake config files
[10.116s] Level 1:colcon.colcon_core.shell:create_environment_hook('gazebo_ros2_control_demos', 'cmake_prefix_path')
[10.191s] INFO:colcon.colcon_core.shell:Creating environment hook '/home/sreeja/dev_ws/install/gazebo_ros2_control_demos/share/gazebo_ros2_control_demos/hook/cmake_prefix_path.ps1'
[10.192s] INFO:colcon.colcon_core.shell:Creating environment descriptor '/home/sreeja/dev_ws/install/gazebo_ros2_control_demos/share/gazebo_ros2_control_demos/hook/cmake_prefix_path.dsv'
[10.192s] INFO:colcon.colcon_core.shell:Creating environment hook '/home/sreeja/dev_ws/install/gazebo_ros2_control_demos/share/gazebo_ros2_control_demos/hook/cmake_prefix_path.sh'
[10.192s] Level 1:colcon.colcon_core.environment:checking '/home/sreeja/dev_ws/install/gazebo_ros2_control_demos/lib'
[10.192s] Level 1:colcon.colcon_core.environment:checking '/home/sreeja/dev_ws/install/gazebo_ros2_control_demos/bin'
[10.193s] Level 1:colcon.colcon_core.environment:checking '/home/sreeja/dev_ws/install/gazebo_ros2_control_demos/lib/pkgconfig/gazebo_ros2_control_demos.pc'
[10.193s] Level 1:colcon.colcon_core.environment:checking '/home/sreeja/dev_ws/install/gazebo_ros2_control_demos/lib/python3.8/site-packages'
[10.193s] Level 1:colcon.colcon_core.environment:checking '/home/sreeja/dev_ws/install/gazebo_ros2_control_demos/bin'
[10.268s] INFO:colcon.colcon_core.shell:Creating package script '/home/sreeja/dev_ws/install/gazebo_ros2_control_demos/share/gazebo_ros2_control_demos/package.ps1'
[10.268s] INFO:colcon.colcon_core.shell:Creating package descriptor '/home/sreeja/dev_ws/install/gazebo_ros2_control_demos/share/gazebo_ros2_control_demos/package.dsv'
[10.268s] INFO:colcon.colcon_core.shell:Creating package script '/home/sreeja/dev_ws/install/gazebo_ros2_control_demos/share/gazebo_ros2_control_demos/package.sh'
[10.269s] INFO:colcon.colcon_core.shell:Creating package script '/home/sreeja/dev_ws/install/gazebo_ros2_control_demos/share/gazebo_ros2_control_demos/package.bash'
[10.269s] INFO:colcon.colcon_core.shell:Creating package script '/home/sreeja/dev_ws/install/gazebo_ros2_control_demos/share/gazebo_ros2_control_demos/package.zsh'
[10.269s] Level 1:colcon.colcon_core.environment:create_file_with_runtime_dependencies(/home/sreeja/dev_ws/install/gazebo_ros2_control_demos/share/colcon-core/packages/gazebo_ros2_control_demos)
[10.375s] Level 1:colcon.colcon_core.environment:create_environment_scripts_only(gazebo_ros2_control_demos)
[10.457s] Level 1:colcon.colcon_core.environment:checking '/home/sreeja/dev_ws/install/gazebo_ros2_control_demos' for CMake module files
[10.457s] Level 1:colcon.colcon_core.environment:checking '/home/sreeja/dev_ws/install/gazebo_ros2_control_demos' for CMake config files
[10.458s] Level 1:colcon.colcon_core.shell:create_environment_hook('gazebo_ros2_control_demos', 'cmake_prefix_path')
[10.533s] INFO:colcon.colcon_core.shell:Creating environment hook '/home/sreeja/dev_ws/install/gazebo_ros2_control_demos/share/gazebo_ros2_control_demos/hook/cmake_prefix_path.ps1'
[10.534s] INFO:colcon.colcon_core.shell:Creating environment descriptor '/home/sreeja/dev_ws/install/gazebo_ros2_control_demos/share/gazebo_ros2_control_demos/hook/cmake_prefix_path.dsv'
[10.534s] INFO:colcon.colcon_core.shell:Creating environment hook '/home/sreeja/dev_ws/install/gazebo_ros2_control_demos/share/gazebo_ros2_control_demos/hook/cmake_prefix_path.sh'
[10.535s] Level 1:colcon.colcon_core.environment:checking '/home/sreeja/dev_ws/install/gazebo_ros2_control_demos/lib'
[10.535s] Level 1:colcon.colcon_core.environment:checking '/home/sreeja/dev_ws/install/gazebo_ros2_control_demos/bin'
[10.535s] Level 1:colcon.colcon_core.environment:checking '/home/sreeja/dev_ws/install/gazebo_ros2_control_demos/lib/pkgconfig/gazebo_ros2_control_demos.pc'
[10.535s] Level 1:colcon.colcon_core.environment:checking '/home/sreeja/dev_ws/install/gazebo_ros2_control_demos/lib/python3.8/site-packages'
[10.535s] Level 1:colcon.colcon_core.environment:checking '/home/sreeja/dev_ws/install/gazebo_ros2_control_demos/bin'
[10.612s] INFO:colcon.colcon_core.shell:Creating package script '/home/sreeja/dev_ws/install/gazebo_ros2_control_demos/share/gazebo_ros2_control_demos/package.ps1'
[10.613s] INFO:colcon.colcon_core.shell:Creating package descriptor '/home/sreeja/dev_ws/install/gazebo_ros2_control_demos/share/gazebo_ros2_control_demos/package.dsv'
[10.613s] INFO:colcon.colcon_core.shell:Creating package script '/home/sreeja/dev_ws/install/gazebo_ros2_control_demos/share/gazebo_ros2_control_demos/package.sh'
[10.614s] INFO:colcon.colcon_core.shell:Creating package script '/home/sreeja/dev_ws/install/gazebo_ros2_control_demos/share/gazebo_ros2_control_demos/package.bash'
[10.614s] INFO:colcon.colcon_core.shell:Creating package script '/home/sreeja/dev_ws/install/gazebo_ros2_control_demos/share/gazebo_ros2_control_demos/package.zsh'
[10.615s] Level 1:colcon.colcon_core.environment:create_file_with_runtime_dependencies(/home/sreeja/dev_ws/install/gazebo_ros2_control_demos/share/colcon-core/packages/gazebo_ros2_control_demos)
[10.619s] DEBUG:colcon.colcon_core.event_handler.log_command:Invoking command in '/home/sreeja/dev_ws/build/serial_motor_demo': AMENT_PREFIX_PATH=/home/sreeja/dev_ws/install/serial_motor_demo_msgs:${AMENT_PREFIX_PATH} CMAKE_PREFIX_PATH=/home/sreeja/dev_ws/install/serial_motor_demo_msgs LD_LIBRARY_PATH=/home/sreeja/dev_ws/install/serial_motor_demo_msgs/lib:${LD_LIBRARY_PATH} PYTHONPATH=/home/sreeja/dev_ws/build/serial_motor_demo/prefix_override:/home/sreeja/dev_ws/install/serial_motor_demo/lib/python3.8/site-packages:/home/sreeja/dev_ws/install/serial_motor_demo_msgs/lib/python3.8/site-packages:${PYTHONPATH} /usr/bin/python3 setup.py develop --editable --build-directory /home/sreeja/dev_ws/build/serial_motor_demo/build --no-deps install_data
[10.982s] Level 1:colcon.colcon_core.shell:create_environment_hook('serial_motor_demo', 'pythonpath_develop')
[10.982s] DEBUG:colcon.colcon_core.event_handler.log_command:Invoked command in '/home/sreeja/dev_ws/build/serial_motor_demo' returned '0': AMENT_PREFIX_PATH=/home/sreeja/dev_ws/install/serial_motor_demo_msgs:${AMENT_PREFIX_PATH} CMAKE_PREFIX_PATH=/home/sreeja/dev_ws/install/serial_motor_demo_msgs LD_LIBRARY_PATH=/home/sreeja/dev_ws/install/serial_motor_demo_msgs/lib:${LD_LIBRARY_PATH} PYTHONPATH=/home/sreeja/dev_ws/build/serial_motor_demo/prefix_override:/home/sreeja/dev_ws/install/serial_motor_demo/lib/python3.8/site-packages:/home/sreeja/dev_ws/install/serial_motor_demo_msgs/lib/python3.8/site-packages:${PYTHONPATH} /usr/bin/python3 setup.py develop --editable --build-directory /home/sreeja/dev_ws/build/serial_motor_demo/build --no-deps install_data
[11.064s] INFO:colcon.colcon_core.shell:Creating environment hook '/home/sreeja/dev_ws/build/serial_motor_demo/share/serial_motor_demo/hook/pythonpath_develop.ps1'
[11.064s] INFO:colcon.colcon_core.shell:Creating environment descriptor '/home/sreeja/dev_ws/build/serial_motor_demo/share/serial_motor_demo/hook/pythonpath_develop.dsv'
[11.065s] INFO:colcon.colcon_core.shell:Creating environment hook '/home/sreeja/dev_ws/build/serial_motor_demo/share/serial_motor_demo/hook/pythonpath_develop.sh'
[11.140s] Level 1:colcon.colcon_core.environment:checking '/home/sreeja/dev_ws/install/serial_motor_demo' for CMake module files
[11.141s] Level 1:colcon.colcon_core.environment:checking '/home/sreeja/dev_ws/install/serial_motor_demo' for CMake config files
[11.141s] Level 1:colcon.colcon_core.environment:checking '/home/sreeja/dev_ws/install/serial_motor_demo/lib'
[11.141s] Level 1:colcon.colcon_core.environment:checking '/home/sreeja/dev_ws/install/serial_motor_demo/bin'
[11.141s] Level 1:colcon.colcon_core.environment:checking '/home/sreeja/dev_ws/install/serial_motor_demo/lib/pkgconfig/serial_motor_demo.pc'
[11.141s] Level 1:colcon.colcon_core.environment:checking '/home/sreeja/dev_ws/install/serial_motor_demo/lib/python3.8/site-packages'
[11.142s] Level 1:colcon.colcon_core.shell:create_environment_hook('serial_motor_demo', 'pythonpath')
[11.218s] INFO:colcon.colcon_core.shell:Creating environment hook '/home/sreeja/dev_ws/install/serial_motor_demo/share/serial_motor_demo/hook/pythonpath.ps1'
[11.219s] INFO:colcon.colcon_core.shell:Creating environment descriptor '/home/sreeja/dev_ws/install/serial_motor_demo/share/serial_motor_demo/hook/pythonpath.dsv'
[11.219s] INFO:colcon.colcon_core.shell:Creating environment hook '/home/sreeja/dev_ws/install/serial_motor_demo/share/serial_motor_demo/hook/pythonpath.sh'
[11.220s] Level 1:colcon.colcon_core.environment:checking '/home/sreeja/dev_ws/install/serial_motor_demo/bin'
[11.220s] Level 1:colcon.colcon_core.environment:create_environment_scripts_only(serial_motor_demo)
[11.295s] INFO:colcon.colcon_core.shell:Creating package script '/home/sreeja/dev_ws/install/serial_motor_demo/share/serial_motor_demo/package.ps1'
[11.295s] INFO:colcon.colcon_core.shell:Creating package descriptor '/home/sreeja/dev_ws/install/serial_motor_demo/share/serial_motor_demo/package.dsv'
[11.296s] INFO:colcon.colcon_core.shell:Creating package script '/home/sreeja/dev_ws/install/serial_motor_demo/share/serial_motor_demo/package.sh'
[11.296s] INFO:colcon.colcon_core.shell:Creating package script '/home/sreeja/dev_ws/install/serial_motor_demo/share/serial_motor_demo/package.bash'
[11.297s] INFO:colcon.colcon_core.shell:Creating package script '/home/sreeja/dev_ws/install/serial_motor_demo/share/serial_motor_demo/package.zsh'
[11.297s] Level 1:colcon.colcon_core.environment:create_file_with_runtime_dependencies(/home/sreeja/dev_ws/install/serial_motor_demo/share/colcon-core/packages/serial_motor_demo)
[11.297s] DEBUG:colcon.colcon_parallel_executor.executor.parallel:closing loop
[11.298s] DEBUG:colcon.colcon_parallel_executor.executor.parallel:loop closed
[11.299s] DEBUG:colcon.colcon_parallel_executor.executor.parallel:run_until_complete finished with '0'
[11.299s] DEBUG:colcon.colcon_core.event_reactor:joining thread
[11.381s] INFO:colcon.colcon_core.plugin_system:Skipping extension 'colcon_notification.desktop_notification.terminal_notifier': Not used on non-Darwin systems
[11.382s] INFO:colcon.colcon_core.plugin_system:Skipping extension 'colcon_notification.desktop_notification.win32': Not used on non-Windows systems
[11.382s] INFO:colcon.colcon_notification.desktop_notification:Sending desktop notification using 'notify2'
[11.395s] DEBUG:colcon.colcon_core.event_reactor:joined thread
[11.483s] INFO:colcon.colcon_core.shell:Creating prefix script '/home/sreeja/dev_ws/install/local_setup.ps1'
[11.484s] INFO:colcon.colcon_core.shell:Creating prefix util module '/home/sreeja/dev_ws/install/_local_setup_util_ps1.py'
[11.485s] INFO:colcon.colcon_core.shell:Creating prefix chain script '/home/sreeja/dev_ws/install/setup.ps1'
[11.561s] INFO:colcon.colcon_core.shell:Creating prefix script '/home/sreeja/dev_ws/install/local_setup.sh'
[11.561s] INFO:colcon.colcon_core.shell:Creating prefix util module '/home/sreeja/dev_ws/install/_local_setup_util_sh.py'
[11.562s] INFO:colcon.colcon_core.shell:Creating prefix chain script '/home/sreeja/dev_ws/install/setup.sh'
[11.639s] INFO:colcon.colcon_core.shell:Creating prefix script '/home/sreeja/dev_ws/install/local_setup.bash'
[11.640s] INFO:colcon.colcon_core.shell:Creating prefix chain script '/home/sreeja/dev_ws/install/setup.bash'
[11.715s] INFO:colcon.colcon_core.shell:Creating prefix script '/home/sreeja/dev_ws/install/local_setup.zsh'
[11.715s] INFO:colcon.colcon_core.shell:Creating prefix chain script '/home/sreeja/dev_ws/install/setup.zsh'
