[0.991s] Invoking command in '/home/sreeja/dev_ws/build/gazebo_ros2_control': CMAKE_PREFIX_PATH=/opt/ros/foxy /usr/bin/cmake --build /home/sreeja/dev_ws/build/gazebo_ros2_control -- -j4 -l4
[1.077s] [ 50%] Built target gazebo_hardware_plugins
[1.087s] [100%] Built target gazebo_ros2_control
[1.127s] Invoked command in '/home/sreeja/dev_ws/build/gazebo_ros2_control' returned '0': CMAKE_PREFIX_PATH=/opt/ros/foxy /usr/bin/cmake --build /home/sreeja/dev_ws/build/gazebo_ros2_control -- -j4 -l4
[1.167s] Invoking command in '/home/sreeja/dev_ws/build/gazebo_ros2_control': CMAKE_PREFIX_PATH=/opt/ros/foxy /usr/bin/cmake --install /home/sreeja/dev_ws/build/gazebo_ros2_control
[1.182s] -- Install configuration: ""
[1.183s] -- Execute custom install script
[1.184s] -- Up-to-date symlink: /home/sreeja/dev_ws/install/gazebo_ros2_control/lib/libgazebo_ros2_control.so
[1.185s] -- Up-to-date symlink: /home/sreeja/dev_ws/install/gazebo_ros2_control/lib/libgazebo_hardware_plugins.so
[1.187s] -- Up-to-date symlink: /home/sreeja/dev_ws/install/gazebo_ros2_control/share/gazebo_ros2_control/environment/library_path.sh
[1.188s] -- Up-to-date symlink: /home/sreeja/dev_ws/install/gazebo_ros2_control/share/gazebo_ros2_control/environment/library_path.dsv
[1.189s] -- Up-to-date symlink: /home/sreeja/dev_ws/install/gazebo_ros2_control/include/gazebo_ros2_control/gazebo_ros2_control_plugin.hpp
[1.191s] -- Up-to-date symlink: /home/sreeja/dev_ws/install/gazebo_ros2_control/include/gazebo_ros2_control/gazebo_system.hpp
[1.195s] -- Up-to-date symlink: /home/sreeja/dev_ws/install/gazebo_ros2_control/include/gazebo_ros2_control/gazebo_system_interface.hpp
[1.197s] -- Up-to-date symlink: /home/sreeja/dev_ws/install/gazebo_ros2_control/share/gazebo_ros2_control//gazebo_hardware_plugins.xml
[1.198s] -- Up-to-date symlink: /home/sreeja/dev_ws/install/gazebo_ros2_control/share/ament_index/resource_index/package_run_dependencies/gazebo_ros2_control
[1.201s] -- Up-to-date symlink: /home/sreeja/dev_ws/install/gazebo_ros2_control/share/ament_index/resource_index/parent_prefix_path/gazebo_ros2_control
[1.202s] -- Up-to-date symlink: /home/sreeja/dev_ws/install/gazebo_ros2_control/share/gazebo_ros2_control/environment/ament_prefix_path.sh
[1.203s] -- Up-to-date symlink: /home/sreeja/dev_ws/install/gazebo_ros2_control/share/gazebo_ros2_control/environment/ament_prefix_path.dsv
[1.204s] -- Up-to-date symlink: /home/sreeja/dev_ws/install/gazebo_ros2_control/share/gazebo_ros2_control/environment/path.sh
[1.204s] -- Up-to-date symlink: /home/sreeja/dev_ws/install/gazebo_ros2_control/share/gazebo_ros2_control/environment/path.dsv
[1.204s] -- Up-to-date symlink: /home/sreeja/dev_ws/install/gazebo_ros2_control/share/gazebo_ros2_control/local_setup.bash
[1.205s] -- Up-to-date symlink: /home/sreeja/dev_ws/install/gazebo_ros2_control/share/gazebo_ros2_control/local_setup.sh
[1.205s] -- Up-to-date symlink: /home/sreeja/dev_ws/install/gazebo_ros2_control/share/gazebo_ros2_control/local_setup.zsh
[1.205s] -- Up-to-date symlink: /home/sreeja/dev_ws/install/gazebo_ros2_control/share/gazebo_ros2_control/local_setup.dsv
[1.206s] -- Symlinking: /home/sreeja/dev_ws/install/gazebo_ros2_control/share/gazebo_ros2_control/package.dsv
[1.206s] -- Up-to-date symlink: /home/sreeja/dev_ws/install/gazebo_ros2_control/share/ament_index/resource_index/packages/gazebo_ros2_control
[1.206s] -- Up-to-date symlink: /home/sreeja/dev_ws/install/gazebo_ros2_control/share/ament_index/resource_index/gazebo_ros2_control__pluginlib__plugin/gazebo_ros2_control
[1.207s] -- Up-to-date symlink: /home/sreeja/dev_ws/install/gazebo_ros2_control/share/gazebo_ros2_control/cmake/ament_cmake_export_include_directories-extras.cmake
[1.208s] -- Up-to-date symlink: /home/sreeja/dev_ws/install/gazebo_ros2_control/share/gazebo_ros2_control/cmake/ament_cmake_export_dependencies-extras.cmake
[1.209s] -- Up-to-date symlink: /home/sreeja/dev_ws/install/gazebo_ros2_control/share/gazebo_ros2_control/cmake/ament_cmake_export_libraries-extras.cmake
[1.210s] -- Up-to-date symlink: /home/sreeja/dev_ws/install/gazebo_ros2_control/share/gazebo_ros2_control/cmake/gazebo_ros2_controlConfig.cmake
[1.212s] -- Up-to-date symlink: /home/sreeja/dev_ws/install/gazebo_ros2_control/share/gazebo_ros2_control/cmake/gazebo_ros2_controlConfig-version.cmake
[1.214s] -- Up-to-date symlink: /home/sreeja/dev_ws/install/gazebo_ros2_control/share/gazebo_ros2_control/package.xml
[1.444s] Invoked command in '/home/sreeja/dev_ws/build/gazebo_ros2_control' returned '0': CMAKE_PREFIX_PATH=/opt/ros/foxy /usr/bin/cmake --install /home/sreeja/dev_ws/build/gazebo_ros2_control
