-- Found ament_cmake_ros: 0.9.2 (/opt/ros/foxy/share/ament_cmake_ros/cmake)
-- Using PYTHON_EXECUTABLE: /usr/bin/python3
-- Override CMake install command with custom implementation using symlinks instead of copying resources
-- Found async_web_server_cpp: 2.0.0 (/opt/ros/foxy/share/async_web_server_cpp/cmake)
-- Found Boost: /usr/lib/x86_64-linux-gnu/cmake/Boost-1.71.0/BoostConfig.cmake (found suitable version "1.71.0", minimum required is "1.71.0") found components: filesystem regex thread 
-- Found cv_bridge: 3.0.7 (/opt/ros/foxy/share/cv_bridge/cmake)
-- Using all available rosidl_typesupport_c: rosidl_typesupport_fastrtps_c;rosidl_typesupport_introspection_c
-- Found rosidl_adapter: 1.3.1 (/opt/ros/foxy/share/rosidl_adapter/cmake)
-- Using all available rosidl_typesupport_cpp: rosidl_typesupport_fastrtps_cpp;rosidl_typesupport_introspection_cpp
-- Found image_transport: 2.4.0 (/opt/ros/foxy/share/image_transport/cmake)
-- Found rmw_implementation_cmake: 1.0.4 (/opt/ros/foxy/share/rmw_implementation_cmake/cmake)
-- Using RMW implementation 'rmw_fastrtps_cpp' as default
-- Found Boost: /usr/lib/x86_64-linux-gnu/cmake/Boost-1.71.0/BoostConfig.cmake (found version "1.71.0") found components: thread 
-- Configuring done
-- Generating done
-- Build files have been written to: /home/sreeja/dev_ws/build/web_video_server
[  9%] [32mBuilding CXX object CMakeFiles/web_video_server.dir/src/web_video_server.cpp.o[0m
[ 18%] [32mBuilding CXX object CMakeFiles/web_video_server.dir/src/libav_streamer.cpp.o[0m
[ 27%] [32mBuilding CXX object CMakeFiles/web_video_server.dir/src/image_streamer.cpp.o[0m
[ 36%] [32mBuilding CXX object CMakeFiles/web_video_server.dir/src/vp8_streamer.cpp.o[0m
[ 45%] [32mBuilding CXX object CMakeFiles/web_video_server.dir/src/h264_streamer.cpp.o[0m
[ 54%] [32mBuilding CXX object CMakeFiles/web_video_server.dir/src/vp9_streamer.cpp.o[0m
[ 63%] [32mBuilding CXX object CMakeFiles/web_video_server.dir/src/multipart_stream.cpp.o[0m
[ 72%] [32mBuilding CXX object CMakeFiles/web_video_server.dir/src/ros_compressed_streamer.cpp.o[0m
[ 81%] [32mBuilding CXX object CMakeFiles/web_video_server.dir/src/jpeg_streamers.cpp.o[0m
[ 90%] [32mBuilding CXX object CMakeFiles/web_video_server.dir/src/png_streamers.cpp.o[0m
[100%] [32m[1mLinking CXX executable web_video_server[0m
[100%] Built target web_video_server
-- Install configuration: ""
-- Execute custom install script
-- Symlinking: /home/sreeja/dev_ws/install/web_video_server/lib/web_video_server/web_video_server
-- Symlinking: /home/sreeja/dev_ws/install/web_video_server/share/ament_index/resource_index/package_run_dependencies/web_video_server
-- Symlinking: /home/sreeja/dev_ws/install/web_video_server/share/ament_index/resource_index/parent_prefix_path/web_video_server
-- Up-to-date symlink: /home/sreeja/dev_ws/install/web_video_server/share/web_video_server/environment/ament_prefix_path.sh
-- Symlinking: /home/sreeja/dev_ws/install/web_video_server/share/web_video_server/environment/ament_prefix_path.dsv
-- Up-to-date symlink: /home/sreeja/dev_ws/install/web_video_server/share/web_video_server/environment/path.sh
-- Symlinking: /home/sreeja/dev_ws/install/web_video_server/share/web_video_server/environment/path.dsv
-- Symlinking: /home/sreeja/dev_ws/install/web_video_server/share/web_video_server/local_setup.bash
-- Symlinking: /home/sreeja/dev_ws/install/web_video_server/share/web_video_server/local_setup.sh
-- Symlinking: /home/sreeja/dev_ws/install/web_video_server/share/web_video_server/local_setup.zsh
-- Symlinking: /home/sreeja/dev_ws/install/web_video_server/share/web_video_server/local_setup.dsv
-- Symlinking: /home/sreeja/dev_ws/install/web_video_server/share/web_video_server/package.dsv
-- Symlinking: /home/sreeja/dev_ws/install/web_video_server/share/ament_index/resource_index/packages/web_video_server
-- Symlinking: /home/sreeja/dev_ws/install/web_video_server/share/web_video_server/cmake/web_video_serverConfig.cmake
-- Symlinking: /home/sreeja/dev_ws/install/web_video_server/share/web_video_server/cmake/web_video_serverConfig-version.cmake
-- Symlinking: /home/sreeja/dev_ws/install/web_video_server/share/web_video_server/package.xml
-- Up-to-date: /home/sreeja/dev_ws/install/web_video_server/include/web_video_server
-- Up-to-date: /home/sreeja/dev_ws/install/web_video_server/include/web_video_server/libav_streamer.h
-- Up-to-date: /home/sreeja/dev_ws/install/web_video_server/include/web_video_server/vp9_streamer.h
-- Up-to-date: /home/sreeja/dev_ws/install/web_video_server/include/web_video_server/vp8_streamer.h
-- Up-to-date: /home/sreeja/dev_ws/install/web_video_server/include/web_video_server/jpeg_streamers.h
-- Up-to-date: /home/sreeja/dev_ws/install/web_video_server/include/web_video_server/web_video_server.h
-- Up-to-date: /home/sreeja/dev_ws/install/web_video_server/include/web_video_server/image_streamer.h
-- Up-to-date: /home/sreeja/dev_ws/install/web_video_server/include/web_video_server/png_streamers.h
-- Up-to-date: /home/sreeja/dev_ws/install/web_video_server/include/web_video_server/h264_streamer.h
-- Up-to-date: /home/sreeja/dev_ws/install/web_video_server/include/web_video_server/ros_compressed_streamer.h
-- Up-to-date: /home/sreeja/dev_ws/install/web_video_server/include/web_video_server/multipart_stream.h
