[0.965s] Invoking command in '/home/sreeja/dev_ws/build/gazebo_ros2_control': CMAKE_PREFIX_PATH=/opt/ros/foxy /usr/bin/cmake --build /home/sreeja/dev_ws/build/gazebo_ros2_control -- -j4 -l4
[1.008s] -- Found ament_cmake: 0.9.12 (/opt/ros/foxy/share/ament_cmake/cmake)
[1.034s] -- Using PYTHON_EXECUTABLE: /usr/bin/python3
[1.194s] -- Override CMake install command with custom implementation using symlinks instead of copying resources
[1.228s] -- Found angles: 1.12.6 (/opt/ros/foxy/share/angles/cmake)
[1.231s] -- Found controller_manager: 0.11.0 (/opt/ros/foxy/share/controller_manager/cmake)
[1.282s] -- Using all available rosidl_typesupport_c: rosidl_typesupport_fastrtps_c;rosidl_typesupport_introspection_c
[1.288s] -- Found rosidl_adapter: 1.3.1 (/opt/ros/foxy/share/rosidl_adapter/cmake)
[1.431s] -- Using all available rosidl_typesupport_cpp: rosidl_typesupport_fastrtps_cpp;rosidl_typesupport_introspection_cpp
[1.941s] -- Found rmw_implementation_cmake: 1.0.4 (/opt/ros/foxy/share/rmw_implementation_cmake/cmake)
[1.942s] -- Using RMW implementation 'rmw_fastrtps_cpp' as default
[2.290s] -- Found gazebo_dev: 3.5.3 (/opt/ros/foxy/share/gazebo_dev/cmake)
[2.395s] -- Found DART: /usr/include (Required is at least version "6.6") found components: dart 
[2.442s] -- Found Protobuf: /usr/lib/x86_64-linux-gnu/libprotobuf.so;-lpthread (found version "3.6.1") 
[2.446s] -- Looking for ignition-math6 -- found version 6.15.1
[2.461s] -- Searching for dependencies of ignition-math6
[2.465s] -- Looking for OGRE...
[2.473s] -- Found Ogre Ghadamon (1.9.0)
[2.475s] -- Found OGRE: optimized;/usr/lib/x86_64-linux-gnu/libOgreMain.so;debug;/usr/lib/x86_64-linux-gnu/libOgreMain.so
[2.486s] -- Looking for OGRE_Paging...
[2.486s] -- Found OGRE_Paging: optimized;/usr/lib/x86_64-linux-gnu/libOgrePaging.so;debug;/usr/lib/x86_64-linux-gnu/libOgrePaging.so
[2.486s] -- Looking for OGRE_Terrain...
[2.486s] -- Found OGRE_Terrain: optimized;/usr/lib/x86_64-linux-gnu/libOgreTerrain.so;debug;/usr/lib/x86_64-linux-gnu/libOgreTerrain.so
[2.486s] -- Looking for OGRE_Property...
[2.486s] -- Found OGRE_Property: optimized;/usr/lib/x86_64-linux-gnu/libOgreProperty.so;debug;/usr/lib/x86_64-linux-gnu/libOgreProperty.so
[2.486s] -- Looking for OGRE_RTShaderSystem...
[2.487s] -- Found OGRE_RTShaderSystem: optimized;/usr/lib/x86_64-linux-gnu/libOgreRTShaderSystem.so;debug;/usr/lib/x86_64-linux-gnu/libOgreRTShaderSystem.so
[2.487s] -- Looking for OGRE_Volume...
[2.487s] -- Found OGRE_Volume: optimized;/usr/lib/x86_64-linux-gnu/libOgreVolume.so;debug;/usr/lib/x86_64-linux-gnu/libOgreVolume.so
[2.487s] -- Looking for OGRE_Overlay...
[2.487s] -- Found OGRE_Overlay: optimized;/usr/lib/x86_64-linux-gnu/libOgreOverlay.so;debug;/usr/lib/x86_64-linux-gnu/libOgreOverlay.so
[2.614s] -- Looking for ignition-math6 -- found version 6.15.1
[2.614s] -- Looking for ignition-transport8 -- found version 8.3.0
[2.615s] -- Searching for dependencies of ignition-transport8
[2.644s] -- Found Protobuf: /usr/lib/x86_64-linux-gnu/libprotobuf.so;-lpthread (found suitable version "3.6.1", minimum required is "3") 
[2.655s] -- Config-file not installed for ZeroMQ -- checking for pkg-config
[2.658s] -- Checking for module 'libzmq >= 4'
[2.689s] --   Found libzmq , version 4.3.2
[2.763s] -- Checking for module 'uuid'
[2.778s] --   Found uuid, version 2.34.0
[2.819s] -- Looking for ignition-msgs5 -- found version 5.10.0
[2.820s] -- Searching for dependencies of ignition-msgs5
[2.841s] -- Looking for ignition-math6 -- found version 6.15.1
[2.862s] -- Looking for ignition-msgs5 -- found version 5.10.0
[2.862s] -- Looking for ignition-common3 -- found version 3.14.2
[2.863s] -- Searching for dependencies of ignition-common3
[2.863s] -- Looking for dlfcn.h - found
[2.863s] -- Looking for libdl - found
[2.883s] -- Searching for <ignition-common3> component [graphics]
[2.884s] -- Looking for ignition-common3-graphics -- found version 3.14.2
[2.884s] -- Searching for dependencies of ignition-common3-graphics
[2.885s] -- Looking for ignition-math6 -- found version 6.15.1
[2.893s] -- Looking for ignition-fuel_tools4 -- found version 4.6.0
[2.894s] -- Searching for dependencies of ignition-fuel_tools4
[2.981s] -- Checking for module 'jsoncpp'
[3.036s] --   Found jsoncpp, version 1.7.4
[3.281s] -- Checking for module 'libzip'
[3.357s] --   Found libzip, version 1.5.1
[3.500s] -- Looking for ignition-common3 -- found version 3.14.2
[3.501s] -- Looking for ignition-math6 -- found version 6.15.1
[3.506s] -- Looking for ignition-msgs5 -- found version 5.10.0
[3.509s] -- Gazebo version: 11.11
[3.511s] -- Found gazebo_ros: 3.5.3 (/opt/ros/foxy/share/gazebo_ros/cmake)
[3.524s] -- Found yaml_cpp_vendor: 7.0.3 (/opt/ros/foxy/share/yaml_cpp_vendor/cmake)
[3.525s] -- Setting yaml-cpp_DIR to: '/opt/ros/foxy/share/yaml_cpp_vendor/cmake/../../../opt/yaml_cpp_vendor/lib/cmake/yaml-cpp'
[3.960s] -- Found ament_cmake_gtest: 0.9.12 (/opt/ros/foxy/share/ament_cmake_gtest/cmake)
[3.961s] -- Found ament_lint_auto: 0.9.8 (/opt/ros/foxy/share/ament_lint_auto/cmake)
[4.078s] -- Added test 'copyright' to check source files copyright and LICENSE
[4.079s] -- Added test 'cppcheck' to perform static code analysis on C / C++ code
[4.082s] -- Configured cppcheck include dirs: /home/sreeja/dev_ws/src/gazebo_ros2_control/gazebo_ros2_control/include
[4.082s] -- Configured cppcheck exclude dirs and/or files: 
[4.083s] -- Added test 'cpplint' to check C / C++ code against the Google style
[4.083s] -- Configured cpplint exclude dirs and/or files: 
[4.086s] -- Added test 'lint_cmake' to check CMake code style
[4.088s] -- Added test 'uncrustify' to check C / C++ code style
[4.091s] -- Configured uncrustify additional arguments: 
[4.094s] -- Added test 'xmllint' to check XML markup files
[4.104s] -- Configuring done
[4.285s] -- Generating done
[4.300s] -- Build files have been written to: /home/sreeja/dev_ws/build/gazebo_ros2_control
[4.353s] [35m[1mScanning dependencies of target gazebo_hardware_plugins[0m
[4.385s] [35m[1mScanning dependencies of target gazebo_ros2_control[0m
[4.696s] [ 25%] [32mBuilding CXX object CMakeFiles/gazebo_hardware_plugins.dir/src/gazebo_system.cpp.o[0m
[4.880s] [ 50%] [32mBuilding CXX object CMakeFiles/gazebo_ros2_control.dir/src/gazebo_ros2_control_plugin.cpp.o[0m
[32.518s] [ 75%] [32m[1mLinking CXX shared library libgazebo_ros2_control.so[0m
[32.572s] [100%] [32m[1mLinking CXX shared library libgazebo_hardware_plugins.so[0m
[33.765s] [100%] Built target gazebo_hardware_plugins
[33.856s] [100%] Built target gazebo_ros2_control
[33.871s] Invoked command in '/home/sreeja/dev_ws/build/gazebo_ros2_control' returned '0': CMAKE_PREFIX_PATH=/opt/ros/foxy /usr/bin/cmake --build /home/sreeja/dev_ws/build/gazebo_ros2_control -- -j4 -l4
[33.923s] Invoking command in '/home/sreeja/dev_ws/build/gazebo_ros2_control': CMAKE_PREFIX_PATH=/opt/ros/foxy /usr/bin/cmake --install /home/sreeja/dev_ws/build/gazebo_ros2_control
[33.936s] -- Install configuration: ""
[33.943s] -- Execute custom install script
[33.943s] -- Symlinking: /home/sreeja/dev_ws/install/gazebo_ros2_control/lib/libgazebo_ros2_control.so
[33.952s] -- Symlinking: /home/sreeja/dev_ws/install/gazebo_ros2_control/lib/libgazebo_hardware_plugins.so
[33.966s] -- Up-to-date symlink: /home/sreeja/dev_ws/install/gazebo_ros2_control/share/gazebo_ros2_control/environment/library_path.sh
[33.966s] -- Symlinking: /home/sreeja/dev_ws/install/gazebo_ros2_control/share/gazebo_ros2_control/environment/library_path.dsv
[33.981s] -- Symlinking: /home/sreeja/dev_ws/install/gazebo_ros2_control/include/gazebo_ros2_control/gazebo_ros2_control_plugin.hpp
[33.995s] -- Symlinking: /home/sreeja/dev_ws/install/gazebo_ros2_control/include/gazebo_ros2_control/gazebo_system.hpp
[34.007s] -- Symlinking: /home/sreeja/dev_ws/install/gazebo_ros2_control/include/gazebo_ros2_control/gazebo_system_interface.hpp
[34.019s] -- Symlinking: /home/sreeja/dev_ws/install/gazebo_ros2_control/share/gazebo_ros2_control//gazebo_hardware_plugins.xml
[34.028s] -- Symlinking: /home/sreeja/dev_ws/install/gazebo_ros2_control/share/ament_index/resource_index/package_run_dependencies/gazebo_ros2_control
[34.038s] -- Symlinking: /home/sreeja/dev_ws/install/gazebo_ros2_control/share/ament_index/resource_index/parent_prefix_path/gazebo_ros2_control
[34.052s] -- Up-to-date symlink: /home/sreeja/dev_ws/install/gazebo_ros2_control/share/gazebo_ros2_control/environment/ament_prefix_path.sh
[34.052s] -- Symlinking: /home/sreeja/dev_ws/install/gazebo_ros2_control/share/gazebo_ros2_control/environment/ament_prefix_path.dsv
[34.065s] -- Up-to-date symlink: /home/sreeja/dev_ws/install/gazebo_ros2_control/share/gazebo_ros2_control/environment/path.sh
[34.066s] -- Symlinking: /home/sreeja/dev_ws/install/gazebo_ros2_control/share/gazebo_ros2_control/environment/path.dsv
[34.079s] -- Symlinking: /home/sreeja/dev_ws/install/gazebo_ros2_control/share/gazebo_ros2_control/local_setup.bash
[34.094s] -- Symlinking: /home/sreeja/dev_ws/install/gazebo_ros2_control/share/gazebo_ros2_control/local_setup.sh
[34.106s] -- Symlinking: /home/sreeja/dev_ws/install/gazebo_ros2_control/share/gazebo_ros2_control/local_setup.zsh
[34.120s] -- Symlinking: /home/sreeja/dev_ws/install/gazebo_ros2_control/share/gazebo_ros2_control/local_setup.dsv
[34.135s] -- Symlinking: /home/sreeja/dev_ws/install/gazebo_ros2_control/share/gazebo_ros2_control/package.dsv
[34.149s] -- Symlinking: /home/sreeja/dev_ws/install/gazebo_ros2_control/share/ament_index/resource_index/packages/gazebo_ros2_control
[34.164s] -- Symlinking: /home/sreeja/dev_ws/install/gazebo_ros2_control/share/ament_index/resource_index/gazebo_ros2_control__pluginlib__plugin/gazebo_ros2_control
[34.178s] -- Symlinking: /home/sreeja/dev_ws/install/gazebo_ros2_control/share/gazebo_ros2_control/cmake/ament_cmake_export_include_directories-extras.cmake
[34.190s] -- Symlinking: /home/sreeja/dev_ws/install/gazebo_ros2_control/share/gazebo_ros2_control/cmake/ament_cmake_export_dependencies-extras.cmake
[34.207s] -- Symlinking: /home/sreeja/dev_ws/install/gazebo_ros2_control/share/gazebo_ros2_control/cmake/ament_cmake_export_libraries-extras.cmake
[34.220s] -- Symlinking: /home/sreeja/dev_ws/install/gazebo_ros2_control/share/gazebo_ros2_control/cmake/gazebo_ros2_controlConfig.cmake
[34.232s] -- Symlinking: /home/sreeja/dev_ws/install/gazebo_ros2_control/share/gazebo_ros2_control/cmake/gazebo_ros2_controlConfig-version.cmake
[34.246s] -- Symlinking: /home/sreeja/dev_ws/install/gazebo_ros2_control/share/gazebo_ros2_control/package.xml
[34.257s] Invoked command in '/home/sreeja/dev_ws/build/gazebo_ros2_control' returned '0': CMAKE_PREFIX_PATH=/opt/ros/foxy /usr/bin/cmake --install /home/sreeja/dev_ws/build/gazebo_ros2_control
