[0.427s] Invoking command in '/home/sreeja/dev_ws/build/web_video_server': CMAKE_PREFIX_PATH=/opt/ros/foxy /usr/bin/cmake --build /home/sreeja/dev_ws/build/web_video_server -- -j4 -l4
[0.648s] [100%] Built target web_video_server
[0.692s] Invoked command in '/home/sreeja/dev_ws/build/web_video_server' returned '0': CMAKE_PREFIX_PATH=/opt/ros/foxy /usr/bin/cmake --build /home/sreeja/dev_ws/build/web_video_server -- -j4 -l4
[1.144s] Invoking command in '/home/sreeja/dev_ws/build/web_video_server': CMAKE_PREFIX_PATH=/opt/ros/foxy /usr/bin/cmake --install /home/sreeja/dev_ws/build/web_video_server
[1.168s] -- Install configuration: ""
[1.171s] -- Execute custom install script
[1.171s] -- Up-to-date symlink: /home/sreeja/dev_ws/install/web_video_server/lib/web_video_server/web_video_server
[1.172s] -- Up-to-date symlink: /home/sreeja/dev_ws/install/web_video_server/share/ament_index/resource_index/package_run_dependencies/web_video_server
[1.173s] -- Up-to-date symlink: /home/sreeja/dev_ws/install/web_video_server/share/ament_index/resource_index/parent_prefix_path/web_video_server
[1.173s] -- Up-to-date symlink: /home/sreeja/dev_ws/install/web_video_server/share/web_video_server/environment/ament_prefix_path.sh
[1.173s] -- Up-to-date symlink: /home/sreeja/dev_ws/install/web_video_server/share/web_video_server/environment/ament_prefix_path.dsv
[1.173s] -- Up-to-date symlink: /home/sreeja/dev_ws/install/web_video_server/share/web_video_server/environment/path.sh
[1.173s] -- Up-to-date symlink: /home/sreeja/dev_ws/install/web_video_server/share/web_video_server/environment/path.dsv
[1.174s] -- Up-to-date symlink: /home/sreeja/dev_ws/install/web_video_server/share/web_video_server/local_setup.bash
[1.175s] -- Up-to-date symlink: /home/sreeja/dev_ws/install/web_video_server/share/web_video_server/local_setup.sh
[1.176s] -- Up-to-date symlink: /home/sreeja/dev_ws/install/web_video_server/share/web_video_server/local_setup.zsh
[1.176s] -- Up-to-date symlink: /home/sreeja/dev_ws/install/web_video_server/share/web_video_server/local_setup.dsv
[1.176s] -- Symlinking: /home/sreeja/dev_ws/install/web_video_server/share/web_video_server/package.dsv
[1.213s] -- Up-to-date symlink: /home/sreeja/dev_ws/install/web_video_server/share/ament_index/resource_index/packages/web_video_server
[1.213s] -- Up-to-date symlink: /home/sreeja/dev_ws/install/web_video_server/share/web_video_server/cmake/web_video_serverConfig.cmake
[1.215s] -- Up-to-date symlink: /home/sreeja/dev_ws/install/web_video_server/share/web_video_server/cmake/web_video_serverConfig-version.cmake
[1.215s] -- Up-to-date symlink: /home/sreeja/dev_ws/install/web_video_server/share/web_video_server/package.xml
[1.217s] -- Up-to-date: /home/sreeja/dev_ws/install/web_video_server/include/web_video_server
[1.217s] -- Up-to-date: /home/sreeja/dev_ws/install/web_video_server/include/web_video_server/libav_streamer.h
[1.218s] -- Up-to-date: /home/sreeja/dev_ws/install/web_video_server/include/web_video_server/vp9_streamer.h
[1.218s] -- Up-to-date: /home/sreeja/dev_ws/install/web_video_server/include/web_video_server/vp8_streamer.h
[1.219s] -- Up-to-date: /home/sreeja/dev_ws/install/web_video_server/include/web_video_server/jpeg_streamers.h
[1.219s] -- Up-to-date: /home/sreeja/dev_ws/install/web_video_server/include/web_video_server/web_video_server.h
[1.219s] -- Up-to-date: /home/sreeja/dev_ws/install/web_video_server/include/web_video_server/image_streamer.h
[1.219s] -- Up-to-date: /home/sreeja/dev_ws/install/web_video_server/include/web_video_server/png_streamers.h
[1.219s] -- Up-to-date: /home/sreeja/dev_ws/install/web_video_server/include/web_video_server/h264_streamer.h
[1.219s] -- Up-to-date: /home/sreeja/dev_ws/install/web_video_server/include/web_video_server/ros_compressed_streamer.h
[1.220s] -- Up-to-date: /home/sreeja/dev_ws/install/web_video_server/include/web_video_server/multipart_stream.h
[2.313s] Invoked command in '/home/sreeja/dev_ws/build/web_video_server' returned '0': CMAKE_PREFIX_PATH=/opt/ros/foxy /usr/bin/cmake --install /home/sreeja/dev_ws/build/web_video_server
