[5.426s] DEBUG:colcon:Command line arguments: ['/home/sreeja/.local/bin/colcon', 'build', '--symlink-install']
[5.426s] DEBUG:colcon:Parsed command line arguments: Namespace(ament_cmake_args=None, base_paths=['.'], build_base='build', catkin_cmake_args=None, catkin_skip_building_tests=False, cmake_args=None, cmake_clean_cache=False, cmake_clean_first=False, cmake_force_configure=False, cmake_target=None, cmake_target_skip_unavailable=False, continue_on_error=False, event_handlers=None, executor='parallel', ignore_user_meta=False, install_base='install', log_base=None, log_level=None, main=<bound method BuildVerb.main of <colcon_core.verb.build.BuildVerb object at 0x7f87f7ae9d60>>, merge_install=False, metas=['./colcon.meta'], packages_above=None, packages_above_and_dependencies=None, packages_above_depth=None, packages_end=None, packages_ignore=None, packages_ignore_regex=None, packages_select=None, packages_select_build_failed=False, packages_select_by_dep=None, packages_select_regex=None, packages_select_test_failures=False, packages_skip=None, packages_skip_build_finished=False, packages_skip_by_dep=None, packages_skip_regex=None, packages_skip_test_passed=False, packages_skip_up_to=None, packages_start=None, packages_up_to=None, packages_up_to_regex=None, parallel_workers=4, paths=None, symlink_install=True, test_result_base=None, verb_extension=<colcon_core.verb.build.BuildVerb object at 0x7f87f7ae9d60>, verb_name='build', verb_parser=<colcon_defaults.argument_parser.defaults.DefaultArgumentsDecorator object at 0x7f87f7ae9b80>)
[5.666s] Level 1:colcon.colcon_core.package_discovery:discover_packages(colcon_meta) check parameters
[5.667s] Level 1:colcon.colcon_core.package_discovery:discover_packages(recursive) check parameters
[5.667s] Level 1:colcon.colcon_core.package_discovery:discover_packages(ignore) check parameters
[5.667s] Level 1:colcon.colcon_core.package_discovery:discover_packages(path) check parameters
[5.667s] Level 1:colcon.colcon_core.package_discovery:discover_packages(colcon_meta) discover
[5.667s] Level 1:colcon.colcon_core.package_discovery:discover_packages(recursive) discover
[5.667s] INFO:colcon.colcon_core.package_discovery:Crawling recursively for packages in '/home/sreeja/dev_ws'
[5.667s] Level 1:colcon.colcon_core.package_identification:_identify(.) by extensions ['ignore', 'ignore_ament_install']
[5.667s] Level 1:colcon.colcon_core.package_identification:_identify(.) by extension 'ignore'
[5.667s] Level 1:colcon.colcon_core.package_identification:_identify(.) by extension 'ignore_ament_install'
[5.668s] Level 1:colcon.colcon_core.package_identification:_identify(.) by extensions ['colcon_pkg']
[5.668s] Level 1:colcon.colcon_core.package_identification:_identify(.) by extension 'colcon_pkg'
[5.668s] Level 1:colcon.colcon_core.package_identification:_identify(.) by extensions ['colcon_meta']
[5.668s] Level 1:colcon.colcon_core.package_identification:_identify(.) by extension 'colcon_meta'
[5.668s] Level 1:colcon.colcon_core.package_identification:_identify(.) by extensions ['ros']
[5.668s] Level 1:colcon.colcon_core.package_identification:_identify(.) by extension 'ros'
[5.681s] Level 1:colcon.colcon_core.package_identification:_identify(.) by extensions ['cmake', 'python']
[5.681s] Level 1:colcon.colcon_core.package_identification:_identify(.) by extension 'cmake'
[5.681s] Level 1:colcon.colcon_core.package_identification:_identify(.) by extension 'python'
[5.681s] Level 1:colcon.colcon_core.package_identification:_identify(.) by extensions ['python_setup_py']
[5.681s] Level 1:colcon.colcon_core.package_identification:_identify(.) by extension 'python_setup_py'
[5.681s] Level 1:colcon.colcon_core.package_identification:_identify(build) by extensions ['ignore', 'ignore_ament_install']
[5.682s] Level 1:colcon.colcon_core.package_identification:_identify(build) by extension 'ignore'
[5.682s] Level 1:colcon.colcon_core.package_identification:_identify(build) ignored
[5.682s] Level 1:colcon.colcon_core.package_identification:_identify(install) by extensions ['ignore', 'ignore_ament_install']
[5.682s] Level 1:colcon.colcon_core.package_identification:_identify(install) by extension 'ignore'
[5.683s] Level 1:colcon.colcon_core.package_identification:_identify(install) ignored
[5.683s] Level 1:colcon.colcon_core.package_identification:_identify(log) by extensions ['ignore', 'ignore_ament_install']
[5.683s] Level 1:colcon.colcon_core.package_identification:_identify(log) by extension 'ignore'
[5.683s] Level 1:colcon.colcon_core.package_identification:_identify(log) ignored
[5.683s] Level 1:colcon.colcon_core.package_identification:_identify(src) by extensions ['ignore', 'ignore_ament_install']
[5.684s] Level 1:colcon.colcon_core.package_identification:_identify(src) by extension 'ignore'
[5.684s] Level 1:colcon.colcon_core.package_identification:_identify(src) by extension 'ignore_ament_install'
[5.684s] Level 1:colcon.colcon_core.package_identification:_identify(src) by extensions ['colcon_pkg']
[5.684s] Level 1:colcon.colcon_core.package_identification:_identify(src) by extension 'colcon_pkg'
[5.684s] Level 1:colcon.colcon_core.package_identification:_identify(src) by extensions ['colcon_meta']
[5.684s] Level 1:colcon.colcon_core.package_identification:_identify(src) by extension 'colcon_meta'
[5.684s] Level 1:colcon.colcon_core.package_identification:_identify(src) by extensions ['ros']
[5.684s] Level 1:colcon.colcon_core.package_identification:_identify(src) by extension 'ros'
[5.684s] Level 1:colcon.colcon_core.package_identification:_identify(src) by extensions ['cmake', 'python']
[5.684s] Level 1:colcon.colcon_core.package_identification:_identify(src) by extension 'cmake'
[5.684s] Level 1:colcon.colcon_core.package_identification:_identify(src) by extension 'python'
[5.685s] Level 1:colcon.colcon_core.package_identification:_identify(src) by extensions ['python_setup_py']
[5.685s] Level 1:colcon.colcon_core.package_identification:_identify(src) by extension 'python_setup_py'
[5.685s] Level 1:colcon.colcon_core.package_identification:_identify(src/gazebo_ros2_control) by extensions ['ignore', 'ignore_ament_install']
[5.685s] Level 1:colcon.colcon_core.package_identification:_identify(src/gazebo_ros2_control) by extension 'ignore'
[5.685s] Level 1:colcon.colcon_core.package_identification:_identify(src/gazebo_ros2_control) by extension 'ignore_ament_install'
[5.685s] Level 1:colcon.colcon_core.package_identification:_identify(src/gazebo_ros2_control) by extensions ['colcon_pkg']
[5.685s] Level 1:colcon.colcon_core.package_identification:_identify(src/gazebo_ros2_control) by extension 'colcon_pkg'
[5.685s] Level 1:colcon.colcon_core.package_identification:_identify(src/gazebo_ros2_control) by extensions ['colcon_meta']
[5.685s] Level 1:colcon.colcon_core.package_identification:_identify(src/gazebo_ros2_control) by extension 'colcon_meta'
[5.685s] Level 1:colcon.colcon_core.package_identification:_identify(src/gazebo_ros2_control) by extensions ['ros']
[5.685s] Level 1:colcon.colcon_core.package_identification:_identify(src/gazebo_ros2_control) by extension 'ros'
[5.686s] Level 1:colcon.colcon_core.package_identification:_identify(src/gazebo_ros2_control) by extensions ['cmake', 'python']
[5.686s] Level 1:colcon.colcon_core.package_identification:_identify(src/gazebo_ros2_control) by extension 'cmake'
[5.686s] Level 1:colcon.colcon_core.package_identification:_identify(src/gazebo_ros2_control) by extension 'python'
[5.686s] Level 1:colcon.colcon_core.package_identification:_identify(src/gazebo_ros2_control) by extensions ['python_setup_py']
[5.686s] Level 1:colcon.colcon_core.package_identification:_identify(src/gazebo_ros2_control) by extension 'python_setup_py'
[5.686s] Level 1:colcon.colcon_core.package_identification:_identify(src/gazebo_ros2_control/Docker) by extensions ['ignore', 'ignore_ament_install']
[5.686s] Level 1:colcon.colcon_core.package_identification:_identify(src/gazebo_ros2_control/Docker) by extension 'ignore'
[5.686s] Level 1:colcon.colcon_core.package_identification:_identify(src/gazebo_ros2_control/Docker) by extension 'ignore_ament_install'
[5.686s] Level 1:colcon.colcon_core.package_identification:_identify(src/gazebo_ros2_control/Docker) by extensions ['colcon_pkg']
[5.686s] Level 1:colcon.colcon_core.package_identification:_identify(src/gazebo_ros2_control/Docker) by extension 'colcon_pkg'
[5.686s] Level 1:colcon.colcon_core.package_identification:_identify(src/gazebo_ros2_control/Docker) by extensions ['colcon_meta']
[5.686s] Level 1:colcon.colcon_core.package_identification:_identify(src/gazebo_ros2_control/Docker) by extension 'colcon_meta'
[5.686s] Level 1:colcon.colcon_core.package_identification:_identify(src/gazebo_ros2_control/Docker) by extensions ['ros']
[5.687s] Level 1:colcon.colcon_core.package_identification:_identify(src/gazebo_ros2_control/Docker) by extension 'ros'
[5.687s] Level 1:colcon.colcon_core.package_identification:_identify(src/gazebo_ros2_control/Docker) by extensions ['cmake', 'python']
[5.687s] Level 1:colcon.colcon_core.package_identification:_identify(src/gazebo_ros2_control/Docker) by extension 'cmake'
[5.687s] Level 1:colcon.colcon_core.package_identification:_identify(src/gazebo_ros2_control/Docker) by extension 'python'
[5.687s] Level 1:colcon.colcon_core.package_identification:_identify(src/gazebo_ros2_control/Docker) by extensions ['python_setup_py']
[5.687s] Level 1:colcon.colcon_core.package_identification:_identify(src/gazebo_ros2_control/Docker) by extension 'python_setup_py'
[5.687s] Level 1:colcon.colcon_core.package_identification:_identify(src/gazebo_ros2_control/gazebo_ros2_control) by extensions ['ignore', 'ignore_ament_install']
[5.687s] Level 1:colcon.colcon_core.package_identification:_identify(src/gazebo_ros2_control/gazebo_ros2_control) by extension 'ignore'
[5.687s] Level 1:colcon.colcon_core.package_identification:_identify(src/gazebo_ros2_control/gazebo_ros2_control) by extension 'ignore_ament_install'
[5.687s] Level 1:colcon.colcon_core.package_identification:_identify(src/gazebo_ros2_control/gazebo_ros2_control) by extensions ['colcon_pkg']
[5.687s] Level 1:colcon.colcon_core.package_identification:_identify(src/gazebo_ros2_control/gazebo_ros2_control) by extension 'colcon_pkg'
[5.687s] Level 1:colcon.colcon_core.package_identification:_identify(src/gazebo_ros2_control/gazebo_ros2_control) by extensions ['colcon_meta']
[5.688s] Level 1:colcon.colcon_core.package_identification:_identify(src/gazebo_ros2_control/gazebo_ros2_control) by extension 'colcon_meta'
[5.688s] Level 1:colcon.colcon_core.package_identification:_identify(src/gazebo_ros2_control/gazebo_ros2_control) by extensions ['ros']
[5.688s] Level 1:colcon.colcon_core.package_identification:_identify(src/gazebo_ros2_control/gazebo_ros2_control) by extension 'ros'
[5.691s] DEBUG:colcon.colcon_core.package_identification:Package 'src/gazebo_ros2_control/gazebo_ros2_control' with type 'ros.ament_cmake' and name 'gazebo_ros2_control'
[5.691s] Level 1:colcon.colcon_core.package_identification:_identify(src/gazebo_ros2_control/gazebo_ros2_control_demos) by extensions ['ignore', 'ignore_ament_install']
[5.692s] Level 1:colcon.colcon_core.package_identification:_identify(src/gazebo_ros2_control/gazebo_ros2_control_demos) by extension 'ignore'
[5.692s] Level 1:colcon.colcon_core.package_identification:_identify(src/gazebo_ros2_control/gazebo_ros2_control_demos) by extension 'ignore_ament_install'
[5.692s] Level 1:colcon.colcon_core.package_identification:_identify(src/gazebo_ros2_control/gazebo_ros2_control_demos) by extensions ['colcon_pkg']
[5.692s] Level 1:colcon.colcon_core.package_identification:_identify(src/gazebo_ros2_control/gazebo_ros2_control_demos) by extension 'colcon_pkg'
[5.692s] Level 1:colcon.colcon_core.package_identification:_identify(src/gazebo_ros2_control/gazebo_ros2_control_demos) by extensions ['colcon_meta']
[5.692s] Level 1:colcon.colcon_core.package_identification:_identify(src/gazebo_ros2_control/gazebo_ros2_control_demos) by extension 'colcon_meta'
[5.692s] Level 1:colcon.colcon_core.package_identification:_identify(src/gazebo_ros2_control/gazebo_ros2_control_demos) by extensions ['ros']
[5.692s] Level 1:colcon.colcon_core.package_identification:_identify(src/gazebo_ros2_control/gazebo_ros2_control_demos) by extension 'ros'
[5.693s] DEBUG:colcon.colcon_core.package_identification:Package 'src/gazebo_ros2_control/gazebo_ros2_control_demos' with type 'ros.ament_cmake' and name 'gazebo_ros2_control_demos'
[5.694s] Level 1:colcon.colcon_core.package_identification:_identify(src/gazebo_ros2_control/img) by extensions ['ignore', 'ignore_ament_install']
[5.694s] Level 1:colcon.colcon_core.package_identification:_identify(src/gazebo_ros2_control/img) by extension 'ignore'
[5.694s] Level 1:colcon.colcon_core.package_identification:_identify(src/gazebo_ros2_control/img) by extension 'ignore_ament_install'
[5.694s] Level 1:colcon.colcon_core.package_identification:_identify(src/gazebo_ros2_control/img) by extensions ['colcon_pkg']
[5.694s] Level 1:colcon.colcon_core.package_identification:_identify(src/gazebo_ros2_control/img) by extension 'colcon_pkg'
[5.694s] Level 1:colcon.colcon_core.package_identification:_identify(src/gazebo_ros2_control/img) by extensions ['colcon_meta']
[5.694s] Level 1:colcon.colcon_core.package_identification:_identify(src/gazebo_ros2_control/img) by extension 'colcon_meta'
[5.694s] Level 1:colcon.colcon_core.package_identification:_identify(src/gazebo_ros2_control/img) by extensions ['ros']
[5.694s] Level 1:colcon.colcon_core.package_identification:_identify(src/gazebo_ros2_control/img) by extension 'ros'
[5.694s] Level 1:colcon.colcon_core.package_identification:_identify(src/gazebo_ros2_control/img) by extensions ['cmake', 'python']
[5.694s] Level 1:colcon.colcon_core.package_identification:_identify(src/gazebo_ros2_control/img) by extension 'cmake'
[5.695s] Level 1:colcon.colcon_core.package_identification:_identify(src/gazebo_ros2_control/img) by extension 'python'
[5.695s] Level 1:colcon.colcon_core.package_identification:_identify(src/gazebo_ros2_control/img) by extensions ['python_setup_py']
[5.695s] Level 1:colcon.colcon_core.package_identification:_identify(src/gazebo_ros2_control/img) by extension 'python_setup_py'
[5.695s] Level 1:colcon.colcon_core.package_identification:_identify(src/my_bot) by extensions ['ignore', 'ignore_ament_install']
[5.695s] Level 1:colcon.colcon_core.package_identification:_identify(src/my_bot) by extension 'ignore'
[5.695s] Level 1:colcon.colcon_core.package_identification:_identify(src/my_bot) by extension 'ignore_ament_install'
[5.695s] Level 1:colcon.colcon_core.package_identification:_identify(src/my_bot) by extensions ['colcon_pkg']
[5.695s] Level 1:colcon.colcon_core.package_identification:_identify(src/my_bot) by extension 'colcon_pkg'
[5.695s] Level 1:colcon.colcon_core.package_identification:_identify(src/my_bot) by extensions ['colcon_meta']
[5.695s] Level 1:colcon.colcon_core.package_identification:_identify(src/my_bot) by extension 'colcon_meta'
[5.695s] Level 1:colcon.colcon_core.package_identification:_identify(src/my_bot) by extensions ['ros']
[5.695s] Level 1:colcon.colcon_core.package_identification:_identify(src/my_bot) by extension 'ros'
[5.696s] DEBUG:colcon.colcon_core.package_identification:Package 'src/my_bot' with type 'ros.ament_cmake' and name 'my_bot'
[5.696s] Level 1:colcon.colcon_core.package_identification:_identify(src/serial_motor_demo) by extensions ['ignore', 'ignore_ament_install']
[5.696s] Level 1:colcon.colcon_core.package_identification:_identify(src/serial_motor_demo) by extension 'ignore'
[5.696s] Level 1:colcon.colcon_core.package_identification:_identify(src/serial_motor_demo) by extension 'ignore_ament_install'
[5.696s] Level 1:colcon.colcon_core.package_identification:_identify(src/serial_motor_demo) by extensions ['colcon_pkg']
[5.696s] Level 1:colcon.colcon_core.package_identification:_identify(src/serial_motor_demo) by extension 'colcon_pkg'
[5.697s] Level 1:colcon.colcon_core.package_identification:_identify(src/serial_motor_demo) by extensions ['colcon_meta']
[5.697s] Level 1:colcon.colcon_core.package_identification:_identify(src/serial_motor_demo) by extension 'colcon_meta'
[5.697s] Level 1:colcon.colcon_core.package_identification:_identify(src/serial_motor_demo) by extensions ['ros']
[5.697s] Level 1:colcon.colcon_core.package_identification:_identify(src/serial_motor_demo) by extension 'ros'
[5.697s] Level 1:colcon.colcon_core.package_identification:_identify(src/serial_motor_demo) by extensions ['cmake', 'python']
[5.697s] Level 1:colcon.colcon_core.package_identification:_identify(src/serial_motor_demo) by extension 'cmake'
[5.697s] Level 1:colcon.colcon_core.package_identification:_identify(src/serial_motor_demo) by extension 'python'
[5.697s] Level 1:colcon.colcon_core.package_identification:_identify(src/serial_motor_demo) by extensions ['python_setup_py']
[5.697s] Level 1:colcon.colcon_core.package_identification:_identify(src/serial_motor_demo) by extension 'python_setup_py'
[5.697s] Level 1:colcon.colcon_core.package_identification:_identify(src/serial_motor_demo/serial_motor_demo) by extensions ['ignore', 'ignore_ament_install']
[5.697s] Level 1:colcon.colcon_core.package_identification:_identify(src/serial_motor_demo/serial_motor_demo) by extension 'ignore'
[5.698s] Level 1:colcon.colcon_core.package_identification:_identify(src/serial_motor_demo/serial_motor_demo) by extension 'ignore_ament_install'
[5.698s] Level 1:colcon.colcon_core.package_identification:_identify(src/serial_motor_demo/serial_motor_demo) by extensions ['colcon_pkg']
[5.698s] Level 1:colcon.colcon_core.package_identification:_identify(src/serial_motor_demo/serial_motor_demo) by extension 'colcon_pkg'
[5.698s] Level 1:colcon.colcon_core.package_identification:_identify(src/serial_motor_demo/serial_motor_demo) by extensions ['colcon_meta']
[5.698s] Level 1:colcon.colcon_core.package_identification:_identify(src/serial_motor_demo/serial_motor_demo) by extension 'colcon_meta'
[5.698s] Level 1:colcon.colcon_core.package_identification:_identify(src/serial_motor_demo/serial_motor_demo) by extensions ['ros']
[5.698s] Level 1:colcon.colcon_core.package_identification:_identify(src/serial_motor_demo/serial_motor_demo) by extension 'ros'
[5.698s] DEBUG:colcon.colcon_core.package_identification:Package 'src/serial_motor_demo/serial_motor_demo' with type 'ros.ament_python' and name 'serial_motor_demo'
[5.699s] Level 1:colcon.colcon_core.package_identification:_identify(src/serial_motor_demo/serial_motor_demo_msgs) by extensions ['ignore', 'ignore_ament_install']
[5.699s] Level 1:colcon.colcon_core.package_identification:_identify(src/serial_motor_demo/serial_motor_demo_msgs) by extension 'ignore'
[5.699s] Level 1:colcon.colcon_core.package_identification:_identify(src/serial_motor_demo/serial_motor_demo_msgs) by extension 'ignore_ament_install'
[5.699s] Level 1:colcon.colcon_core.package_identification:_identify(src/serial_motor_demo/serial_motor_demo_msgs) by extensions ['colcon_pkg']
[5.699s] Level 1:colcon.colcon_core.package_identification:_identify(src/serial_motor_demo/serial_motor_demo_msgs) by extension 'colcon_pkg'
[5.699s] Level 1:colcon.colcon_core.package_identification:_identify(src/serial_motor_demo/serial_motor_demo_msgs) by extensions ['colcon_meta']
[5.699s] Level 1:colcon.colcon_core.package_identification:_identify(src/serial_motor_demo/serial_motor_demo_msgs) by extension 'colcon_meta'
[5.699s] Level 1:colcon.colcon_core.package_identification:_identify(src/serial_motor_demo/serial_motor_demo_msgs) by extensions ['ros']
[5.699s] Level 1:colcon.colcon_core.package_identification:_identify(src/serial_motor_demo/serial_motor_demo_msgs) by extension 'ros'
[5.700s] DEBUG:colcon.colcon_core.package_identification:Package 'src/serial_motor_demo/serial_motor_demo_msgs' with type 'ros.ament_cmake' and name 'serial_motor_demo_msgs'
[5.700s] Level 1:colcon.colcon_core.package_identification:_identify(src/web_video_server) by extensions ['ignore', 'ignore_ament_install']
[5.700s] Level 1:colcon.colcon_core.package_identification:_identify(src/web_video_server) by extension 'ignore'
[5.700s] Level 1:colcon.colcon_core.package_identification:_identify(src/web_video_server) by extension 'ignore_ament_install'
[5.700s] Level 1:colcon.colcon_core.package_identification:_identify(src/web_video_server) by extensions ['colcon_pkg']
[5.700s] Level 1:colcon.colcon_core.package_identification:_identify(src/web_video_server) by extension 'colcon_pkg'
[5.700s] Level 1:colcon.colcon_core.package_identification:_identify(src/web_video_server) by extensions ['colcon_meta']
[5.701s] Level 1:colcon.colcon_core.package_identification:_identify(src/web_video_server) by extension 'colcon_meta'
[5.701s] Level 1:colcon.colcon_core.package_identification:_identify(src/web_video_server) by extensions ['ros']
[5.701s] Level 1:colcon.colcon_core.package_identification:_identify(src/web_video_server) by extension 'ros'
[5.701s] DEBUG:colcon.colcon_core.package_identification:Package 'src/web_video_server' with type 'ros.ament_cmake' and name 'web_video_server'
[5.702s] Level 1:colcon.colcon_core.package_discovery:discover_packages(recursive) using defaults
[5.702s] Level 1:colcon.colcon_core.package_discovery:discover_packages(ignore) discover
[5.702s] Level 1:colcon.colcon_core.package_discovery:discover_packages(ignore) using defaults
[5.702s] Level 1:colcon.colcon_core.package_discovery:discover_packages(path) discover
[5.702s] Level 1:colcon.colcon_core.package_discovery:discover_packages(path) using defaults
[6.169s] Level 5:colcon.colcon_core.verb:set package 'gazebo_ros2_control' build argument 'cmake_args' from command line to 'None'
[6.169s] Level 5:colcon.colcon_core.verb:set package 'gazebo_ros2_control' build argument 'cmake_target' from command line to 'None'
[6.169s] Level 5:colcon.colcon_core.verb:set package 'gazebo_ros2_control' build argument 'cmake_target_skip_unavailable' from command line to 'False'
[6.169s] Level 5:colcon.colcon_core.verb:set package 'gazebo_ros2_control' build argument 'cmake_clean_cache' from command line to 'False'
[6.169s] Level 5:colcon.colcon_core.verb:set package 'gazebo_ros2_control' build argument 'cmake_clean_first' from command line to 'False'
[6.169s] Level 5:colcon.colcon_core.verb:set package 'gazebo_ros2_control' build argument 'cmake_force_configure' from command line to 'False'
[6.169s] Level 5:colcon.colcon_core.verb:set package 'gazebo_ros2_control' build argument 'ament_cmake_args' from command line to 'None'
[6.170s] Level 5:colcon.colcon_core.verb:set package 'gazebo_ros2_control' build argument 'catkin_cmake_args' from command line to 'None'
[6.170s] Level 5:colcon.colcon_core.verb:set package 'gazebo_ros2_control' build argument 'catkin_skip_building_tests' from command line to 'False'
[6.170s] DEBUG:colcon.colcon_core.verb:Building package 'gazebo_ros2_control' with the following arguments: {'ament_cmake_args': None, 'build_base': '/home/sreeja/dev_ws/build/gazebo_ros2_control', 'catkin_cmake_args': None, 'catkin_skip_building_tests': False, 'cmake_args': None, 'cmake_clean_cache': False, 'cmake_clean_first': False, 'cmake_force_configure': False, 'cmake_target': None, 'cmake_target_skip_unavailable': False, 'install_base': '/home/sreeja/dev_ws/install/gazebo_ros2_control', 'merge_install': False, 'path': '/home/sreeja/dev_ws/src/gazebo_ros2_control/gazebo_ros2_control', 'symlink_install': True, 'test_result_base': None}
[6.303s] Level 5:colcon.colcon_core.verb:set package 'my_bot' build argument 'cmake_args' from command line to 'None'
[6.303s] Level 5:colcon.colcon_core.verb:set package 'my_bot' build argument 'cmake_target' from command line to 'None'
[6.303s] Level 5:colcon.colcon_core.verb:set package 'my_bot' build argument 'cmake_target_skip_unavailable' from command line to 'False'
[6.303s] Level 5:colcon.colcon_core.verb:set package 'my_bot' build argument 'cmake_clean_cache' from command line to 'False'
[6.303s] Level 5:colcon.colcon_core.verb:set package 'my_bot' build argument 'cmake_clean_first' from command line to 'False'
[6.303s] Level 5:colcon.colcon_core.verb:set package 'my_bot' build argument 'cmake_force_configure' from command line to 'False'
[6.303s] Level 5:colcon.colcon_core.verb:set package 'my_bot' build argument 'ament_cmake_args' from command line to 'None'
[6.303s] Level 5:colcon.colcon_core.verb:set package 'my_bot' build argument 'catkin_cmake_args' from command line to 'None'
[6.303s] Level 5:colcon.colcon_core.verb:set package 'my_bot' build argument 'catkin_skip_building_tests' from command line to 'False'
[6.303s] DEBUG:colcon.colcon_core.verb:Building package 'my_bot' with the following arguments: {'ament_cmake_args': None, 'build_base': '/home/sreeja/dev_ws/build/my_bot', 'catkin_cmake_args': None, 'catkin_skip_building_tests': False, 'cmake_args': None, 'cmake_clean_cache': False, 'cmake_clean_first': False, 'cmake_force_configure': False, 'cmake_target': None, 'cmake_target_skip_unavailable': False, 'install_base': '/home/sreeja/dev_ws/install/my_bot', 'merge_install': False, 'path': '/home/sreeja/dev_ws/src/my_bot', 'symlink_install': True, 'test_result_base': None}
[6.430s] Level 5:colcon.colcon_core.verb:set package 'serial_motor_demo_msgs' build argument 'cmake_args' from command line to 'None'
[6.430s] Level 5:colcon.colcon_core.verb:set package 'serial_motor_demo_msgs' build argument 'cmake_target' from command line to 'None'
[6.430s] Level 5:colcon.colcon_core.verb:set package 'serial_motor_demo_msgs' build argument 'cmake_target_skip_unavailable' from command line to 'False'
[6.430s] Level 5:colcon.colcon_core.verb:set package 'serial_motor_demo_msgs' build argument 'cmake_clean_cache' from command line to 'False'
[6.430s] Level 5:colcon.colcon_core.verb:set package 'serial_motor_demo_msgs' build argument 'cmake_clean_first' from command line to 'False'
[6.430s] Level 5:colcon.colcon_core.verb:set package 'serial_motor_demo_msgs' build argument 'cmake_force_configure' from command line to 'False'
[6.430s] Level 5:colcon.colcon_core.verb:set package 'serial_motor_demo_msgs' build argument 'ament_cmake_args' from command line to 'None'
[6.430s] Level 5:colcon.colcon_core.verb:set package 'serial_motor_demo_msgs' build argument 'catkin_cmake_args' from command line to 'None'
[6.430s] Level 5:colcon.colcon_core.verb:set package 'serial_motor_demo_msgs' build argument 'catkin_skip_building_tests' from command line to 'False'
[6.430s] DEBUG:colcon.colcon_core.verb:Building package 'serial_motor_demo_msgs' with the following arguments: {'ament_cmake_args': None, 'build_base': '/home/sreeja/dev_ws/build/serial_motor_demo_msgs', 'catkin_cmake_args': None, 'catkin_skip_building_tests': False, 'cmake_args': None, 'cmake_clean_cache': False, 'cmake_clean_first': False, 'cmake_force_configure': False, 'cmake_target': None, 'cmake_target_skip_unavailable': False, 'install_base': '/home/sreeja/dev_ws/install/serial_motor_demo_msgs', 'merge_install': False, 'path': '/home/sreeja/dev_ws/src/serial_motor_demo/serial_motor_demo_msgs', 'symlink_install': True, 'test_result_base': None}
[6.525s] Level 5:colcon.colcon_core.verb:set package 'web_video_server' build argument 'cmake_args' from command line to 'None'
[6.525s] Level 5:colcon.colcon_core.verb:set package 'web_video_server' build argument 'cmake_target' from command line to 'None'
[6.525s] Level 5:colcon.colcon_core.verb:set package 'web_video_server' build argument 'cmake_target_skip_unavailable' from command line to 'False'
[6.525s] Level 5:colcon.colcon_core.verb:set package 'web_video_server' build argument 'cmake_clean_cache' from command line to 'False'
[6.526s] Level 5:colcon.colcon_core.verb:set package 'web_video_server' build argument 'cmake_clean_first' from command line to 'False'
[6.526s] Level 5:colcon.colcon_core.verb:set package 'web_video_server' build argument 'cmake_force_configure' from command line to 'False'
[6.526s] Level 5:colcon.colcon_core.verb:set package 'web_video_server' build argument 'ament_cmake_args' from command line to 'None'
[6.526s] Level 5:colcon.colcon_core.verb:set package 'web_video_server' build argument 'catkin_cmake_args' from command line to 'None'
[6.526s] Level 5:colcon.colcon_core.verb:set package 'web_video_server' build argument 'catkin_skip_building_tests' from command line to 'False'
[6.526s] DEBUG:colcon.colcon_core.verb:Building package 'web_video_server' with the following arguments: {'ament_cmake_args': None, 'build_base': '/home/sreeja/dev_ws/build/web_video_server', 'catkin_cmake_args': None, 'catkin_skip_building_tests': False, 'cmake_args': None, 'cmake_clean_cache': False, 'cmake_clean_first': False, 'cmake_force_configure': False, 'cmake_target': None, 'cmake_target_skip_unavailable': False, 'install_base': '/home/sreeja/dev_ws/install/web_video_server', 'merge_install': False, 'path': '/home/sreeja/dev_ws/src/web_video_server', 'symlink_install': True, 'test_result_base': None}
[6.642s] Level 5:colcon.colcon_core.verb:set package 'gazebo_ros2_control_demos' build argument 'cmake_args' from command line to 'None'
[6.643s] Level 5:colcon.colcon_core.verb:set package 'gazebo_ros2_control_demos' build argument 'cmake_target' from command line to 'None'
[6.643s] Level 5:colcon.colcon_core.verb:set package 'gazebo_ros2_control_demos' build argument 'cmake_target_skip_unavailable' from command line to 'False'
[6.643s] Level 5:colcon.colcon_core.verb:set package 'gazebo_ros2_control_demos' build argument 'cmake_clean_cache' from command line to 'False'
[6.643s] Level 5:colcon.colcon_core.verb:set package 'gazebo_ros2_control_demos' build argument 'cmake_clean_first' from command line to 'False'
[6.643s] Level 5:colcon.colcon_core.verb:set package 'gazebo_ros2_control_demos' build argument 'cmake_force_configure' from command line to 'False'
[6.643s] Level 5:colcon.colcon_core.verb:set package 'gazebo_ros2_control_demos' build argument 'ament_cmake_args' from command line to 'None'
[6.643s] Level 5:colcon.colcon_core.verb:set package 'gazebo_ros2_control_demos' build argument 'catkin_cmake_args' from command line to 'None'
[6.643s] Level 5:colcon.colcon_core.verb:set package 'gazebo_ros2_control_demos' build argument 'catkin_skip_building_tests' from command line to 'False'
[6.643s] DEBUG:colcon.colcon_core.verb:Building package 'gazebo_ros2_control_demos' with the following arguments: {'ament_cmake_args': None, 'build_base': '/home/sreeja/dev_ws/build/gazebo_ros2_control_demos', 'catkin_cmake_args': None, 'catkin_skip_building_tests': False, 'cmake_args': None, 'cmake_clean_cache': False, 'cmake_clean_first': False, 'cmake_force_configure': False, 'cmake_target': None, 'cmake_target_skip_unavailable': False, 'install_base': '/home/sreeja/dev_ws/install/gazebo_ros2_control_demos', 'merge_install': False, 'path': '/home/sreeja/dev_ws/src/gazebo_ros2_control/gazebo_ros2_control_demos', 'symlink_install': True, 'test_result_base': None}
[6.763s] Level 5:colcon.colcon_core.verb:set package 'serial_motor_demo' build argument 'cmake_args' from command line to 'None'
[6.763s] Level 5:colcon.colcon_core.verb:set package 'serial_motor_demo' build argument 'cmake_target' from command line to 'None'
[6.763s] Level 5:colcon.colcon_core.verb:set package 'serial_motor_demo' build argument 'cmake_target_skip_unavailable' from command line to 'False'
[6.763s] Level 5:colcon.colcon_core.verb:set package 'serial_motor_demo' build argument 'cmake_clean_cache' from command line to 'False'
[6.764s] Level 5:colcon.colcon_core.verb:set package 'serial_motor_demo' build argument 'cmake_clean_first' from command line to 'False'
[6.764s] Level 5:colcon.colcon_core.verb:set package 'serial_motor_demo' build argument 'cmake_force_configure' from command line to 'False'
[6.764s] Level 5:colcon.colcon_core.verb:set package 'serial_motor_demo' build argument 'ament_cmake_args' from command line to 'None'
[6.764s] Level 5:colcon.colcon_core.verb:set package 'serial_motor_demo' build argument 'catkin_cmake_args' from command line to 'None'
[6.764s] Level 5:colcon.colcon_core.verb:set package 'serial_motor_demo' build argument 'catkin_skip_building_tests' from command line to 'False'
[6.764s] DEBUG:colcon.colcon_core.verb:Building package 'serial_motor_demo' with the following arguments: {'ament_cmake_args': None, 'build_base': '/home/sreeja/dev_ws/build/serial_motor_demo', 'catkin_cmake_args': None, 'catkin_skip_building_tests': False, 'cmake_args': None, 'cmake_clean_cache': False, 'cmake_clean_first': False, 'cmake_force_configure': False, 'cmake_target': None, 'cmake_target_skip_unavailable': False, 'install_base': '/home/sreeja/dev_ws/install/serial_motor_demo', 'merge_install': False, 'path': '/home/sreeja/dev_ws/src/serial_motor_demo/serial_motor_demo', 'symlink_install': True, 'test_result_base': None}
[6.880s] INFO:colcon.colcon_core.executor:Executing jobs using 'parallel' executor
[7.010s] DEBUG:colcon.colcon_parallel_executor.executor.parallel:run_until_complete
[7.010s] INFO:colcon.colcon_ros.task.ament_cmake.build:Building ROS package in '/home/sreeja/dev_ws/src/gazebo_ros2_control/gazebo_ros2_control' with build type 'ament_cmake'
[7.011s] INFO:colcon.colcon_cmake.task.cmake.build:Building CMake package in '/home/sreeja/dev_ws/src/gazebo_ros2_control/gazebo_ros2_control'
[7.127s] INFO:colcon.colcon_core.plugin_system:Skipping extension 'colcon_core.shell.bat': Not used on non-Windows systems
[7.127s] INFO:colcon.colcon_core.shell:Skip shell extension 'powershell' for command environment: Not usable outside of PowerShell
[7.127s] DEBUG:colcon.colcon_core.shell:Skip shell extension 'dsv' for command environment
[7.414s] INFO:colcon.colcon_ros.task.ament_cmake.build:Building ROS package in '/home/sreeja/dev_ws/src/serial_motor_demo/serial_motor_demo_msgs' with build type 'ament_cmake'
[7.415s] INFO:colcon.colcon_cmake.task.cmake.build:Building CMake package in '/home/sreeja/dev_ws/src/serial_motor_demo/serial_motor_demo_msgs'
[7.552s] INFO:colcon.colcon_core.shell:Skip shell extension 'powershell' for command environment: Not usable outside of PowerShell
[7.552s] DEBUG:colcon.colcon_core.shell:Skip shell extension 'dsv' for command environment
[7.776s] INFO:colcon.colcon_ros.task.ament_cmake.build:Building ROS package in '/home/sreeja/dev_ws/src/my_bot' with build type 'ament_cmake'
[7.776s] INFO:colcon.colcon_cmake.task.cmake.build:Building CMake package in '/home/sreeja/dev_ws/src/my_bot'
[7.889s] INFO:colcon.colcon_core.shell:Skip shell extension 'powershell' for command environment: Not usable outside of PowerShell
[7.889s] DEBUG:colcon.colcon_core.shell:Skip shell extension 'dsv' for command environment
[8.134s] INFO:colcon.colcon_ros.task.ament_cmake.build:Building ROS package in '/home/sreeja/dev_ws/src/web_video_server' with build type 'ament_cmake'
[8.134s] INFO:colcon.colcon_cmake.task.cmake.build:Building CMake package in '/home/sreeja/dev_ws/src/web_video_server'
[8.260s] INFO:colcon.colcon_core.shell:Skip shell extension 'powershell' for command environment: Not usable outside of PowerShell
[8.260s] DEBUG:colcon.colcon_core.shell:Skip shell extension 'dsv' for command environment
[8.520s] DEBUG:colcon.colcon_core.event_handler.log_command:Invoking command in '/home/sreeja/dev_ws/build/gazebo_ros2_control': CMAKE_PREFIX_PATH=/opt/ros/foxy /usr/bin/cmake --build /home/sreeja/dev_ws/build/gazebo_ros2_control -- -j4 -l4
[8.530s] DEBUG:colcon.colcon_core.event_handler.log_command:Invoking command in '/home/sreeja/dev_ws/build/serial_motor_demo_msgs': CMAKE_PREFIX_PATH=/opt/ros/foxy /usr/bin/cmake --build /home/sreeja/dev_ws/build/serial_motor_demo_msgs -- -j4 -l4
[8.546s] DEBUG:colcon.colcon_core.event_handler.log_command:Invoking command in '/home/sreeja/dev_ws/build/my_bot': CMAKE_PREFIX_PATH=/opt/ros/foxy /usr/bin/cmake --build /home/sreeja/dev_ws/build/my_bot -- -j4 -l4
[8.563s] DEBUG:colcon.colcon_core.event_handler.log_command:Invoking command in '/home/sreeja/dev_ws/build/web_video_server': CMAKE_PREFIX_PATH=/opt/ros/foxy /usr/bin/cmake --build /home/sreeja/dev_ws/build/web_video_server -- -j4 -l4
[8.631s] DEBUG:colcon.colcon_core.event_handler.log_command:Invoked command in '/home/sreeja/dev_ws/build/my_bot' returned '0': CMAKE_PREFIX_PATH=/opt/ros/foxy /usr/bin/cmake --build /home/sreeja/dev_ws/build/my_bot -- -j4 -l4
[8.772s] DEBUG:colcon.colcon_core.event_handler.log_command:Invoking command in '/home/sreeja/dev_ws/build/my_bot': CMAKE_PREFIX_PATH=/opt/ros/foxy /usr/bin/cmake --install /home/sreeja/dev_ws/build/my_bot
[8.794s] DEBUG:colcon.colcon_core.event_handler.log_command:Invoked command in '/home/sreeja/dev_ws/build/gazebo_ros2_control' returned '0': CMAKE_PREFIX_PATH=/opt/ros/foxy /usr/bin/cmake --build /home/sreeja/dev_ws/build/gazebo_ros2_control -- -j4 -l4
[8.827s] DEBUG:colcon.colcon_core.event_handler.log_command:Invoked command in '/home/sreeja/dev_ws/build/web_video_server' returned '0': CMAKE_PREFIX_PATH=/opt/ros/foxy /usr/bin/cmake --build /home/sreeja/dev_ws/build/web_video_server -- -j4 -l4
[8.863s] Level 1:colcon.colcon_core.environment:create_environment_scripts_only(my_bot)
[8.863s] DEBUG:colcon.colcon_core.event_handler.log_command:Invoked command in '/home/sreeja/dev_ws/build/my_bot' returned '0': CMAKE_PREFIX_PATH=/opt/ros/foxy /usr/bin/cmake --install /home/sreeja/dev_ws/build/my_bot
[9.008s] Level 1:colcon.colcon_core.environment:checking '/home/sreeja/dev_ws/install/my_bot' for CMake module files
[9.009s] Level 1:colcon.colcon_core.environment:checking '/home/sreeja/dev_ws/install/my_bot' for CMake config files
[9.010s] Level 1:colcon.colcon_core.shell:create_environment_hook('my_bot', 'cmake_prefix_path')
[9.141s] INFO:colcon.colcon_core.shell:Creating environment hook '/home/sreeja/dev_ws/install/my_bot/share/my_bot/hook/cmake_prefix_path.ps1'
[9.142s] INFO:colcon.colcon_core.shell:Creating environment descriptor '/home/sreeja/dev_ws/install/my_bot/share/my_bot/hook/cmake_prefix_path.dsv'
[9.143s] INFO:colcon.colcon_core.shell:Creating environment hook '/home/sreeja/dev_ws/install/my_bot/share/my_bot/hook/cmake_prefix_path.sh'
[9.144s] Level 1:colcon.colcon_core.environment:checking '/home/sreeja/dev_ws/install/my_bot/lib'
[9.145s] Level 1:colcon.colcon_core.environment:checking '/home/sreeja/dev_ws/install/my_bot/bin'
[9.145s] Level 1:colcon.colcon_core.environment:checking '/home/sreeja/dev_ws/install/my_bot/lib/pkgconfig/my_bot.pc'
[9.146s] Level 1:colcon.colcon_core.environment:checking '/home/sreeja/dev_ws/install/my_bot/lib/python3.8/site-packages'
[9.146s] Level 1:colcon.colcon_core.environment:checking '/home/sreeja/dev_ws/install/my_bot/bin'
[9.261s] INFO:colcon.colcon_core.shell:Creating package script '/home/sreeja/dev_ws/install/my_bot/share/my_bot/package.ps1'
[9.262s] INFO:colcon.colcon_core.shell:Creating package descriptor '/home/sreeja/dev_ws/install/my_bot/share/my_bot/package.dsv'
[9.263s] INFO:colcon.colcon_core.shell:Creating package script '/home/sreeja/dev_ws/install/my_bot/share/my_bot/package.sh'
[9.265s] INFO:colcon.colcon_core.shell:Creating package script '/home/sreeja/dev_ws/install/my_bot/share/my_bot/package.bash'
[9.267s] INFO:colcon.colcon_core.shell:Creating package script '/home/sreeja/dev_ws/install/my_bot/share/my_bot/package.zsh'
[9.268s] Level 1:colcon.colcon_core.environment:create_file_with_runtime_dependencies(/home/sreeja/dev_ws/install/my_bot/share/colcon-core/packages/my_bot)
[9.279s] DEBUG:colcon.colcon_core.event_handler.log_command:Invoking command in '/home/sreeja/dev_ws/build/web_video_server': CMAKE_PREFIX_PATH=/opt/ros/foxy /usr/bin/cmake --install /home/sreeja/dev_ws/build/web_video_server
[9.298s] DEBUG:colcon.colcon_core.event_handler.log_command:Invoking command in '/home/sreeja/dev_ws/build/gazebo_ros2_control': CMAKE_PREFIX_PATH=/opt/ros/foxy /usr/bin/cmake --install /home/sreeja/dev_ws/build/gazebo_ros2_control
[9.304s] DEBUG:colcon.colcon_core.event_handler.log_command:Invoked command in '/home/sreeja/dev_ws/build/serial_motor_demo_msgs' returned '0': CMAKE_PREFIX_PATH=/opt/ros/foxy /usr/bin/cmake --build /home/sreeja/dev_ws/build/serial_motor_demo_msgs -- -j4 -l4
[9.470s] Level 1:colcon.colcon_core.environment:create_environment_scripts_only(my_bot)
[9.575s] Level 1:colcon.colcon_core.environment:checking '/home/sreeja/dev_ws/install/my_bot' for CMake module files
[9.576s] Level 1:colcon.colcon_core.environment:checking '/home/sreeja/dev_ws/install/my_bot' for CMake config files
[9.576s] Level 1:colcon.colcon_core.shell:create_environment_hook('my_bot', 'cmake_prefix_path')
[9.712s] INFO:colcon.colcon_core.shell:Creating environment hook '/home/sreeja/dev_ws/install/my_bot/share/my_bot/hook/cmake_prefix_path.ps1'
[9.713s] INFO:colcon.colcon_core.shell:Creating environment descriptor '/home/sreeja/dev_ws/install/my_bot/share/my_bot/hook/cmake_prefix_path.dsv'
[9.714s] INFO:colcon.colcon_core.shell:Creating environment hook '/home/sreeja/dev_ws/install/my_bot/share/my_bot/hook/cmake_prefix_path.sh'
[9.715s] Level 1:colcon.colcon_core.environment:checking '/home/sreeja/dev_ws/install/my_bot/lib'
[9.715s] Level 1:colcon.colcon_core.environment:checking '/home/sreeja/dev_ws/install/my_bot/bin'
[9.715s] Level 1:colcon.colcon_core.environment:checking '/home/sreeja/dev_ws/install/my_bot/lib/pkgconfig/my_bot.pc'
[9.716s] Level 1:colcon.colcon_core.environment:checking '/home/sreeja/dev_ws/install/my_bot/lib/python3.8/site-packages'
[9.716s] Level 1:colcon.colcon_core.environment:checking '/home/sreeja/dev_ws/install/my_bot/bin'
[9.830s] INFO:colcon.colcon_core.shell:Creating package script '/home/sreeja/dev_ws/install/my_bot/share/my_bot/package.ps1'
[9.831s] INFO:colcon.colcon_core.shell:Creating package descriptor '/home/sreeja/dev_ws/install/my_bot/share/my_bot/package.dsv'
[9.832s] INFO:colcon.colcon_core.shell:Creating package script '/home/sreeja/dev_ws/install/my_bot/share/my_bot/package.sh'
[9.832s] INFO:colcon.colcon_core.shell:Creating package script '/home/sreeja/dev_ws/install/my_bot/share/my_bot/package.bash'
[9.833s] INFO:colcon.colcon_core.shell:Creating package script '/home/sreeja/dev_ws/install/my_bot/share/my_bot/package.zsh'
[9.834s] Level 1:colcon.colcon_core.environment:create_file_with_runtime_dependencies(/home/sreeja/dev_ws/install/my_bot/share/colcon-core/packages/my_bot)
[9.843s] DEBUG:colcon.colcon_core.event_handler.log_command:Invoking command in '/home/sreeja/dev_ws/build/serial_motor_demo_msgs': CMAKE_PREFIX_PATH=/opt/ros/foxy /usr/bin/cmake --install /home/sreeja/dev_ws/build/serial_motor_demo_msgs
[9.845s] Level 1:colcon.colcon_core.environment:create_environment_scripts_only(gazebo_ros2_control)
[9.846s] DEBUG:colcon.colcon_core.event_handler.log_command:Invoked command in '/home/sreeja/dev_ws/build/gazebo_ros2_control' returned '0': CMAKE_PREFIX_PATH=/opt/ros/foxy /usr/bin/cmake --install /home/sreeja/dev_ws/build/gazebo_ros2_control
[10.044s] Level 1:colcon.colcon_core.environment:checking '/home/sreeja/dev_ws/install/gazebo_ros2_control' for CMake module files
[10.045s] Level 1:colcon.colcon_core.environment:checking '/home/sreeja/dev_ws/install/gazebo_ros2_control' for CMake config files
[10.045s] Level 1:colcon.colcon_core.shell:create_environment_hook('gazebo_ros2_control', 'cmake_prefix_path')
[10.177s] INFO:colcon.colcon_core.shell:Creating environment hook '/home/sreeja/dev_ws/install/gazebo_ros2_control/share/gazebo_ros2_control/hook/cmake_prefix_path.ps1'
[10.177s] INFO:colcon.colcon_core.shell:Creating environment descriptor '/home/sreeja/dev_ws/install/gazebo_ros2_control/share/gazebo_ros2_control/hook/cmake_prefix_path.dsv'
[10.178s] INFO:colcon.colcon_core.shell:Creating environment hook '/home/sreeja/dev_ws/install/gazebo_ros2_control/share/gazebo_ros2_control/hook/cmake_prefix_path.sh'
[10.179s] Level 1:colcon.colcon_core.environment:checking '/home/sreeja/dev_ws/install/gazebo_ros2_control/lib'
[10.179s] Level 1:colcon.colcon_core.shell:create_environment_hook('gazebo_ros2_control', 'ld_library_path_lib')
[10.310s] INFO:colcon.colcon_core.shell:Creating environment hook '/home/sreeja/dev_ws/install/gazebo_ros2_control/share/gazebo_ros2_control/hook/ld_library_path_lib.ps1'
[10.311s] INFO:colcon.colcon_core.shell:Creating environment descriptor '/home/sreeja/dev_ws/install/gazebo_ros2_control/share/gazebo_ros2_control/hook/ld_library_path_lib.dsv'
[10.312s] INFO:colcon.colcon_core.shell:Creating environment hook '/home/sreeja/dev_ws/install/gazebo_ros2_control/share/gazebo_ros2_control/hook/ld_library_path_lib.sh'
[10.312s] Level 1:colcon.colcon_core.environment:checking '/home/sreeja/dev_ws/install/gazebo_ros2_control/bin'
[10.312s] Level 1:colcon.colcon_core.environment:checking '/home/sreeja/dev_ws/install/gazebo_ros2_control/lib/pkgconfig/gazebo_ros2_control.pc'
[10.313s] Level 1:colcon.colcon_core.environment:checking '/home/sreeja/dev_ws/install/gazebo_ros2_control/lib/python3.8/site-packages'
[10.313s] Level 1:colcon.colcon_core.environment:checking '/home/sreeja/dev_ws/install/gazebo_ros2_control/bin'
[10.439s] INFO:colcon.colcon_core.shell:Creating package script '/home/sreeja/dev_ws/install/gazebo_ros2_control/share/gazebo_ros2_control/package.ps1'
[10.440s] INFO:colcon.colcon_core.shell:Creating package descriptor '/home/sreeja/dev_ws/install/gazebo_ros2_control/share/gazebo_ros2_control/package.dsv'
[10.440s] INFO:colcon.colcon_core.shell:Creating package script '/home/sreeja/dev_ws/install/gazebo_ros2_control/share/gazebo_ros2_control/package.sh'
[10.441s] INFO:colcon.colcon_core.shell:Creating package script '/home/sreeja/dev_ws/install/gazebo_ros2_control/share/gazebo_ros2_control/package.bash'
[10.442s] INFO:colcon.colcon_core.shell:Creating package script '/home/sreeja/dev_ws/install/gazebo_ros2_control/share/gazebo_ros2_control/package.zsh'
[10.443s] Level 1:colcon.colcon_core.environment:create_file_with_runtime_dependencies(/home/sreeja/dev_ws/install/gazebo_ros2_control/share/colcon-core/packages/gazebo_ros2_control)
[10.447s] Level 1:colcon.colcon_core.environment:create_environment_scripts_only(web_video_server)
[10.448s] DEBUG:colcon.colcon_core.event_handler.log_command:Invoked command in '/home/sreeja/dev_ws/build/web_video_server' returned '0': CMAKE_PREFIX_PATH=/opt/ros/foxy /usr/bin/cmake --install /home/sreeja/dev_ws/build/web_video_server
[10.561s] Level 1:colcon.colcon_core.environment:checking '/home/sreeja/dev_ws/install/web_video_server' for CMake module files
[10.562s] Level 1:colcon.colcon_core.environment:checking '/home/sreeja/dev_ws/install/web_video_server' for CMake config files
[10.562s] Level 1:colcon.colcon_core.shell:create_environment_hook('web_video_server', 'cmake_prefix_path')
[10.677s] INFO:colcon.colcon_core.shell:Creating environment hook '/home/sreeja/dev_ws/install/web_video_server/share/web_video_server/hook/cmake_prefix_path.ps1'
[10.678s] INFO:colcon.colcon_core.shell:Creating environment descriptor '/home/sreeja/dev_ws/install/web_video_server/share/web_video_server/hook/cmake_prefix_path.dsv'
[10.679s] INFO:colcon.colcon_core.shell:Creating environment hook '/home/sreeja/dev_ws/install/web_video_server/share/web_video_server/hook/cmake_prefix_path.sh'
[10.680s] Level 1:colcon.colcon_core.environment:checking '/home/sreeja/dev_ws/install/web_video_server/lib'
[10.680s] Level 1:colcon.colcon_core.environment:checking '/home/sreeja/dev_ws/install/web_video_server/bin'
[10.680s] Level 1:colcon.colcon_core.environment:checking '/home/sreeja/dev_ws/install/web_video_server/lib/pkgconfig/web_video_server.pc'
[10.680s] Level 1:colcon.colcon_core.environment:checking '/home/sreeja/dev_ws/install/web_video_server/lib/python3.8/site-packages'
[10.681s] Level 1:colcon.colcon_core.environment:checking '/home/sreeja/dev_ws/install/web_video_server/bin'
[10.787s] INFO:colcon.colcon_core.shell:Creating package script '/home/sreeja/dev_ws/install/web_video_server/share/web_video_server/package.ps1'
[10.788s] INFO:colcon.colcon_core.shell:Creating package descriptor '/home/sreeja/dev_ws/install/web_video_server/share/web_video_server/package.dsv'
[10.788s] INFO:colcon.colcon_core.shell:Creating package script '/home/sreeja/dev_ws/install/web_video_server/share/web_video_server/package.sh'
[10.789s] INFO:colcon.colcon_core.shell:Creating package script '/home/sreeja/dev_ws/install/web_video_server/share/web_video_server/package.bash'
[10.789s] INFO:colcon.colcon_core.shell:Creating package script '/home/sreeja/dev_ws/install/web_video_server/share/web_video_server/package.zsh'
[10.790s] Level 1:colcon.colcon_core.environment:create_file_with_runtime_dependencies(/home/sreeja/dev_ws/install/web_video_server/share/colcon-core/packages/web_video_server)
[10.927s] Level 1:colcon.colcon_core.environment:create_environment_scripts_only(gazebo_ros2_control)
[11.029s] Level 1:colcon.colcon_core.environment:checking '/home/sreeja/dev_ws/install/gazebo_ros2_control' for CMake module files
[11.029s] Level 1:colcon.colcon_core.environment:checking '/home/sreeja/dev_ws/install/gazebo_ros2_control' for CMake config files
[11.030s] Level 1:colcon.colcon_core.shell:create_environment_hook('gazebo_ros2_control', 'cmake_prefix_path')
[11.132s] INFO:colcon.colcon_core.shell:Creating environment hook '/home/sreeja/dev_ws/install/gazebo_ros2_control/share/gazebo_ros2_control/hook/cmake_prefix_path.ps1'
[11.133s] INFO:colcon.colcon_core.shell:Creating environment descriptor '/home/sreeja/dev_ws/install/gazebo_ros2_control/share/gazebo_ros2_control/hook/cmake_prefix_path.dsv'
[11.134s] INFO:colcon.colcon_core.shell:Creating environment hook '/home/sreeja/dev_ws/install/gazebo_ros2_control/share/gazebo_ros2_control/hook/cmake_prefix_path.sh'
[11.135s] Level 1:colcon.colcon_core.environment:checking '/home/sreeja/dev_ws/install/gazebo_ros2_control/lib'
[11.135s] Level 1:colcon.colcon_core.shell:create_environment_hook('gazebo_ros2_control', 'ld_library_path_lib')
[11.237s] INFO:colcon.colcon_core.shell:Creating environment hook '/home/sreeja/dev_ws/install/gazebo_ros2_control/share/gazebo_ros2_control/hook/ld_library_path_lib.ps1'
[11.238s] INFO:colcon.colcon_core.shell:Creating environment descriptor '/home/sreeja/dev_ws/install/gazebo_ros2_control/share/gazebo_ros2_control/hook/ld_library_path_lib.dsv'
[11.239s] INFO:colcon.colcon_core.shell:Creating environment hook '/home/sreeja/dev_ws/install/gazebo_ros2_control/share/gazebo_ros2_control/hook/ld_library_path_lib.sh'
[11.240s] Level 1:colcon.colcon_core.environment:checking '/home/sreeja/dev_ws/install/gazebo_ros2_control/bin'
[11.241s] Level 1:colcon.colcon_core.environment:checking '/home/sreeja/dev_ws/install/gazebo_ros2_control/lib/pkgconfig/gazebo_ros2_control.pc'
[11.241s] Level 1:colcon.colcon_core.environment:checking '/home/sreeja/dev_ws/install/gazebo_ros2_control/lib/python3.8/site-packages'
[11.241s] Level 1:colcon.colcon_core.environment:checking '/home/sreeja/dev_ws/install/gazebo_ros2_control/bin'
[11.343s] INFO:colcon.colcon_core.shell:Creating package script '/home/sreeja/dev_ws/install/gazebo_ros2_control/share/gazebo_ros2_control/package.ps1'
[11.344s] INFO:colcon.colcon_core.shell:Creating package descriptor '/home/sreeja/dev_ws/install/gazebo_ros2_control/share/gazebo_ros2_control/package.dsv'
[11.345s] INFO:colcon.colcon_core.shell:Creating package script '/home/sreeja/dev_ws/install/gazebo_ros2_control/share/gazebo_ros2_control/package.sh'
[11.346s] INFO:colcon.colcon_core.shell:Creating package script '/home/sreeja/dev_ws/install/gazebo_ros2_control/share/gazebo_ros2_control/package.bash'
[11.348s] INFO:colcon.colcon_core.shell:Creating package script '/home/sreeja/dev_ws/install/gazebo_ros2_control/share/gazebo_ros2_control/package.zsh'
[11.349s] Level 1:colcon.colcon_core.environment:create_file_with_runtime_dependencies(/home/sreeja/dev_ws/install/gazebo_ros2_control/share/colcon-core/packages/gazebo_ros2_control)
[11.351s] INFO:colcon.colcon_ros.task.ament_cmake.build:Building ROS package in '/home/sreeja/dev_ws/src/gazebo_ros2_control/gazebo_ros2_control_demos' with build type 'ament_cmake'
[11.351s] INFO:colcon.colcon_cmake.task.cmake.build:Building CMake package in '/home/sreeja/dev_ws/src/gazebo_ros2_control/gazebo_ros2_control_demos'
[11.470s] INFO:colcon.colcon_core.shell:Skip shell extension 'powershell' for command environment: Not usable outside of PowerShell
[11.470s] DEBUG:colcon.colcon_core.shell:Skip shell extension 'dsv' for command environment
[11.689s] Level 1:colcon.colcon_core.environment:create_environment_scripts_only(serial_motor_demo_msgs)
[11.690s] DEBUG:colcon.colcon_core.event_handler.log_command:Invoked command in '/home/sreeja/dev_ws/build/serial_motor_demo_msgs' returned '0': CMAKE_PREFIX_PATH=/opt/ros/foxy /usr/bin/cmake --install /home/sreeja/dev_ws/build/serial_motor_demo_msgs
[11.796s] Level 1:colcon.colcon_core.environment:checking '/home/sreeja/dev_ws/install/serial_motor_demo_msgs' for CMake module files
[11.797s] Level 1:colcon.colcon_core.environment:checking '/home/sreeja/dev_ws/install/serial_motor_demo_msgs' for CMake config files
[11.798s] Level 1:colcon.colcon_core.shell:create_environment_hook('serial_motor_demo_msgs', 'cmake_prefix_path')
[11.899s] INFO:colcon.colcon_core.shell:Creating environment hook '/home/sreeja/dev_ws/install/serial_motor_demo_msgs/share/serial_motor_demo_msgs/hook/cmake_prefix_path.ps1'
[11.900s] INFO:colcon.colcon_core.shell:Creating environment descriptor '/home/sreeja/dev_ws/install/serial_motor_demo_msgs/share/serial_motor_demo_msgs/hook/cmake_prefix_path.dsv'
[11.900s] INFO:colcon.colcon_core.shell:Creating environment hook '/home/sreeja/dev_ws/install/serial_motor_demo_msgs/share/serial_motor_demo_msgs/hook/cmake_prefix_path.sh'
[11.902s] Level 1:colcon.colcon_core.environment:checking '/home/sreeja/dev_ws/install/serial_motor_demo_msgs/lib'
[11.902s] Level 1:colcon.colcon_core.shell:create_environment_hook('serial_motor_demo_msgs', 'ld_library_path_lib')
[12.006s] INFO:colcon.colcon_core.shell:Creating environment hook '/home/sreeja/dev_ws/install/serial_motor_demo_msgs/share/serial_motor_demo_msgs/hook/ld_library_path_lib.ps1'
[12.007s] INFO:colcon.colcon_core.shell:Creating environment descriptor '/home/sreeja/dev_ws/install/serial_motor_demo_msgs/share/serial_motor_demo_msgs/hook/ld_library_path_lib.dsv'
[12.007s] INFO:colcon.colcon_core.shell:Creating environment hook '/home/sreeja/dev_ws/install/serial_motor_demo_msgs/share/serial_motor_demo_msgs/hook/ld_library_path_lib.sh'
[12.008s] Level 1:colcon.colcon_core.environment:checking '/home/sreeja/dev_ws/install/serial_motor_demo_msgs/bin'
[12.009s] Level 1:colcon.colcon_core.environment:checking '/home/sreeja/dev_ws/install/serial_motor_demo_msgs/lib/pkgconfig/serial_motor_demo_msgs.pc'
[12.009s] Level 1:colcon.colcon_core.environment:checking '/home/sreeja/dev_ws/install/serial_motor_demo_msgs/lib/python3.8/site-packages'
[12.009s] Level 1:colcon.colcon_core.shell:create_environment_hook('serial_motor_demo_msgs', 'pythonpath')
[12.112s] INFO:colcon.colcon_core.shell:Creating environment hook '/home/sreeja/dev_ws/install/serial_motor_demo_msgs/share/serial_motor_demo_msgs/hook/pythonpath.ps1'
[12.113s] INFO:colcon.colcon_core.shell:Creating environment descriptor '/home/sreeja/dev_ws/install/serial_motor_demo_msgs/share/serial_motor_demo_msgs/hook/pythonpath.dsv'
[12.114s] INFO:colcon.colcon_core.shell:Creating environment hook '/home/sreeja/dev_ws/install/serial_motor_demo_msgs/share/serial_motor_demo_msgs/hook/pythonpath.sh'
[12.115s] Level 1:colcon.colcon_core.environment:checking '/home/sreeja/dev_ws/install/serial_motor_demo_msgs/bin'
[12.218s] INFO:colcon.colcon_core.shell:Creating package script '/home/sreeja/dev_ws/install/serial_motor_demo_msgs/share/serial_motor_demo_msgs/package.ps1'
[12.219s] INFO:colcon.colcon_core.shell:Creating package descriptor '/home/sreeja/dev_ws/install/serial_motor_demo_msgs/share/serial_motor_demo_msgs/package.dsv'
[12.220s] INFO:colcon.colcon_core.shell:Creating package script '/home/sreeja/dev_ws/install/serial_motor_demo_msgs/share/serial_motor_demo_msgs/package.sh'
[12.220s] INFO:colcon.colcon_core.shell:Creating package script '/home/sreeja/dev_ws/install/serial_motor_demo_msgs/share/serial_motor_demo_msgs/package.bash'
[12.221s] INFO:colcon.colcon_core.shell:Creating package script '/home/sreeja/dev_ws/install/serial_motor_demo_msgs/share/serial_motor_demo_msgs/package.zsh'
[12.222s] Level 1:colcon.colcon_core.environment:create_file_with_runtime_dependencies(/home/sreeja/dev_ws/install/serial_motor_demo_msgs/share/colcon-core/packages/serial_motor_demo_msgs)
[12.358s] Level 1:colcon.colcon_core.environment:create_environment_scripts_only(web_video_server)
[12.469s] Level 1:colcon.colcon_core.environment:checking '/home/sreeja/dev_ws/install/web_video_server' for CMake module files
[12.469s] Level 1:colcon.colcon_core.environment:checking '/home/sreeja/dev_ws/install/web_video_server' for CMake config files
[12.470s] Level 1:colcon.colcon_core.shell:create_environment_hook('web_video_server', 'cmake_prefix_path')
[12.574s] INFO:colcon.colcon_core.shell:Creating environment hook '/home/sreeja/dev_ws/install/web_video_server/share/web_video_server/hook/cmake_prefix_path.ps1'
[12.575s] INFO:colcon.colcon_core.shell:Creating environment descriptor '/home/sreeja/dev_ws/install/web_video_server/share/web_video_server/hook/cmake_prefix_path.dsv'
[12.576s] INFO:colcon.colcon_core.shell:Creating environment hook '/home/sreeja/dev_ws/install/web_video_server/share/web_video_server/hook/cmake_prefix_path.sh'
[12.578s] Level 1:colcon.colcon_core.environment:checking '/home/sreeja/dev_ws/install/web_video_server/lib'
[12.578s] Level 1:colcon.colcon_core.environment:checking '/home/sreeja/dev_ws/install/web_video_server/bin'
[12.578s] Level 1:colcon.colcon_core.environment:checking '/home/sreeja/dev_ws/install/web_video_server/lib/pkgconfig/web_video_server.pc'
[12.579s] Level 1:colcon.colcon_core.environment:checking '/home/sreeja/dev_ws/install/web_video_server/lib/python3.8/site-packages'
[12.579s] Level 1:colcon.colcon_core.environment:checking '/home/sreeja/dev_ws/install/web_video_server/bin'
[12.688s] INFO:colcon.colcon_core.shell:Creating package script '/home/sreeja/dev_ws/install/web_video_server/share/web_video_server/package.ps1'
[12.689s] INFO:colcon.colcon_core.shell:Creating package descriptor '/home/sreeja/dev_ws/install/web_video_server/share/web_video_server/package.dsv'
[12.691s] INFO:colcon.colcon_core.shell:Creating package script '/home/sreeja/dev_ws/install/web_video_server/share/web_video_server/package.sh'
[12.692s] INFO:colcon.colcon_core.shell:Creating package script '/home/sreeja/dev_ws/install/web_video_server/share/web_video_server/package.bash'
[12.693s] INFO:colcon.colcon_core.shell:Creating package script '/home/sreeja/dev_ws/install/web_video_server/share/web_video_server/package.zsh'
[12.694s] Level 1:colcon.colcon_core.environment:create_file_with_runtime_dependencies(/home/sreeja/dev_ws/install/web_video_server/share/colcon-core/packages/web_video_server)
[12.704s] DEBUG:colcon.colcon_core.event_handler.log_command:Invoking command in '/home/sreeja/dev_ws/build/gazebo_ros2_control_demos': AMENT_PREFIX_PATH=/home/sreeja/dev_ws/install/gazebo_ros2_control:${AMENT_PREFIX_PATH} CMAKE_PREFIX_PATH=/home/sreeja/dev_ws/install/gazebo_ros2_control:/opt/ros/foxy LD_LIBRARY_PATH=/home/sreeja/dev_ws/install/gazebo_ros2_control/lib:${LD_LIBRARY_PATH} /usr/bin/cmake --build /home/sreeja/dev_ws/build/gazebo_ros2_control_demos -- -j4 -l4
[12.861s] Level 1:colcon.colcon_core.environment:create_environment_scripts_only(serial_motor_demo_msgs)
[12.987s] Level 1:colcon.colcon_core.environment:checking '/home/sreeja/dev_ws/install/serial_motor_demo_msgs' for CMake module files
[12.987s] Level 1:colcon.colcon_core.environment:checking '/home/sreeja/dev_ws/install/serial_motor_demo_msgs' for CMake config files
[12.988s] Level 1:colcon.colcon_core.shell:create_environment_hook('serial_motor_demo_msgs', 'cmake_prefix_path')
[13.092s] INFO:colcon.colcon_core.shell:Creating environment hook '/home/sreeja/dev_ws/install/serial_motor_demo_msgs/share/serial_motor_demo_msgs/hook/cmake_prefix_path.ps1'
[13.093s] INFO:colcon.colcon_core.shell:Creating environment descriptor '/home/sreeja/dev_ws/install/serial_motor_demo_msgs/share/serial_motor_demo_msgs/hook/cmake_prefix_path.dsv'
[13.094s] INFO:colcon.colcon_core.shell:Creating environment hook '/home/sreeja/dev_ws/install/serial_motor_demo_msgs/share/serial_motor_demo_msgs/hook/cmake_prefix_path.sh'
[13.095s] Level 1:colcon.colcon_core.environment:checking '/home/sreeja/dev_ws/install/serial_motor_demo_msgs/lib'
[13.095s] Level 1:colcon.colcon_core.shell:create_environment_hook('serial_motor_demo_msgs', 'ld_library_path_lib')
[13.195s] INFO:colcon.colcon_core.shell:Creating environment hook '/home/sreeja/dev_ws/install/serial_motor_demo_msgs/share/serial_motor_demo_msgs/hook/ld_library_path_lib.ps1'
[13.195s] INFO:colcon.colcon_core.shell:Creating environment descriptor '/home/sreeja/dev_ws/install/serial_motor_demo_msgs/share/serial_motor_demo_msgs/hook/ld_library_path_lib.dsv'
[13.196s] INFO:colcon.colcon_core.shell:Creating environment hook '/home/sreeja/dev_ws/install/serial_motor_demo_msgs/share/serial_motor_demo_msgs/hook/ld_library_path_lib.sh'
[13.197s] Level 1:colcon.colcon_core.environment:checking '/home/sreeja/dev_ws/install/serial_motor_demo_msgs/bin'
[13.197s] Level 1:colcon.colcon_core.environment:checking '/home/sreeja/dev_ws/install/serial_motor_demo_msgs/lib/pkgconfig/serial_motor_demo_msgs.pc'
[13.198s] Level 1:colcon.colcon_core.environment:checking '/home/sreeja/dev_ws/install/serial_motor_demo_msgs/lib/python3.8/site-packages'
[13.198s] Level 1:colcon.colcon_core.shell:create_environment_hook('serial_motor_demo_msgs', 'pythonpath')
[13.303s] INFO:colcon.colcon_core.shell:Creating environment hook '/home/sreeja/dev_ws/install/serial_motor_demo_msgs/share/serial_motor_demo_msgs/hook/pythonpath.ps1'
[13.304s] INFO:colcon.colcon_core.shell:Creating environment descriptor '/home/sreeja/dev_ws/install/serial_motor_demo_msgs/share/serial_motor_demo_msgs/hook/pythonpath.dsv'
[13.304s] INFO:colcon.colcon_core.shell:Creating environment hook '/home/sreeja/dev_ws/install/serial_motor_demo_msgs/share/serial_motor_demo_msgs/hook/pythonpath.sh'
[13.305s] Level 1:colcon.colcon_core.environment:checking '/home/sreeja/dev_ws/install/serial_motor_demo_msgs/bin'
[13.450s] INFO:colcon.colcon_core.shell:Creating package script '/home/sreeja/dev_ws/install/serial_motor_demo_msgs/share/serial_motor_demo_msgs/package.ps1'
[13.451s] INFO:colcon.colcon_core.shell:Creating package descriptor '/home/sreeja/dev_ws/install/serial_motor_demo_msgs/share/serial_motor_demo_msgs/package.dsv'
[13.451s] INFO:colcon.colcon_core.shell:Creating package script '/home/sreeja/dev_ws/install/serial_motor_demo_msgs/share/serial_motor_demo_msgs/package.sh'
[13.452s] INFO:colcon.colcon_core.shell:Creating package script '/home/sreeja/dev_ws/install/serial_motor_demo_msgs/share/serial_motor_demo_msgs/package.bash'
[13.453s] INFO:colcon.colcon_core.shell:Creating package script '/home/sreeja/dev_ws/install/serial_motor_demo_msgs/share/serial_motor_demo_msgs/package.zsh'
[13.454s] Level 1:colcon.colcon_core.environment:create_file_with_runtime_dependencies(/home/sreeja/dev_ws/install/serial_motor_demo_msgs/share/colcon-core/packages/serial_motor_demo_msgs)
[13.455s] INFO:colcon.colcon_ros.task.ament_python.build:Building ROS package in '/home/sreeja/dev_ws/src/serial_motor_demo/serial_motor_demo' with build type 'ament_python'
[13.456s] Level 1:colcon.colcon_core.shell:create_environment_hook('serial_motor_demo', 'ament_prefix_path')
[13.584s] INFO:colcon.colcon_core.shell:Creating environment hook '/home/sreeja/dev_ws/install/serial_motor_demo/share/serial_motor_demo/hook/ament_prefix_path.ps1'
[13.585s] INFO:colcon.colcon_core.shell:Creating environment descriptor '/home/sreeja/dev_ws/install/serial_motor_demo/share/serial_motor_demo/hook/ament_prefix_path.dsv'
[13.586s] INFO:colcon.colcon_core.shell:Creating environment hook '/home/sreeja/dev_ws/install/serial_motor_demo/share/serial_motor_demo/hook/ament_prefix_path.sh'
[13.701s] INFO:colcon.colcon_core.shell:Skip shell extension 'powershell' for command environment: Not usable outside of PowerShell
[13.701s] DEBUG:colcon.colcon_core.shell:Skip shell extension 'dsv' for command environment
[13.906s] DEBUG:colcon.colcon_core.event_handler.log_command:Invoked command in '/home/sreeja/dev_ws/build/gazebo_ros2_control_demos' returned '0': AMENT_PREFIX_PATH=/home/sreeja/dev_ws/install/gazebo_ros2_control:${AMENT_PREFIX_PATH} CMAKE_PREFIX_PATH=/home/sreeja/dev_ws/install/gazebo_ros2_control:/opt/ros/foxy LD_LIBRARY_PATH=/home/sreeja/dev_ws/install/gazebo_ros2_control/lib:${LD_LIBRARY_PATH} /usr/bin/cmake --build /home/sreeja/dev_ws/build/gazebo_ros2_control_demos -- -j4 -l4
[14.201s] INFO:colcon.colcon_core.task.python.build:Building Python package in '/home/sreeja/dev_ws/src/serial_motor_demo/serial_motor_demo'
[14.322s] INFO:colcon.colcon_core.shell:Skip shell extension 'powershell' for command environment: Not usable outside of PowerShell
[14.322s] DEBUG:colcon.colcon_core.shell:Skip shell extension 'dsv' for command environment
[14.562s] DEBUG:colcon.colcon_core.event_handler.log_command:Invoking command in '/home/sreeja/dev_ws/build/gazebo_ros2_control_demos': AMENT_PREFIX_PATH=/home/sreeja/dev_ws/install/gazebo_ros2_control:${AMENT_PREFIX_PATH} CMAKE_PREFIX_PATH=/home/sreeja/dev_ws/install/gazebo_ros2_control:/opt/ros/foxy LD_LIBRARY_PATH=/home/sreeja/dev_ws/install/gazebo_ros2_control/lib:${LD_LIBRARY_PATH} /usr/bin/cmake --install /home/sreeja/dev_ws/build/gazebo_ros2_control_demos
[14.622s] Level 1:colcon.colcon_core.environment:create_environment_scripts_only(gazebo_ros2_control_demos)
[14.623s] DEBUG:colcon.colcon_core.event_handler.log_command:Invoked command in '/home/sreeja/dev_ws/build/gazebo_ros2_control_demos' returned '0': AMENT_PREFIX_PATH=/home/sreeja/dev_ws/install/gazebo_ros2_control:${AMENT_PREFIX_PATH} CMAKE_PREFIX_PATH=/home/sreeja/dev_ws/install/gazebo_ros2_control:/opt/ros/foxy LD_LIBRARY_PATH=/home/sreeja/dev_ws/install/gazebo_ros2_control/lib:${LD_LIBRARY_PATH} /usr/bin/cmake --install /home/sreeja/dev_ws/build/gazebo_ros2_control_demos
[14.763s] Level 1:colcon.colcon_core.environment:checking '/home/sreeja/dev_ws/install/gazebo_ros2_control_demos' for CMake module files
[14.764s] Level 1:colcon.colcon_core.environment:checking '/home/sreeja/dev_ws/install/gazebo_ros2_control_demos' for CMake config files
[14.765s] Level 1:colcon.colcon_core.shell:create_environment_hook('gazebo_ros2_control_demos', 'cmake_prefix_path')
[14.887s] INFO:colcon.colcon_core.shell:Creating environment hook '/home/sreeja/dev_ws/install/gazebo_ros2_control_demos/share/gazebo_ros2_control_demos/hook/cmake_prefix_path.ps1'
[14.888s] INFO:colcon.colcon_core.shell:Creating environment descriptor '/home/sreeja/dev_ws/install/gazebo_ros2_control_demos/share/gazebo_ros2_control_demos/hook/cmake_prefix_path.dsv'
[14.889s] INFO:colcon.colcon_core.shell:Creating environment hook '/home/sreeja/dev_ws/install/gazebo_ros2_control_demos/share/gazebo_ros2_control_demos/hook/cmake_prefix_path.sh'
[14.890s] Level 1:colcon.colcon_core.environment:checking '/home/sreeja/dev_ws/install/gazebo_ros2_control_demos/lib'
[14.891s] Level 1:colcon.colcon_core.environment:checking '/home/sreeja/dev_ws/install/gazebo_ros2_control_demos/bin'
[14.891s] Level 1:colcon.colcon_core.environment:checking '/home/sreeja/dev_ws/install/gazebo_ros2_control_demos/lib/pkgconfig/gazebo_ros2_control_demos.pc'
[14.892s] Level 1:colcon.colcon_core.environment:checking '/home/sreeja/dev_ws/install/gazebo_ros2_control_demos/lib/python3.8/site-packages'
[14.892s] Level 1:colcon.colcon_core.environment:checking '/home/sreeja/dev_ws/install/gazebo_ros2_control_demos/bin'
[15.012s] INFO:colcon.colcon_core.shell:Creating package script '/home/sreeja/dev_ws/install/gazebo_ros2_control_demos/share/gazebo_ros2_control_demos/package.ps1'
[15.014s] INFO:colcon.colcon_core.shell:Creating package descriptor '/home/sreeja/dev_ws/install/gazebo_ros2_control_demos/share/gazebo_ros2_control_demos/package.dsv'
[15.015s] INFO:colcon.colcon_core.shell:Creating package script '/home/sreeja/dev_ws/install/gazebo_ros2_control_demos/share/gazebo_ros2_control_demos/package.sh'
[15.016s] INFO:colcon.colcon_core.shell:Creating package script '/home/sreeja/dev_ws/install/gazebo_ros2_control_demos/share/gazebo_ros2_control_demos/package.bash'
[15.017s] INFO:colcon.colcon_core.shell:Creating package script '/home/sreeja/dev_ws/install/gazebo_ros2_control_demos/share/gazebo_ros2_control_demos/package.zsh'
[15.018s] Level 1:colcon.colcon_core.environment:create_file_with_runtime_dependencies(/home/sreeja/dev_ws/install/gazebo_ros2_control_demos/share/colcon-core/packages/gazebo_ros2_control_demos)
[15.186s] Level 1:colcon.colcon_core.environment:create_environment_scripts_only(gazebo_ros2_control_demos)
[15.292s] Level 1:colcon.colcon_core.environment:checking '/home/sreeja/dev_ws/install/gazebo_ros2_control_demos' for CMake module files
[15.293s] Level 1:colcon.colcon_core.environment:checking '/home/sreeja/dev_ws/install/gazebo_ros2_control_demos' for CMake config files
[15.293s] Level 1:colcon.colcon_core.shell:create_environment_hook('gazebo_ros2_control_demos', 'cmake_prefix_path')
[15.398s] INFO:colcon.colcon_core.shell:Creating environment hook '/home/sreeja/dev_ws/install/gazebo_ros2_control_demos/share/gazebo_ros2_control_demos/hook/cmake_prefix_path.ps1'
[15.399s] INFO:colcon.colcon_core.shell:Creating environment descriptor '/home/sreeja/dev_ws/install/gazebo_ros2_control_demos/share/gazebo_ros2_control_demos/hook/cmake_prefix_path.dsv'
[15.400s] INFO:colcon.colcon_core.shell:Creating environment hook '/home/sreeja/dev_ws/install/gazebo_ros2_control_demos/share/gazebo_ros2_control_demos/hook/cmake_prefix_path.sh'
[15.401s] Level 1:colcon.colcon_core.environment:checking '/home/sreeja/dev_ws/install/gazebo_ros2_control_demos/lib'
[15.401s] Level 1:colcon.colcon_core.environment:checking '/home/sreeja/dev_ws/install/gazebo_ros2_control_demos/bin'
[15.402s] Level 1:colcon.colcon_core.environment:checking '/home/sreeja/dev_ws/install/gazebo_ros2_control_demos/lib/pkgconfig/gazebo_ros2_control_demos.pc'
[15.402s] Level 1:colcon.colcon_core.environment:checking '/home/sreeja/dev_ws/install/gazebo_ros2_control_demos/lib/python3.8/site-packages'
[15.402s] Level 1:colcon.colcon_core.environment:checking '/home/sreeja/dev_ws/install/gazebo_ros2_control_demos/bin'
[15.509s] INFO:colcon.colcon_core.shell:Creating package script '/home/sreeja/dev_ws/install/gazebo_ros2_control_demos/share/gazebo_ros2_control_demos/package.ps1'
[15.511s] INFO:colcon.colcon_core.shell:Creating package descriptor '/home/sreeja/dev_ws/install/gazebo_ros2_control_demos/share/gazebo_ros2_control_demos/package.dsv'
[15.512s] INFO:colcon.colcon_core.shell:Creating package script '/home/sreeja/dev_ws/install/gazebo_ros2_control_demos/share/gazebo_ros2_control_demos/package.sh'
[15.513s] INFO:colcon.colcon_core.shell:Creating package script '/home/sreeja/dev_ws/install/gazebo_ros2_control_demos/share/gazebo_ros2_control_demos/package.bash'
[15.514s] INFO:colcon.colcon_core.shell:Creating package script '/home/sreeja/dev_ws/install/gazebo_ros2_control_demos/share/gazebo_ros2_control_demos/package.zsh'
[15.515s] Level 1:colcon.colcon_core.environment:create_file_with_runtime_dependencies(/home/sreeja/dev_ws/install/gazebo_ros2_control_demos/share/colcon-core/packages/gazebo_ros2_control_demos)
[15.523s] DEBUG:colcon.colcon_core.event_handler.log_command:Invoking command in '/home/sreeja/dev_ws/build/serial_motor_demo': AMENT_PREFIX_PATH=/home/sreeja/dev_ws/install/serial_motor_demo_msgs:${AMENT_PREFIX_PATH} CMAKE_PREFIX_PATH=/home/sreeja/dev_ws/install/serial_motor_demo_msgs LD_LIBRARY_PATH=/home/sreeja/dev_ws/install/serial_motor_demo_msgs/lib:${LD_LIBRARY_PATH} PYTHONPATH=/home/sreeja/dev_ws/build/serial_motor_demo/prefix_override:/home/sreeja/dev_ws/install/serial_motor_demo/lib/python3.8/site-packages:/home/sreeja/dev_ws/install/serial_motor_demo_msgs/lib/python3.8/site-packages:${PYTHONPATH} /usr/bin/python3 setup.py develop --editable --build-directory /home/sreeja/dev_ws/build/serial_motor_demo/build --no-deps install_data
[16.048s] Level 1:colcon.colcon_core.shell:create_environment_hook('serial_motor_demo', 'pythonpath_develop')
[16.049s] DEBUG:colcon.colcon_core.event_handler.log_command:Invoked command in '/home/sreeja/dev_ws/build/serial_motor_demo' returned '0': AMENT_PREFIX_PATH=/home/sreeja/dev_ws/install/serial_motor_demo_msgs:${AMENT_PREFIX_PATH} CMAKE_PREFIX_PATH=/home/sreeja/dev_ws/install/serial_motor_demo_msgs LD_LIBRARY_PATH=/home/sreeja/dev_ws/install/serial_motor_demo_msgs/lib:${LD_LIBRARY_PATH} PYTHONPATH=/home/sreeja/dev_ws/build/serial_motor_demo/prefix_override:/home/sreeja/dev_ws/install/serial_motor_demo/lib/python3.8/site-packages:/home/sreeja/dev_ws/install/serial_motor_demo_msgs/lib/python3.8/site-packages:${PYTHONPATH} /usr/bin/python3 setup.py develop --editable --build-directory /home/sreeja/dev_ws/build/serial_motor_demo/build --no-deps install_data
[16.152s] INFO:colcon.colcon_core.shell:Creating environment hook '/home/sreeja/dev_ws/build/serial_motor_demo/share/serial_motor_demo/hook/pythonpath_develop.ps1'
[16.154s] INFO:colcon.colcon_core.shell:Creating environment descriptor '/home/sreeja/dev_ws/build/serial_motor_demo/share/serial_motor_demo/hook/pythonpath_develop.dsv'
[16.154s] INFO:colcon.colcon_core.shell:Creating environment hook '/home/sreeja/dev_ws/build/serial_motor_demo/share/serial_motor_demo/hook/pythonpath_develop.sh'
[16.284s] Level 1:colcon.colcon_core.environment:checking '/home/sreeja/dev_ws/install/serial_motor_demo' for CMake module files
[16.284s] Level 1:colcon.colcon_core.environment:checking '/home/sreeja/dev_ws/install/serial_motor_demo' for CMake config files
[16.285s] Level 1:colcon.colcon_core.environment:checking '/home/sreeja/dev_ws/install/serial_motor_demo/lib'
[16.285s] Level 1:colcon.colcon_core.environment:checking '/home/sreeja/dev_ws/install/serial_motor_demo/bin'
[16.285s] Level 1:colcon.colcon_core.environment:checking '/home/sreeja/dev_ws/install/serial_motor_demo/lib/pkgconfig/serial_motor_demo.pc'
[16.286s] Level 1:colcon.colcon_core.environment:checking '/home/sreeja/dev_ws/install/serial_motor_demo/lib/python3.8/site-packages'
[16.286s] Level 1:colcon.colcon_core.shell:create_environment_hook('serial_motor_demo', 'pythonpath')
[16.397s] INFO:colcon.colcon_core.shell:Creating environment hook '/home/sreeja/dev_ws/install/serial_motor_demo/share/serial_motor_demo/hook/pythonpath.ps1'
[16.398s] INFO:colcon.colcon_core.shell:Creating environment descriptor '/home/sreeja/dev_ws/install/serial_motor_demo/share/serial_motor_demo/hook/pythonpath.dsv'
[16.399s] INFO:colcon.colcon_core.shell:Creating environment hook '/home/sreeja/dev_ws/install/serial_motor_demo/share/serial_motor_demo/hook/pythonpath.sh'
[16.399s] Level 1:colcon.colcon_core.environment:checking '/home/sreeja/dev_ws/install/serial_motor_demo/bin'
[16.400s] Level 1:colcon.colcon_core.environment:create_environment_scripts_only(serial_motor_demo)
[16.505s] INFO:colcon.colcon_core.shell:Creating package script '/home/sreeja/dev_ws/install/serial_motor_demo/share/serial_motor_demo/package.ps1'
[16.506s] INFO:colcon.colcon_core.shell:Creating package descriptor '/home/sreeja/dev_ws/install/serial_motor_demo/share/serial_motor_demo/package.dsv'
[16.507s] INFO:colcon.colcon_core.shell:Creating package script '/home/sreeja/dev_ws/install/serial_motor_demo/share/serial_motor_demo/package.sh'
[16.508s] INFO:colcon.colcon_core.shell:Creating package script '/home/sreeja/dev_ws/install/serial_motor_demo/share/serial_motor_demo/package.bash'
[16.508s] INFO:colcon.colcon_core.shell:Creating package script '/home/sreeja/dev_ws/install/serial_motor_demo/share/serial_motor_demo/package.zsh'
[16.509s] Level 1:colcon.colcon_core.environment:create_file_with_runtime_dependencies(/home/sreeja/dev_ws/install/serial_motor_demo/share/colcon-core/packages/serial_motor_demo)
[16.509s] DEBUG:colcon.colcon_parallel_executor.executor.parallel:closing loop
[16.511s] DEBUG:colcon.colcon_parallel_executor.executor.parallel:loop closed
[16.511s] DEBUG:colcon.colcon_parallel_executor.executor.parallel:run_until_complete finished with '0'
[16.511s] DEBUG:colcon.colcon_core.event_reactor:joining thread
[16.631s] INFO:colcon.colcon_core.plugin_system:Skipping extension 'colcon_notification.desktop_notification.terminal_notifier': Not used on non-Darwin systems
[16.631s] INFO:colcon.colcon_core.plugin_system:Skipping extension 'colcon_notification.desktop_notification.win32': Not used on non-Windows systems
[16.631s] INFO:colcon.colcon_notification.desktop_notification:Sending desktop notification using 'notify2'
[16.657s] DEBUG:colcon.colcon_core.event_reactor:joined thread
[16.803s] INFO:colcon.colcon_core.shell:Creating prefix script '/home/sreeja/dev_ws/install/local_setup.ps1'
[16.805s] INFO:colcon.colcon_core.shell:Creating prefix util module '/home/sreeja/dev_ws/install/_local_setup_util_ps1.py'
[16.807s] INFO:colcon.colcon_core.shell:Creating prefix chain script '/home/sreeja/dev_ws/install/setup.ps1'
[16.935s] INFO:colcon.colcon_core.shell:Creating prefix script '/home/sreeja/dev_ws/install/local_setup.sh'
[16.936s] INFO:colcon.colcon_core.shell:Creating prefix util module '/home/sreeja/dev_ws/install/_local_setup_util_sh.py'
[16.936s] INFO:colcon.colcon_core.shell:Creating prefix chain script '/home/sreeja/dev_ws/install/setup.sh'
[17.092s] INFO:colcon.colcon_core.shell:Creating prefix script '/home/sreeja/dev_ws/install/local_setup.bash'
[17.094s] INFO:colcon.colcon_core.shell:Creating prefix chain script '/home/sreeja/dev_ws/install/setup.bash'
[17.259s] INFO:colcon.colcon_core.shell:Creating prefix script '/home/sreeja/dev_ws/install/local_setup.zsh'
[17.260s] INFO:colcon.colcon_core.shell:Creating prefix chain script '/home/sreeja/dev_ws/install/setup.zsh'
