[0.268s] Invoking command in '/home/sreeja/dev_ws/build/web_video_server': CMAKE_PREFIX_PATH=/opt/ros/foxy /usr/bin/cmake --build /home/sreeja/dev_ws/build/web_video_server -- -j4 -l4
[0.361s] [100%] Built target web_video_server
[0.396s] Invoked command in '/home/sreeja/dev_ws/build/web_video_server' returned '0': CMAKE_PREFIX_PATH=/opt/ros/foxy /usr/bin/cmake --build /home/sreeja/dev_ws/build/web_video_server -- -j4 -l4
[1.036s] Invoking command in '/home/sreeja/dev_ws/build/web_video_server': CMAKE_PREFIX_PATH=/opt/ros/foxy /usr/bin/cmake --install /home/sreeja/dev_ws/build/web_video_server
[1.049s] -- Install configuration: ""
[1.050s] -- Execute custom install script
[1.052s] -- Up-to-date symlink: /home/sreeja/dev_ws/install/web_video_server/lib/web_video_server/web_video_server
[1.059s] -- Up-to-date symlink: /home/sreeja/dev_ws/install/web_video_server/share/ament_index/resource_index/package_run_dependencies/web_video_server
[1.064s] -- Up-to-date symlink: /home/sreeja/dev_ws/install/web_video_server/share/ament_index/resource_index/parent_prefix_path/web_video_server
[1.065s] -- Up-to-date symlink: /home/sreeja/dev_ws/install/web_video_server/share/web_video_server/environment/ament_prefix_path.sh
[1.067s] -- Up-to-date symlink: /home/sreeja/dev_ws/install/web_video_server/share/web_video_server/environment/ament_prefix_path.dsv
[1.068s] -- Up-to-date symlink: /home/sreeja/dev_ws/install/web_video_server/share/web_video_server/environment/path.sh
[1.068s] -- Up-to-date symlink: /home/sreeja/dev_ws/install/web_video_server/share/web_video_server/environment/path.dsv
[1.069s] -- Up-to-date symlink: /home/sreeja/dev_ws/install/web_video_server/share/web_video_server/local_setup.bash
[1.070s] -- Up-to-date symlink: /home/sreeja/dev_ws/install/web_video_server/share/web_video_server/local_setup.sh
[1.073s] -- Up-to-date symlink: /home/sreeja/dev_ws/install/web_video_server/share/web_video_server/local_setup.zsh
[1.075s] -- Up-to-date symlink: /home/sreeja/dev_ws/install/web_video_server/share/web_video_server/local_setup.dsv
[1.077s] -- Symlinking: /home/sreeja/dev_ws/install/web_video_server/share/web_video_server/package.dsv
[1.079s] -- Up-to-date symlink: /home/sreeja/dev_ws/install/web_video_server/share/ament_index/resource_index/packages/web_video_server
[1.080s] -- Up-to-date symlink: /home/sreeja/dev_ws/install/web_video_server/share/web_video_server/cmake/web_video_serverConfig.cmake
[1.083s] -- Up-to-date symlink: /home/sreeja/dev_ws/install/web_video_server/share/web_video_server/cmake/web_video_serverConfig-version.cmake
[1.085s] -- Up-to-date symlink: /home/sreeja/dev_ws/install/web_video_server/share/web_video_server/package.xml
[1.086s] -- Up-to-date: /home/sreeja/dev_ws/install/web_video_server/include/web_video_server
[1.090s] -- Up-to-date: /home/sreeja/dev_ws/install/web_video_server/include/web_video_server/libav_streamer.h
[1.093s] -- Up-to-date: /home/sreeja/dev_ws/install/web_video_server/include/web_video_server/vp9_streamer.h
[1.095s] -- Up-to-date: /home/sreeja/dev_ws/install/web_video_server/include/web_video_server/vp8_streamer.h
[1.096s] -- Up-to-date: /home/sreeja/dev_ws/install/web_video_server/include/web_video_server/jpeg_streamers.h
[1.098s] -- Up-to-date: /home/sreeja/dev_ws/install/web_video_server/include/web_video_server/web_video_server.h
[1.100s] -- Up-to-date: /home/sreeja/dev_ws/install/web_video_server/include/web_video_server/image_streamer.h
[1.102s] -- Up-to-date: /home/sreeja/dev_ws/install/web_video_server/include/web_video_server/png_streamers.h
[1.106s] -- Up-to-date: /home/sreeja/dev_ws/install/web_video_server/include/web_video_server/h264_streamer.h
[1.108s] -- Up-to-date: /home/sreeja/dev_ws/install/web_video_server/include/web_video_server/ros_compressed_streamer.h
[1.109s] -- Up-to-date: /home/sreeja/dev_ws/install/web_video_server/include/web_video_server/multipart_stream.h
[2.016s] Invoked command in '/home/sreeja/dev_ws/build/web_video_server' returned '0': CMAKE_PREFIX_PATH=/opt/ros/foxy /usr/bin/cmake --install /home/sreeja/dev_ws/build/web_video_server
